[0.039s] Invoking command in '/ros2_ws/build/luna_control': CMAKE_PREFIX_PATH=${CMAKE_PREFIX_PATH}:/ros2_ws/install/twist_stamper:/ros2_ws/install/teleop_twist_keyboard:/opt/ros/jazzy /usr/bin/cmake --build /ros2_ws/build/luna_control -- -j4 -l4
[0.211s] [ 33%] Built target luna_controller_parameters
[0.306s] [ 50%] [32mBuilding CXX object CMakeFiles/luna_control.dir/src/LunaController.cpp.o[0m
[1.738s] In file included from [01m[K/ros2_ws/src/luna_control/include/luna_control/LunaController.hpp:42[m[K,
[1.739s]                  from [01m[K/ros2_ws/src/luna_control/src/LunaController.cpp:31[m[K:
[1.740s] [01m[K/opt/ros/jazzy/include/realtime_tools/realtime_tools/realtime_box.h:25:2:[m[K [01;35m[Kwarning: [m[K#warning "This header include is deprecated. Please update your code to use 'realtime_box.hpp' header." [[01;35m[K-Wcpp[m[K]
[1.741s]    25 | #[01;35m[Kwarning[m[K \
[1.741s]       |  [01;35m[K^~~~~~~[m[K
[1.742s] In file included from [01m[K/ros2_ws/src/luna_control/include/luna_control/LunaController.hpp:43[m[K:
[1.743s] [01m[K/opt/ros/jazzy/include/realtime_tools/realtime_tools/realtime_publisher.h:25:2:[m[K [01;35m[Kwarning: [m[K#warning "This header include is deprecated. Please update your code to use 'realtime_publisher.hpp' header." [[01;35m[K-Wcpp[m[K]
[1.746s]    25 | #[01;35m[Kwarning[m[K \
[1.747s]       |  [01;35m[K^~~~~~~[m[K
[5.491s] In file included from [01m[K/opt/ros/jazzy/include/realtime_tools/realtime_tools/realtime_box.h:18[m[K:
[5.491s] [01m[K/opt/ros/jazzy/include/realtime_tools/realtime_tools/realtime_box.hpp:40:151:[m[K [01;36m[Knote: [m[K‘[01m[K#pragma message: 'RealtimeBox' is deprecated. Please update your code to use 'realtime_thread_safe_box.hpp' header, and class name 'RealtimeThreadSafeBox' instead.[m[K’
[5.491s]    40 | pp' header, and class name 'RealtimeThreadSafeBox' instead."[01;36m[K)[m[K  //NOLINT
[5.491s]       |                                                             [01;36m[K^[m[K
[5.491s] 
[5.505s] In file included from [01m[K/ros2_ws/src/luna_control/include/luna_control/LunaController.hpp:47[m[K:
[5.505s] [01m[K/ros2_ws/build/luna_control/include/luna_controller_parameters.hpp:1:145:[m[K [01;36m[Knote: [m[K‘[01m[K#pragma message: #include "luna_controller_parameters.hpp" is deprecated. Use #include <luna_control/luna_controller_parameters.hpp> instead.[m[K’
[5.506s]     1 | . Use #include <luna_control/luna_controller_parameters.hpp> instead."[01;36m[K)[m[K
[5.506s]       |                                                                       [01;36m[K^[m[K
[5.506s] 
[5.830s] [01m[K/ros2_ws/src/luna_control/src/LunaController.cpp:[m[K In member function ‘[01m[Kvirtual controller_interface::return_type luna_controller::LunaController::[01;32m[Kupdate[m[K(const rclcpp::Time&, const rclcpp::Duration&)[m[K’:
[5.830s] [01m[K/ros2_ws/src/luna_control/src/LunaController.cpp:182:35:[m[K [01;35m[Kwarning: [m[K‘[01m[Kstd::enable_if_t<is_ptr_or_smart_ptr<U>, void> realtime_tools::RealtimeThreadSafeBox<T, mutex_type>::[01;32m[Kget[m[K(T&) const [35m[K[with U = std::shared_ptr<geometry_msgs::msg::TwistStamped_<std::allocator<void> > >; T = std::shared_ptr<geometry_msgs::msg::TwistStamped_<std::allocator<void> > >; mutex_type = std::mutex; std::enable_if_t<is_ptr_or_smart_ptr<U>, void> = void][m[K[m[K’ is deprecated: Use get(const std::function<void(const T &)> & func) instead! [[01;35m[K-Wdeprecated-declarations[m[K]
[5.831s]   182 |     [01;35m[Kreceived_velocity_msg_ptr_.get(last_command_msg)[m[K;
[5.831s]       |     [01;35m[K~~~~~~~~~~~~~~~~~~~~~~~~~~~~~~^~~~~~~~~~~~~~~~~~[m[K
[5.831s] In file included from [01m[K/opt/ros/jazzy/include/realtime_tools/realtime_tools/realtime_box.hpp:36[m[K:
[5.831s] [01m[K/opt/ros/jazzy/include/realtime_tools/realtime_tools/realtime_thread_safe_box.hpp:353:59:[m[K [01;36m[Knote: [m[Kdeclared here
[5.831s]   353 |   typename std::enable_if_t<is_ptr_or_smart_ptr<U>, void> [01;36m[Kget[m[K(T & in) const
[5.831s]       |                                                           [01;36m[K^~~[m[K
[5.832s] [01m[K/ros2_ws/src/luna_control/src/LunaController.cpp:232:116:[m[K [01;35m[Kwarning: [m[K‘[01m[Kdouble hardware_interface::LoanedStateInterface::[01;32m[Kget_value[m[K() const[m[K’ is deprecated: Use std::optional<T> get_optional() instead to retrieve the value. This method will be removed by the ROS 2 Kilted Kaiju release. [[01;35m[K-Wdeprecated-declarations[m[K]
[5.832s]   232 |  [01;35m[Kregistered_left_back_wheel_handles_[index].feedback.get().get_value()[m[K;
[5.832s]       |  [01;35m[K~~~~~~~~~~~~~~~~~~~~~~~~~~~~~~~~~~~~~~~~~~~~~~~~~~~~~~~~~~~~~~~~~~~^~[m[K
[5.833s] 
[5.833s] In file included from [01m[K/opt/ros/jazzy/include/controller_interface/controller_interface/controller_interface_base.hpp:30[m[K,
[5.833s]                  from [01m[K/opt/ros/jazzy/include/controller_interface/controller_interface/controller_interface.hpp:21[m[K,
[5.833s]                  from [01m[K/ros2_ws/src/luna_control/include/luna_control/LunaController.hpp:35[m[K:
[5.833s] [01m[K/opt/ros/jazzy/include/hardware_interface/hardware_interface/loaned_state_interface.hpp:94:10:[m[K [01;36m[Knote: [m[Kdeclared here
[5.833s]    94 |   double [01;36m[Kget_value[m[K() const
[5.834s]       |          [01;36m[K^~~~~~~~~[m[K
[5.834s] [01m[K/ros2_ws/src/luna_control/src/LunaController.cpp:233:118:[m[K [01;35m[Kwarning: [m[K‘[01m[Kdouble hardware_interface::LoanedStateInterface::[01;32m[Kget_value[m[K() const[m[K’ is deprecated: Use std::optional<T> get_optional() instead to retrieve the value. This method will be removed by the ROS 2 Kilted Kaiju release. [[01;35m[K-Wdeprecated-declarations[m[K]
[5.834s]   233 | [01;35m[Kregistered_left_front_wheel_handles_[index].feedback.get().get_value()[m[K;
[5.834s]       | [01;35m[K~~~~~~~~~~~~~~~~~~~~~~~~~~~~~~~~~~~~~~~~~~~~~~~~~~~~~~~~~~~~~~~~~~~~^~[m[K
[5.834s] 
[5.834s] [01m[K/opt/ros/jazzy/include/hardware_interface/hardware_interface/loaned_state_interface.hpp:94:10:[m[K [01;36m[Knote: [m[Kdeclared here
[5.834s]    94 |   double [01;36m[Kget_value[m[K() const
[5.835s]       |          [01;36m[K^~~~~~~~~[m[K
[5.835s] [01m[K/ros2_ws/src/luna_control/src/LunaController.cpp:234:118:[m[K [01;35m[Kwarning: [m[K‘[01m[Kdouble hardware_interface::LoanedStateInterface::[01;32m[Kget_value[m[K() const[m[K’ is deprecated: Use std::optional<T> get_optional() instead to retrieve the value. This method will be removed by the ROS 2 Kilted Kaiju release. [[01;35m[K-Wdeprecated-declarations[m[K]
[5.835s]   234 | [01;35m[Kregistered_right_back_wheel_handles_[index].feedback.get().get_value()[m[K;
[5.835s]       | [01;35m[K~~~~~~~~~~~~~~~~~~~~~~~~~~~~~~~~~~~~~~~~~~~~~~~~~~~~~~~~~~~~~~~~~~~~^~[m[K
[5.835s] 
[5.835s] [01m[K/opt/ros/jazzy/include/hardware_interface/hardware_interface/loaned_state_interface.hpp:94:10:[m[K [01;36m[Knote: [m[Kdeclared here
[5.835s]    94 |   double [01;36m[Kget_value[m[K() const
[5.835s]       |          [01;36m[K^~~~~~~~~[m[K
[5.836s] [01m[K/ros2_ws/src/luna_control/src/LunaController.cpp:235:120:[m[K [01;35m[Kwarning: [m[K‘[01m[Kdouble hardware_interface::LoanedStateInterface::[01;32m[Kget_value[m[K() const[m[K’ is deprecated: Use std::optional<T> get_optional() instead to retrieve the value. This method will be removed by the ROS 2 Kilted Kaiju release. [[01;35m[K-Wdeprecated-declarations[m[K]
[5.836s]   235 | [01;35m[Kegistered_right_front_wheel_handles_[index].feedback.get().get_value()[m[K;
[5.836s]       | [01;35m[K~~~~~~~~~~~~~~~~~~~~~~~~~~~~~~~~~~~~~~~~~~~~~~~~~~~~~~~~~~~~~~~~~~~~^~[m[K
[5.836s] 
[5.836s] [01m[K/opt/ros/jazzy/include/hardware_interface/hardware_interface/loaned_state_interface.hpp:94:10:[m[K [01;36m[Knote: [m[Kdeclared here
[5.836s]    94 |   double [01;36m[Kget_value[m[K() const
[5.836s]       |          [01;36m[K^~~~~~~~~[m[K
[5.837s] [01m[K/ros2_ws/src/luna_control/src/LunaController.cpp:245:112:[m[K [01;35m[Kwarning: [m[K‘[01m[Kdouble hardware_interface::LoanedStateInterface::[01;32m[Kget_value[m[K() const[m[K’ is deprecated: Use std::optional<T> get_optional() instead to retrieve the value. This method will be removed by the ROS 2 Kilted Kaiju release. [[01;35m[K-Wdeprecated-declarations[m[K]
[5.837s]   245 |  = [01;35m[Kregistered_left_back_pod_handles_[index].feedback.get().get_value()[m[K;
[5.837s]       |    [01;35m[K~~~~~~~~~~~~~~~~~~~~~~~~~~~~~~~~~~~~~~~~~~~~~~~~~~~~~~~~~~~~~~~~~^~[m[K
[5.837s] 
[5.837s] [01m[K/opt/ros/jazzy/include/hardware_interface/hardware_interface/loaned_state_interface.hpp:94:10:[m[K [01;36m[Knote: [m[Kdeclared here
[5.837s]    94 |   double [01;36m[Kget_value[m[K() const
[5.837s]       |          [01;36m[K^~~~~~~~~[m[K
[5.837s] [01m[K/ros2_ws/src/luna_control/src/LunaController.cpp:246:114:[m[K [01;35m[Kwarning: [m[K‘[01m[Kdouble hardware_interface::LoanedStateInterface::[01;32m[Kget_value[m[K() const[m[K’ is deprecated: Use std::optional<T> get_optional() instead to retrieve the value. This method will be removed by the ROS 2 Kilted Kaiju release. [[01;35m[K-Wdeprecated-declarations[m[K]
[5.838s]   246 | = [01;35m[Kregistered_left_front_pod_handles_[index].feedback.get().get_value()[m[K;
[5.838s]       |   [01;35m[K~~~~~~~~~~~~~~~~~~~~~~~~~~~~~~~~~~~~~~~~~~~~~~~~~~~~~~~~~~~~~~~~~~^~[m[K
[5.838s] 
[5.838s] [01m[K/opt/ros/jazzy/include/hardware_interface/hardware_interface/loaned_state_interface.hpp:94:10:[m[K [01;36m[Knote: [m[Kdeclared here
[5.838s]    94 |   double [01;36m[Kget_value[m[K() const
[5.838s]       |          [01;36m[K^~~~~~~~~[m[K
[5.838s] [01m[K/ros2_ws/src/luna_control/src/LunaController.cpp:247:114:[m[K [01;35m[Kwarning: [m[K‘[01m[Kdouble hardware_interface::LoanedStateInterface::[01;32m[Kget_value[m[K() const[m[K’ is deprecated: Use std::optional<T> get_optional() instead to retrieve the value. This method will be removed by the ROS 2 Kilted Kaiju release. [[01;35m[K-Wdeprecated-declarations[m[K]
[5.839s]   247 | = [01;35m[Kregistered_right_back_pod_handles_[index].feedback.get().get_value()[m[K;
[5.839s]       |   [01;35m[K~~~~~~~~~~~~~~~~~~~~~~~~~~~~~~~~~~~~~~~~~~~~~~~~~~~~~~~~~~~~~~~~~~^~[m[K
[5.839s] 
[5.839s] [01m[K/opt/ros/jazzy/include/hardware_interface/hardware_interface/loaned_state_interface.hpp:94:10:[m[K [01;36m[Knote: [m[Kdeclared here
[5.839s]    94 |   double [01;36m[Kget_value[m[K() const
[5.839s]       |          [01;36m[K^~~~~~~~~[m[K
[5.839s] [01m[K/ros2_ws/src/luna_control/src/LunaController.cpp:248:116:[m[K [01;35m[Kwarning: [m[K‘[01m[Kdouble hardware_interface::LoanedStateInterface::[01;32m[Kget_value[m[K() const[m[K’ is deprecated: Use std::optional<T> get_optional() instead to retrieve the value. This method will be removed by the ROS 2 Kilted Kaiju release. [[01;35m[K-Wdeprecated-declarations[m[K]
[5.839s]   248 |  [01;35m[Kregistered_right_front_pod_handles_[index].feedback.get().get_value()[m[K;
[5.840s]       |  [01;35m[K~~~~~~~~~~~~~~~~~~~~~~~~~~~~~~~~~~~~~~~~~~~~~~~~~~~~~~~~~~~~~~~~~~~^~[m[K
[5.840s] 
[5.840s] [01m[K/opt/ros/jazzy/include/hardware_interface/hardware_interface/loaned_state_interface.hpp:94:10:[m[K [01;36m[Knote: [m[Kdeclared here
[5.840s]    94 |   double [01;36m[Kget_value[m[K() const
[5.840s]       |          [01;36m[K^~~~~~~~~[m[K
[5.847s] [01m[K/ros2_ws/src/luna_control/src/LunaController.cpp:439:76:[m[K [01;35m[Kwarning: [m[Kignoring return value of ‘[01m[Kbool hardware_interface::LoanedCommandInterface::[01;32m[Kset_value[m[K(const T&, unsigned int) [35m[K[with T = double][m[K[m[K’, declared with attribute ‘[01m[Knodiscard[m[K’ [[01;35m[K-Wunused-result[m[K]
[5.848s]   439 | [01;35m[Kred_left_back_wheel_handles_[index].velocity.get().set_value(left_back_wheel_velocity)[m[K;
[5.848s]       | [01;35m[K~~~~~~~~~~~~~~~~~~~~~~~~~~~~~~~~~~~~~~~~~~~~~~~~~~~~~~~~~~~~^~~~~~~~~~~~~~~~~~~~~~~~~~[m[K
[5.848s] 
[5.849s] In file included from [01m[K/opt/ros/jazzy/include/controller_interface/controller_interface/controller_interface_base.hpp:29[m[K:
[5.849s] [01m[K/opt/ros/jazzy/include/hardware_interface/hardware_interface/loaned_command_interface.hpp:113:22:[m[K [01;36m[Knote: [m[Kdeclared here
[5.849s]   113 |   [[nodiscard]] bool [01;36m[Kset_value[m[K(const T & value, unsigned int max_tries = 10)
[5.849s]       |                      [01;36m[K^~~~~~~~~[m[K
[5.849s] [01m[K/ros2_ws/src/luna_control/src/LunaController.cpp:440:77:[m[K [01;35m[Kwarning: [m[Kignoring return value of ‘[01m[Kbool hardware_interface::LoanedCommandInterface::[01;32m[Kset_value[m[K(const T&, unsigned int) [35m[K[with T = double][m[K[m[K’, declared with attribute ‘[01m[Knodiscard[m[K’ [[01;35m[K-Wunused-result[m[K]
[5.849s]   440 | [01;35m[Ked_left_front_wheel_handles_[index].velocity.get().set_value(left_front_wheel_velocity)[m[K;
[5.849s]       | [01;35m[K~~~~~~~~~~~~~~~~~~~~~~~~~~~~~~~~~~~~~~~~~~~~~~~~~~~~~~~~~~~~^~~~~~~~~~~~~~~~~~~~~~~~~~~[m[K
[5.849s] 
[5.850s] [01m[K/opt/ros/jazzy/include/hardware_interface/hardware_interface/loaned_command_interface.hpp:113:22:[m[K [01;36m[Knote: [m[Kdeclared here
[5.850s]   113 |   [[nodiscard]] bool [01;36m[Kset_value[m[K(const T & value, unsigned int max_tries = 10)
[5.850s]       |                      [01;36m[K^~~~~~~~~[m[K
[5.850s] [01m[K/ros2_ws/src/luna_control/src/LunaController.cpp:441:77:[m[K [01;35m[Kwarning: [m[Kignoring return value of ‘[01m[Kbool hardware_interface::LoanedCommandInterface::[01;32m[Kset_value[m[K(const T&, unsigned int) [35m[K[with T = double][m[K[m[K’, declared with attribute ‘[01m[Knodiscard[m[K’ [[01;35m[K-Wunused-result[m[K]
[5.850s]   441 | [01;35m[Ked_right_back_wheel_handles_[index].velocity.get().set_value(right_back_wheel_velocity)[m[K;
[5.850s]       | [01;35m[K~~~~~~~~~~~~~~~~~~~~~~~~~~~~~~~~~~~~~~~~~~~~~~~~~~~~~~~~~~~~^~~~~~~~~~~~~~~~~~~~~~~~~~~[m[K
[5.850s] 
[5.851s] [01m[K/opt/ros/jazzy/include/hardware_interface/hardware_interface/loaned_command_interface.hpp:113:22:[m[K [01;36m[Knote: [m[Kdeclared here
[5.851s]   113 |   [[nodiscard]] bool [01;36m[Kset_value[m[K(const T & value, unsigned int max_tries = 10)
[5.851s]       |                      [01;36m[K^~~~~~~~~[m[K
[5.851s] [01m[K/ros2_ws/src/luna_control/src/LunaController.cpp:442:78:[m[K [01;35m[Kwarning: [m[Kignoring return value of ‘[01m[Kbool hardware_interface::LoanedCommandInterface::[01;32m[Kset_value[m[K(const T&, unsigned int) [35m[K[with T = double][m[K[m[K’, declared with attribute ‘[01m[Knodiscard[m[K’ [[01;35m[K-Wunused-result[m[K]
[5.851s]   442 | [01;35m[Kd_right_front_wheel_handles_[index].velocity.get().set_value(right_front_wheel_velocity)[m[K;
[5.851s]       | [01;35m[K~~~~~~~~~~~~~~~~~~~~~~~~~~~~~~~~~~~~~~~~~~~~~~~~~~~~~~~~~~~~^~~~~~~~~~~~~~~~~~~~~~~~~~~~[m[K
[5.851s] 
[5.852s] [01m[K/opt/ros/jazzy/include/hardware_interface/hardware_interface/loaned_command_interface.hpp:113:22:[m[K [01;36m[Knote: [m[Kdeclared here
[5.852s]   113 |   [[nodiscard]] bool [01;36m[Kset_value[m[K(const T & value, unsigned int max_tries = 10)
[5.852s]       |                      [01;36m[K^~~~~~~~~[m[K
[5.852s] [01m[K/ros2_ws/src/luna_control/src/LunaController.cpp:445:76:[m[K [01;35m[Kwarning: [m[Kignoring return value of ‘[01m[Kbool hardware_interface::LoanedCommandInterface::[01;32m[Kset_value[m[K(const T&, unsigned int) [35m[K[with T = double][m[K[m[K’, declared with attribute ‘[01m[Knodiscard[m[K’ [[01;35m[K-Wunused-result[m[K]
[5.852s]   445 | [01;35m[Kgistered_left_back_wheel_handles_[index].velocity.get().set_value(0.0)[m[K;
[5.852s]       | [01;35m[K~~~~~~~~~~~~~~~~~~~~~~~~~~~~~~~~~~~~~~~~~~~~~~~~~~~~~~~~~~~~~~~~~^~~~~[m[K
[5.852s] 
[5.853s] [01m[K/opt/ros/jazzy/include/hardware_interface/hardware_interface/loaned_command_interface.hpp:113:22:[m[K [01;36m[Knote: [m[Kdeclared here
[5.853s]   113 |   [[nodiscard]] bool [01;36m[Kset_value[m[K(const T & value, unsigned int max_tries = 10)
[5.853s]       |                      [01;36m[K^~~~~~~~~[m[K
[5.853s] [01m[K/ros2_ws/src/luna_control/src/LunaController.cpp:446:77:[m[K [01;35m[Kwarning: [m[Kignoring return value of ‘[01m[Kbool hardware_interface::LoanedCommandInterface::[01;32m[Kset_value[m[K(const T&, unsigned int) [35m[K[with T = double][m[K[m[K’, declared with attribute ‘[01m[Knodiscard[m[K’ [[01;35m[K-Wunused-result[m[K]
[5.853s]   446 | [01;35m[Kistered_left_front_wheel_handles_[index].velocity.get().set_value(0.0)[m[K;
[5.853s]       | [01;35m[K~~~~~~~~~~~~~~~~~~~~~~~~~~~~~~~~~~~~~~~~~~~~~~~~~~~~~~~~~~~~~~~~~^~~~~[m[K
[5.854s] 
[5.854s] [01m[K/opt/ros/jazzy/include/hardware_interface/hardware_interface/loaned_command_interface.hpp:113:22:[m[K [01;36m[Knote: [m[Kdeclared here
[5.854s]   113 |   [[nodiscard]] bool [01;36m[Kset_value[m[K(const T & value, unsigned int max_tries = 10)
[5.854s]       |                      [01;36m[K^~~~~~~~~[m[K
[5.854s] [01m[K/ros2_ws/src/luna_control/src/LunaController.cpp:447:77:[m[K [01;35m[Kwarning: [m[Kignoring return value of ‘[01m[Kbool hardware_interface::LoanedCommandInterface::[01;32m[Kset_value[m[K(const T&, unsigned int) [35m[K[with T = double][m[K[m[K’, declared with attribute ‘[01m[Knodiscard[m[K’ [[01;35m[K-Wunused-result[m[K]
[5.854s]   447 | [01;35m[Kistered_right_back_wheel_handles_[index].velocity.get().set_value(0.0)[m[K;
[5.855s]       | [01;35m[K~~~~~~~~~~~~~~~~~~~~~~~~~~~~~~~~~~~~~~~~~~~~~~~~~~~~~~~~~~~~~~~~~^~~~~[m[K
[5.855s] 
[5.855s] [01m[K/opt/ros/jazzy/include/hardware_interface/hardware_interface/loaned_command_interface.hpp:113:22:[m[K [01;36m[Knote: [m[Kdeclared here
[5.855s]   113 |   [[nodiscard]] bool [01;36m[Kset_value[m[K(const T & value, unsigned int max_tries = 10)
[5.855s]       |                      [01;36m[K^~~~~~~~~[m[K
[5.855s] [01m[K/ros2_ws/src/luna_control/src/LunaController.cpp:448:78:[m[K [01;35m[Kwarning: [m[Kignoring return value of ‘[01m[Kbool hardware_interface::LoanedCommandInterface::[01;32m[Kset_value[m[K(const T&, unsigned int) [35m[K[with T = double][m[K[m[K’, declared with attribute ‘[01m[Knodiscard[m[K’ [[01;35m[K-Wunused-result[m[K]
[5.855s]   448 | [01;35m[Kstered_right_front_wheel_handles_[index].velocity.get().set_value(0.0)[m[K;
[5.856s]       | [01;35m[K~~~~~~~~~~~~~~~~~~~~~~~~~~~~~~~~~~~~~~~~~~~~~~~~~~~~~~~~~~~~~~~~~^~~~~[m[K
[5.856s] 
[5.856s] [01m[K/opt/ros/jazzy/include/hardware_interface/hardware_interface/loaned_command_interface.hpp:113:22:[m[K [01;36m[Knote: [m[Kdeclared here
[5.856s]   113 |   [[nodiscard]] bool [01;36m[Kset_value[m[K(const T & value, unsigned int max_tries = 10)
[5.856s]       |                      [01;36m[K^~~~~~~~~[m[K
[5.856s] [01m[K/ros2_ws/src/luna_control/src/LunaController.cpp:451:72:[m[K [01;35m[Kwarning: [m[Kignoring return value of ‘[01m[Kbool hardware_interface::LoanedCommandInterface::[01;32m[Kset_value[m[K(const T&, unsigned int) [35m[K[with T = double][m[K[m[K’, declared with attribute ‘[01m[Knodiscard[m[K’ [[01;35m[K-Wunused-result[m[K]
[5.856s]   451 | [01;35m[Ktered_left_back_pod_handles_[index].position.get().set_value(left_back_pod_position)[m[K;
[5.857s]       | [01;35m[K~~~~~~~~~~~~~~~~~~~~~~~~~~~~~~~~~~~~~~~~~~~~~~~~~~~~~~~~~~~~^~~~~~~~~~~~~~~~~~~~~~~~[m[K
[5.857s] 
[5.857s] [01m[K/opt/ros/jazzy/include/hardware_interface/hardware_interface/loaned_command_interface.hpp:113:22:[m[K [01;36m[Knote: [m[Kdeclared here
[5.857s]   113 |   [[nodiscard]] bool [01;36m[Kset_value[m[K(const T & value, unsigned int max_tries = 10)
[5.857s]       |                      [01;36m[K^~~~~~~~~[m[K
[5.857s] [01m[K/ros2_ws/src/luna_control/src/LunaController.cpp:452:73:[m[K [01;35m[Kwarning: [m[Kignoring return value of ‘[01m[Kbool hardware_interface::LoanedCommandInterface::[01;32m[Kset_value[m[K(const T&, unsigned int) [35m[K[with T = double][m[K[m[K’, declared with attribute ‘[01m[Knodiscard[m[K’ [[01;35m[K-Wunused-result[m[K]
[5.857s]   452 | [01;35m[Kered_left_front_pod_handles_[index].position.get().set_value(left_front_pod_position)[m[K;
[5.858s]       | [01;35m[K~~~~~~~~~~~~~~~~~~~~~~~~~~~~~~~~~~~~~~~~~~~~~~~~~~~~~~~~~~~~^~~~~~~~~~~~~~~~~~~~~~~~~[m[K
[5.858s] 
[5.858s] [01m[K/opt/ros/jazzy/include/hardware_interface/hardware_interface/loaned_command_interface.hpp:113:22:[m[K [01;36m[Knote: [m[Kdeclared here
[5.858s]   113 |   [[nodiscard]] bool [01;36m[Kset_value[m[K(const T & value, unsigned int max_tries = 10)
[5.858s]       |                      [01;36m[K^~~~~~~~~[m[K
[5.858s] [01m[K/ros2_ws/src/luna_control/src/LunaController.cpp:453:73:[m[K [01;35m[Kwarning: [m[Kignoring return value of ‘[01m[Kbool hardware_interface::LoanedCommandInterface::[01;32m[Kset_value[m[K(const T&, unsigned int) [35m[K[with T = double][m[K[m[K’, declared with attribute ‘[01m[Knodiscard[m[K’ [[01;35m[K-Wunused-result[m[K]
[5.859s]   453 | [01;35m[Kered_right_back_pod_handles_[index].position.get().set_value(right_back_pod_position)[m[K;
[5.859s]       | [01;35m[K~~~~~~~~~~~~~~~~~~~~~~~~~~~~~~~~~~~~~~~~~~~~~~~~~~~~~~~~~~~~^~~~~~~~~~~~~~~~~~~~~~~~~[m[K
[5.859s] 
[5.859s] [01m[K/opt/ros/jazzy/include/hardware_interface/hardware_interface/loaned_command_interface.hpp:113:22:[m[K [01;36m[Knote: [m[Kdeclared here
[5.859s]   113 |   [[nodiscard]] bool [01;36m[Kset_value[m[K(const T & value, unsigned int max_tries = 10)
[5.859s]       |                      [01;36m[K^~~~~~~~~[m[K
[5.860s] [01m[K/ros2_ws/src/luna_control/src/LunaController.cpp:454:74:[m[K [01;35m[Kwarning: [m[Kignoring return value of ‘[01m[Kbool hardware_interface::LoanedCommandInterface::[01;32m[Kset_value[m[K(const T&, unsigned int) [35m[K[with T = double][m[K[m[K’, declared with attribute ‘[01m[Knodiscard[m[K’ [[01;35m[K-Wunused-result[m[K]
[5.860s]   454 | [01;35m[Kred_right_front_pod_handles_[index].position.get().set_value(right_front_pod_position)[m[K;
[5.860s]       | [01;35m[K~~~~~~~~~~~~~~~~~~~~~~~~~~~~~~~~~~~~~~~~~~~~~~~~~~~~~~~~~~~~^~~~~~~~~~~~~~~~~~~~~~~~~~[m[K
[5.860s] 
[5.860s] [01m[K/opt/ros/jazzy/include/hardware_interface/hardware_interface/loaned_command_interface.hpp:113:22:[m[K [01;36m[Knote: [m[Kdeclared here
[5.860s]   113 |   [[nodiscard]] bool [01;36m[Kset_value[m[K(const T & value, unsigned int max_tries = 10)
[5.860s]       |                      [01;36m[K^~~~~~~~~[m[K
[5.861s] [01m[K/ros2_ws/src/luna_control/src/LunaController.cpp:[m[K In member function ‘[01m[Kvirtual controller_interface::CallbackReturn luna_controller::LunaController::[01;32m[Kon_configure[m[K(const rclcpp_lifecycle::State&)[m[K’:
[5.861s] [01m[K/ros2_ws/src/luna_control/src/LunaController.cpp:525:35:[m[K [01;35m[Kwarning: [m[K‘[01m[Kstd::enable_if_t<is_ptr_or_smart_ptr<U>, void> realtime_tools::RealtimeThreadSafeBox<T, mutex_type>::[01;32m[Kset[m[K(const T&) [35m[K[with U = std::shared_ptr<geometry_msgs::msg::TwistStamped_<std::allocator<void> > >; T = std::shared_ptr<geometry_msgs::msg::TwistStamped_<std::allocator<void> > >; mutex_type = std::mutex; std::enable_if_t<is_ptr_or_smart_ptr<U>, void> = void][m[K[m[K’ is deprecated: Use set(const std::function<void(T &)> & func) instead! [[01;35m[K-Wdeprecated-declarations[m[K]
[5.861s]   525 |     [01;35m[Kreceived_velocity_msg_ptr_.set(std::make_shared<Twist>(empty_twist))[m[K;
[5.861s]       |     [01;35m[K~~~~~~~~~~~~~~~~~~~~~~~~~~~~~~^~~~~~~~~~~~~~~~~~~~~~~~~~~~~~~~~~~~~~[m[K
[5.861s] [01m[K/opt/ros/jazzy/include/realtime_tools/realtime_tools/realtime_thread_safe_box.hpp:273:59:[m[K [01;36m[Knote: [m[Kdeclared here
[5.861s]   273 |   typename std::enable_if_t<is_ptr_or_smart_ptr<U>, void> [01;36m[Kset[m[K(const T & value)
[5.861s]       |                                                           [01;36m[K^~~[m[K
[5.863s] [01m[K/ros2_ws/src/luna_control/src/LunaController.cpp:[m[K In lambda function:
[5.863s] [01m[K/ros2_ws/src/luna_control/src/LunaController.cpp:549:41:[m[K [01;35m[Kwarning: [m[K‘[01m[Kstd::enable_if_t<is_ptr_or_smart_ptr<U>, void> realtime_tools::RealtimeThreadSafeBox<T, mutex_type>::[01;32m[Kset[m[K(const T&) [35m[K[with U = std::shared_ptr<geometry_msgs::msg::TwistStamped_<std::allocator<void> > >; T = std::shared_ptr<geometry_msgs::msg::TwistStamped_<std::allocator<void> > >; mutex_type = std::mutex; std::enable_if_t<is_ptr_or_smart_ptr<U>, void> = void][m[K[m[K’ is deprecated: Use set(const std::function<void(T &)> & func) instead! [[01;35m[K-Wdeprecated-declarations[m[K]
[5.863s]   549 |           [01;35m[Kreceived_velocity_msg_ptr_.set(std::move(msg))[m[K;
[5.863s]       |           [01;35m[K~~~~~~~~~~~~~~~~~~~~~~~~~~~~~~^~~~~~~~~~~~~~~~[m[K
[5.863s] [01m[K/opt/ros/jazzy/include/realtime_tools/realtime_tools/realtime_thread_safe_box.hpp:273:59:[m[K [01;36m[Knote: [m[Kdeclared here
[5.863s]   273 |   typename std::enable_if_t<is_ptr_or_smart_ptr<U>, void> [01;36m[Kset[m[K(const T & value)
[5.864s]       |                                                           [01;36m[K^~~[m[K
[5.883s] [01m[K/ros2_ws/src/luna_control/src/LunaController.cpp:[m[K In member function ‘[01m[Kvirtual controller_interface::CallbackReturn luna_controller::LunaController::[01;32m[Kon_cleanup[m[K(const rclcpp_lifecycle::State&)[m[K’:
[5.883s] [01m[K/ros2_ws/src/luna_control/src/LunaController.cpp:715:35:[m[K [01;35m[Kwarning: [m[K‘[01m[Kstd::enable_if_t<is_ptr_or_smart_ptr<U>, void> realtime_tools::RealtimeThreadSafeBox<T, mutex_type>::[01;32m[Kset[m[K(const T&) [35m[K[with U = std::shared_ptr<geometry_msgs::msg::TwistStamped_<std::allocator<void> > >; T = std::shared_ptr<geometry_msgs::msg::TwistStamped_<std::allocator<void> > >; mutex_type = std::mutex; std::enable_if_t<is_ptr_or_smart_ptr<U>, void> = void][m[K[m[K’ is deprecated: Use set(const std::function<void(T &)> & func) instead! [[01;35m[K-Wdeprecated-declarations[m[K]
[5.883s]   715 |     [01;35m[Kreceived_velocity_msg_ptr_.set(std::make_shared<Twist>())[m[K;
[5.883s]       |     [01;35m[K~~~~~~~~~~~~~~~~~~~~~~~~~~~~~~^~~~~~~~~~~~~~~~~~~~~~~~~~~[m[K
[5.885s] [01m[K/opt/ros/jazzy/include/realtime_tools/realtime_tools/realtime_thread_safe_box.hpp:273:59:[m[K [01;36m[Knote: [m[Kdeclared here
[5.885s]   273 |   typename std::enable_if_t<is_ptr_or_smart_ptr<U>, void> [01;36m[Kset[m[K(const T & value)
[5.885s]       |                                                           [01;36m[K^~~[m[K
[5.889s] /ros2_ws/src/luna_control/src/LunaController.cpp: In instantiation of ‘[01m[Kluna_controller::LunaController::halt()::<lambda(auto:47&)> [35m[K[with auto:47 = std::vector<luna_controller::LunaController::WheelHandle>][m[K[m[K’:
[5.889s] [01m[K/ros2_ws/src/luna_control/src/LunaController.cpp:776:16:[m[K   required from here
[5.889s] [01m[K/ros2_ws/src/luna_control/src/LunaController.cpp:765:46:[m[K [01;35m[Kwarning: [m[Kignoring return value of ‘[01m[Kbool hardware_interface::LoanedCommandInterface::[01;32m[Kset_value[m[K(const T&, unsigned int) [35m[K[with T = double][m[K[m[K’, declared with attribute ‘[01m[Knodiscard[m[K’ [[01;35m[K-Wunused-result[m[K]
[5.889s]   765 |         [01;35m[Kwheel_handle.velocity.get().set_value(0.0)[m[K;
[5.889s]       |         [01;35m[K~~~~~~~~~~~~~~~~~~~~~~~~~~~~~~~~~~~~~^~~~~[m[K
[5.889s] [01m[K/opt/ros/jazzy/include/hardware_interface/hardware_interface/loaned_command_interface.hpp:113:22:[m[K [01;36m[Knote: [m[Kdeclared here
[5.889s]   113 |   [[nodiscard]] bool [01;36m[Kset_value[m[K(const T & value, unsigned int max_tries = 10)
[5.890s]       |                      [01;36m[K^~~~~~~~~[m[K
[5.892s] /ros2_ws/src/luna_control/src/LunaController.cpp: In instantiation of ‘[01m[Kluna_controller::LunaController::halt()::<lambda(auto:48&)> [35m[K[with auto:48 = std::vector<luna_controller::LunaController::PodHandle>][m[K[m[K’:
[5.892s] [01m[K/ros2_ws/src/luna_control/src/LunaController.cpp:780:14:[m[K   required from here
[5.893s] [01m[K/ros2_ws/src/luna_control/src/LunaController.cpp:772:44:[m[K [01;35m[Kwarning: [m[Kignoring return value of ‘[01m[Kbool hardware_interface::LoanedCommandInterface::[01;32m[Kset_value[m[K(const T&, unsigned int) [35m[K[with T = double][m[K[m[K’, declared with attribute ‘[01m[Knodiscard[m[K’ [[01;35m[K-Wunused-result[m[K]
[5.893s]   772 |         [01;35m[Kpod_handle.position.get().set_value(0.0)[m[K;
[5.893s]       |         [01;35m[K~~~~~~~~~~~~~~~~~~~~~~~~~~~~~~~~~~~^~~~~[m[K
[5.893s] [01m[K/opt/ros/jazzy/include/hardware_interface/hardware_interface/loaned_command_interface.hpp:113:22:[m[K [01;36m[Knote: [m[Kdeclared here
[5.893s]   113 |   [[nodiscard]] bool [01;36m[Kset_value[m[K(const T & value, unsigned int max_tries = 10)
[5.893s]       |                      [01;36m[K^~~~~~~~~[m[K
[16.933s] [ 66%] [32m[1mLinking CXX shared library libluna_control.so[0m
[17.863s] [100%] Built target luna_control
