[ 33%] Built target luna_controller_parameters
[100%] Built target luna_control
-- Install configuration: ""
-- Execute custom install script
-- Up-to-date symlink: /ros2_ws/install/luna_control/include/luna_control/luna_controller_parameters.hpp
-- Up-to-date symlink: /ros2_ws/install/luna_control/share/luna_control//luna_plugin.xml
-- Up-to-date symlink: /ros2_ws/install/luna_control/include/luna_control/luna_control/LunaController.hpp
-- Up-to-date symlink: /ros2_ws/install/luna_control/include/luna_control/luna_control/odometry.hpp
-- Up-to-date symlink: /ros2_ws/install/luna_control/include/luna_control/luna_control/speed_limiter.hpp
-- Up-to-date symlink: /ros2_ws/install/luna_control/share/luna_control/environment/library_path.sh
-- Up-to-date symlink: /ros2_ws/install/luna_control/share/luna_control/environment/library_path.dsv
-- Up-to-date symlink: /ros2_ws/install/luna_control/share/ament_index/resource_index/package_run_dependencies/luna_control
-- Up-to-date symlink: /ros2_ws/install/luna_control/share/ament_index/resource_index/parent_prefix_path/luna_control
-- Up-to-date symlink: /ros2_ws/install/luna_control/share/luna_control/environment/ament_prefix_path.sh
-- Up-to-date symlink: /ros2_ws/install/luna_control/share/luna_control/environment/ament_prefix_path.dsv
-- Up-to-date symlink: /ros2_ws/install/luna_control/share/luna_control/environment/path.sh
-- Up-to-date symlink: /ros2_ws/install/luna_control/share/luna_control/environment/path.dsv
-- Up-to-date symlink: /ros2_ws/install/luna_control/share/luna_control/local_setup.bash
-- Up-to-date symlink: /ros2_ws/install/luna_control/share/luna_control/local_setup.sh
-- Up-to-date symlink: /ros2_ws/install/luna_control/share/luna_control/local_setup.zsh
-- Up-to-date symlink: /ros2_ws/install/luna_control/share/luna_control/local_setup.dsv
-- Symlinking: /ros2_ws/install/luna_control/share/luna_control/package.dsv
-- Up-to-date symlink: /ros2_ws/install/luna_control/share/ament_index/resource_index/packages/luna_control
-- Up-to-date symlink: /ros2_ws/install/luna_control/share/ament_index/resource_index/controller_interface__pluginlib__plugin/luna_control
-- Up-to-date symlink: /ros2_ws/install/luna_control/share/luna_control/cmake/ament_cmake_export_dependencies-extras.cmake
-- Up-to-date symlink: /ros2_ws/install/luna_control/share/luna_control/cmake/ament_cmake_export_targets-extras.cmake
-- Up-to-date symlink: /ros2_ws/install/luna_control/share/luna_control/cmake/luna_controlConfig.cmake
-- Up-to-date symlink: /ros2_ws/install/luna_control/share/luna_control/cmake/luna_controlConfig-version.cmake
-- Up-to-date symlink: /ros2_ws/install/luna_control/share/luna_control/package.xml
-- Up-to-date: /ros2_ws/install/luna_control/lib/libluna_control.so
-- Up-to-date: /ros2_ws/install/luna_control/share/luna_control/cmake/export_luna_controlExport.cmake
-- Up-to-date: /ros2_ws/install/luna_control/share/luna_control/cmake/export_luna_controlExport-noconfig.cmake
