[0.136s] DEBUG:colcon:Command line arguments: ['/usr/bin/colcon', 'build', '--symlink-install']
[0.136s] DEBUG:colcon:Parsed command line arguments: Namespace(log_base=None, log_level=None, verb_name='build', build_base='build', install_base='install', merge_install=False, symlink_install=True, test_result_base=None, continue_on_error=False, executor='parallel', parallel_workers=4, event_handlers=None, ignore_user_meta=False, metas=['./colcon.meta'], base_paths=['.'], packages_ignore=None, packages_ignore_regex=None, paths=None, packages_up_to=None, packages_up_to_regex=None, packages_above=None, packages_above_and_dependencies=None, packages_above_depth=None, packages_select_by_dep=None, packages_skip_by_dep=None, packages_skip_up_to=None, packages_select_build_failed=False, packages_skip_build_finished=False, packages_select_test_failures=False, packages_skip_test_passed=False, packages_select=None, packages_skip=None, packages_select_regex=None, packages_skip_regex=None, packages_start=None, packages_end=None, cmake_args=None, cmake_target=None, cmake_target_skip_unavailable=False, cmake_clean_cache=False, cmake_clean_first=False, cmake_force_configure=False, ament_cmake_args=None, catkin_cmake_args=None, catkin_skip_building_tests=False, mixin_files=None, mixin=None, verb_parser=<colcon_mixin.mixin.mixin_argument.MixinArgumentDecorator object at 0x77fcb9474800>, verb_extension=<colcon_core.verb.build.BuildVerb object at 0x77fcb95c8680>, main=<bound method BuildVerb.main of <colcon_core.verb.build.BuildVerb object at 0x77fcb95c8680>>, mixin_verb=('build',))
[0.187s] Level 1:colcon.colcon_core.package_discovery:discover_packages(colcon_meta) check parameters
[0.187s] INFO:colcon.colcon_metadata.package_discovery.colcon_meta:Using configuration from '/root/.colcon/metadata/default/Gazebo.meta'
[0.188s] INFO:colcon.colcon_metadata.package_discovery.colcon_meta:Using configuration from '/root/.colcon/metadata/default/fastdds.meta'
[0.188s] INFO:colcon.colcon_metadata.package_discovery.colcon_meta:Using configuration from '/root/.colcon/metadata/default/fastrtps.meta'
[0.188s] Level 1:colcon.colcon_core.package_discovery:discover_packages(recursive) check parameters
[0.188s] Level 1:colcon.colcon_core.package_discovery:discover_packages(ignore) check parameters
[0.188s] Level 1:colcon.colcon_core.package_discovery:discover_packages(path) check parameters
[0.188s] Level 1:colcon.colcon_core.package_discovery:discover_packages(colcon_meta) discover
[0.188s] Level 1:colcon.colcon_core.package_discovery:discover_packages(recursive) discover
[0.188s] INFO:colcon.colcon_core.package_discovery:Crawling recursively for packages in '/ros2_ws'
[0.189s] Level 1:colcon.colcon_core.package_identification:_identify(.) by extensions ['ignore', 'ignore_ament_install']
[0.189s] Level 1:colcon.colcon_core.package_identification:_identify(.) by extension 'ignore'
[0.189s] Level 1:colcon.colcon_core.package_identification:_identify(.) by extension 'ignore_ament_install'
[0.189s] Level 1:colcon.colcon_core.package_identification:_identify(.) by extensions ['colcon_pkg']
[0.189s] Level 1:colcon.colcon_core.package_identification:_identify(.) by extension 'colcon_pkg'
[0.189s] Level 1:colcon.colcon_core.package_identification:_identify(.) by extensions ['colcon_meta']
[0.189s] Level 1:colcon.colcon_core.package_identification:_identify(.) by extension 'colcon_meta'
[0.189s] Level 1:colcon.colcon_core.package_identification:_identify(.) by extensions ['ros']
[0.189s] Level 1:colcon.colcon_core.package_identification:_identify(.) by extension 'ros'
[0.221s] Level 1:colcon.colcon_core.package_identification:_identify(.) by extensions ['cmake', 'python']
[0.221s] Level 1:colcon.colcon_core.package_identification:_identify(.) by extension 'cmake'
[0.221s] Level 1:colcon.colcon_core.package_identification:_identify(.) by extension 'python'
[0.221s] Level 1:colcon.colcon_core.package_identification:_identify(.) by extensions ['python_setup_py']
[0.221s] Level 1:colcon.colcon_core.package_identification:_identify(.) by extension 'python_setup_py'
[0.221s] Level 1:colcon.colcon_core.package_identification:_identify(build) by extensions ['ignore', 'ignore_ament_install']
[0.221s] Level 1:colcon.colcon_core.package_identification:_identify(build) by extension 'ignore'
[0.221s] Level 1:colcon.colcon_core.package_identification:_identify(build) ignored
[0.221s] Level 1:colcon.colcon_core.package_identification:_identify(install) by extensions ['ignore', 'ignore_ament_install']
[0.221s] Level 1:colcon.colcon_core.package_identification:_identify(install) by extension 'ignore'
[0.222s] Level 1:colcon.colcon_core.package_identification:_identify(install) ignored
[0.222s] Level 1:colcon.colcon_core.package_identification:_identify(log) by extensions ['ignore', 'ignore_ament_install']
[0.222s] Level 1:colcon.colcon_core.package_identification:_identify(log) by extension 'ignore'
[0.222s] Level 1:colcon.colcon_core.package_identification:_identify(log) ignored
[0.222s] Level 1:colcon.colcon_core.package_identification:_identify(src) by extensions ['ignore', 'ignore_ament_install']
[0.222s] Level 1:colcon.colcon_core.package_identification:_identify(src) by extension 'ignore'
[0.222s] Level 1:colcon.colcon_core.package_identification:_identify(src) by extension 'ignore_ament_install'
[0.222s] Level 1:colcon.colcon_core.package_identification:_identify(src) by extensions ['colcon_pkg']
[0.222s] Level 1:colcon.colcon_core.package_identification:_identify(src) by extension 'colcon_pkg'
[0.222s] Level 1:colcon.colcon_core.package_identification:_identify(src) by extensions ['colcon_meta']
[0.222s] Level 1:colcon.colcon_core.package_identification:_identify(src) by extension 'colcon_meta'
[0.222s] Level 1:colcon.colcon_core.package_identification:_identify(src) by extensions ['ros']
[0.222s] Level 1:colcon.colcon_core.package_identification:_identify(src) by extension 'ros'
[0.222s] Level 1:colcon.colcon_core.package_identification:_identify(src) by extensions ['cmake', 'python']
[0.222s] Level 1:colcon.colcon_core.package_identification:_identify(src) by extension 'cmake'
[0.222s] Level 1:colcon.colcon_core.package_identification:_identify(src) by extension 'python'
[0.222s] Level 1:colcon.colcon_core.package_identification:_identify(src) by extensions ['python_setup_py']
[0.223s] Level 1:colcon.colcon_core.package_identification:_identify(src) by extension 'python_setup_py'
[0.223s] Level 1:colcon.colcon_core.package_identification:_identify(src/luna_control) by extensions ['ignore', 'ignore_ament_install']
[0.223s] Level 1:colcon.colcon_core.package_identification:_identify(src/luna_control) by extension 'ignore'
[0.223s] Level 1:colcon.colcon_core.package_identification:_identify(src/luna_control) by extension 'ignore_ament_install'
[0.223s] Level 1:colcon.colcon_core.package_identification:_identify(src/luna_control) by extensions ['colcon_pkg']
[0.223s] Level 1:colcon.colcon_core.package_identification:_identify(src/luna_control) by extension 'colcon_pkg'
[0.223s] Level 1:colcon.colcon_core.package_identification:_identify(src/luna_control) by extensions ['colcon_meta']
[0.223s] Level 1:colcon.colcon_core.package_identification:_identify(src/luna_control) by extension 'colcon_meta'
[0.223s] Level 1:colcon.colcon_core.package_identification:_identify(src/luna_control) by extensions ['ros']
[0.223s] Level 1:colcon.colcon_core.package_identification:_identify(src/luna_control) by extension 'ros'
[0.226s] DEBUG:colcon.colcon_core.package_identification:Package 'src/luna_control' with type 'ros.ament_cmake' and name 'luna_control'
[0.227s] Level 1:colcon.colcon_core.package_identification:_identify(src/lunabot_2425) by extensions ['ignore', 'ignore_ament_install']
[0.227s] Level 1:colcon.colcon_core.package_identification:_identify(src/lunabot_2425) by extension 'ignore'
[0.227s] Level 1:colcon.colcon_core.package_identification:_identify(src/lunabot_2425) by extension 'ignore_ament_install'
[0.227s] Level 1:colcon.colcon_core.package_identification:_identify(src/lunabot_2425) by extensions ['colcon_pkg']
[0.227s] Level 1:colcon.colcon_core.package_identification:_identify(src/lunabot_2425) by extension 'colcon_pkg'
[0.227s] Level 1:colcon.colcon_core.package_identification:_identify(src/lunabot_2425) by extensions ['colcon_meta']
[0.227s] Level 1:colcon.colcon_core.package_identification:_identify(src/lunabot_2425) by extension 'colcon_meta'
[0.227s] Level 1:colcon.colcon_core.package_identification:_identify(src/lunabot_2425) by extensions ['ros']
[0.227s] Level 1:colcon.colcon_core.package_identification:_identify(src/lunabot_2425) by extension 'ros'
[0.228s] DEBUG:colcon.colcon_core.package_identification:Package 'src/lunabot_2425' with type 'ros.ament_cmake' and name 'lunabot_2425'
[0.228s] Level 1:colcon.colcon_core.package_identification:_identify(src/quad_swerve_controller) by extensions ['ignore', 'ignore_ament_install']
[0.228s] Level 1:colcon.colcon_core.package_identification:_identify(src/quad_swerve_controller) by extension 'ignore'
[0.228s] Level 1:colcon.colcon_core.package_identification:_identify(src/quad_swerve_controller) by extension 'ignore_ament_install'
[0.228s] Level 1:colcon.colcon_core.package_identification:_identify(src/quad_swerve_controller) by extensions ['colcon_pkg']
[0.228s] Level 1:colcon.colcon_core.package_identification:_identify(src/quad_swerve_controller) by extension 'colcon_pkg'
[0.228s] Level 1:colcon.colcon_core.package_identification:_identify(src/quad_swerve_controller) by extensions ['colcon_meta']
[0.229s] Level 1:colcon.colcon_core.package_identification:_identify(src/quad_swerve_controller) by extension 'colcon_meta'
[0.229s] Level 1:colcon.colcon_core.package_identification:_identify(src/quad_swerve_controller) by extensions ['ros']
[0.229s] Level 1:colcon.colcon_core.package_identification:_identify(src/quad_swerve_controller) by extension 'ros'
[0.230s] DEBUG:colcon.colcon_core.package_identification:Package 'src/quad_swerve_controller' with type 'ros.ament_cmake' and name 'quad_swerve_controller'
[0.230s] Level 1:colcon.colcon_core.package_identification:_identify(src/teleop_twist_keyboard) by extensions ['ignore', 'ignore_ament_install']
[0.230s] Level 1:colcon.colcon_core.package_identification:_identify(src/teleop_twist_keyboard) by extension 'ignore'
[0.230s] Level 1:colcon.colcon_core.package_identification:_identify(src/teleop_twist_keyboard) by extension 'ignore_ament_install'
[0.230s] Level 1:colcon.colcon_core.package_identification:_identify(src/teleop_twist_keyboard) by extensions ['colcon_pkg']
[0.230s] Level 1:colcon.colcon_core.package_identification:_identify(src/teleop_twist_keyboard) by extension 'colcon_pkg'
[0.230s] Level 1:colcon.colcon_core.package_identification:_identify(src/teleop_twist_keyboard) by extensions ['colcon_meta']
[0.230s] Level 1:colcon.colcon_core.package_identification:_identify(src/teleop_twist_keyboard) by extension 'colcon_meta'
[0.230s] Level 1:colcon.colcon_core.package_identification:_identify(src/teleop_twist_keyboard) by extensions ['ros']
[0.230s] Level 1:colcon.colcon_core.package_identification:_identify(src/teleop_twist_keyboard) by extension 'ros'
[0.231s] DEBUG:colcon.colcon_core.package_identification:Package 'src/teleop_twist_keyboard' with type 'ros.ament_python' and name 'teleop_twist_keyboard'
[0.231s] Level 1:colcon.colcon_core.package_identification:_identify(src/twist_stamper) by extensions ['ignore', 'ignore_ament_install']
[0.231s] Level 1:colcon.colcon_core.package_identification:_identify(src/twist_stamper) by extension 'ignore'
[0.232s] Level 1:colcon.colcon_core.package_identification:_identify(src/twist_stamper) by extension 'ignore_ament_install'
[0.232s] Level 1:colcon.colcon_core.package_identification:_identify(src/twist_stamper) by extensions ['colcon_pkg']
[0.232s] Level 1:colcon.colcon_core.package_identification:_identify(src/twist_stamper) by extension 'colcon_pkg'
[0.232s] Level 1:colcon.colcon_core.package_identification:_identify(src/twist_stamper) by extensions ['colcon_meta']
[0.232s] Level 1:colcon.colcon_core.package_identification:_identify(src/twist_stamper) by extension 'colcon_meta'
[0.232s] Level 1:colcon.colcon_core.package_identification:_identify(src/twist_stamper) by extensions ['ros']
[0.232s] Level 1:colcon.colcon_core.package_identification:_identify(src/twist_stamper) by extension 'ros'
[0.233s] DEBUG:colcon.colcon_core.package_identification:Package 'src/twist_stamper' with type 'ros.ament_python' and name 'twist_stamper'
[0.233s] Level 1:colcon.colcon_core.package_discovery:discover_packages(recursive) using defaults
[0.233s] Level 1:colcon.colcon_core.package_discovery:discover_packages(ignore) discover
[0.233s] Level 1:colcon.colcon_core.package_discovery:discover_packages(ignore) using defaults
[0.233s] Level 1:colcon.colcon_core.package_discovery:discover_packages(path) discover
[0.233s] Level 1:colcon.colcon_core.package_discovery:discover_packages(path) using defaults
[0.254s] Level 5:colcon.colcon_core.verb:set package 'luna_control' build argument 'cmake_args' from command line to 'None'
[0.254s] Level 5:colcon.colcon_core.verb:set package 'luna_control' build argument 'cmake_target' from command line to 'None'
[0.254s] Level 5:colcon.colcon_core.verb:set package 'luna_control' build argument 'cmake_target_skip_unavailable' from command line to 'False'
[0.254s] Level 5:colcon.colcon_core.verb:set package 'luna_control' build argument 'cmake_clean_cache' from command line to 'False'
[0.254s] Level 5:colcon.colcon_core.verb:set package 'luna_control' build argument 'cmake_clean_first' from command line to 'False'
[0.254s] Level 5:colcon.colcon_core.verb:set package 'luna_control' build argument 'cmake_force_configure' from command line to 'False'
[0.255s] Level 5:colcon.colcon_core.verb:set package 'luna_control' build argument 'ament_cmake_args' from command line to 'None'
[0.255s] Level 5:colcon.colcon_core.verb:set package 'luna_control' build argument 'catkin_cmake_args' from command line to 'None'
[0.255s] Level 5:colcon.colcon_core.verb:set package 'luna_control' build argument 'catkin_skip_building_tests' from command line to 'False'
[0.255s] DEBUG:colcon.colcon_core.verb:Building package 'luna_control' with the following arguments: {'ament_cmake_args': None, 'build_base': '/ros2_ws/build/luna_control', 'catkin_cmake_args': None, 'catkin_skip_building_tests': False, 'cmake_args': None, 'cmake_clean_cache': False, 'cmake_clean_first': False, 'cmake_force_configure': False, 'cmake_target': None, 'cmake_target_skip_unavailable': False, 'install_base': '/ros2_ws/install/luna_control', 'merge_install': False, 'path': '/ros2_ws/src/luna_control', 'symlink_install': True, 'test_result_base': None}
[0.255s] Level 5:colcon.colcon_core.verb:set package 'lunabot_2425' build argument 'cmake_args' from command line to 'None'
[0.255s] Level 5:colcon.colcon_core.verb:set package 'lunabot_2425' build argument 'cmake_target' from command line to 'None'
[0.255s] Level 5:colcon.colcon_core.verb:set package 'lunabot_2425' build argument 'cmake_target_skip_unavailable' from command line to 'False'
[0.255s] Level 5:colcon.colcon_core.verb:set package 'lunabot_2425' build argument 'cmake_clean_cache' from command line to 'False'
[0.255s] Level 5:colcon.colcon_core.verb:set package 'lunabot_2425' build argument 'cmake_clean_first' from command line to 'False'
[0.255s] Level 5:colcon.colcon_core.verb:set package 'lunabot_2425' build argument 'cmake_force_configure' from command line to 'False'
[0.255s] Level 5:colcon.colcon_core.verb:set package 'lunabot_2425' build argument 'ament_cmake_args' from command line to 'None'
[0.255s] Level 5:colcon.colcon_core.verb:set package 'lunabot_2425' build argument 'catkin_cmake_args' from command line to 'None'
[0.255s] Level 5:colcon.colcon_core.verb:set package 'lunabot_2425' build argument 'catkin_skip_building_tests' from command line to 'False'
[0.255s] DEBUG:colcon.colcon_core.verb:Building package 'lunabot_2425' with the following arguments: {'ament_cmake_args': None, 'build_base': '/ros2_ws/build/lunabot_2425', 'catkin_cmake_args': None, 'catkin_skip_building_tests': False, 'cmake_args': None, 'cmake_clean_cache': False, 'cmake_clean_first': False, 'cmake_force_configure': False, 'cmake_target': None, 'cmake_target_skip_unavailable': False, 'install_base': '/ros2_ws/install/lunabot_2425', 'merge_install': False, 'path': '/ros2_ws/src/lunabot_2425', 'symlink_install': True, 'test_result_base': None}
[0.255s] Level 5:colcon.colcon_core.verb:set package 'quad_swerve_controller' build argument 'cmake_args' from command line to 'None'
[0.256s] Level 5:colcon.colcon_core.verb:set package 'quad_swerve_controller' build argument 'cmake_target' from command line to 'None'
[0.256s] Level 5:colcon.colcon_core.verb:set package 'quad_swerve_controller' build argument 'cmake_target_skip_unavailable' from command line to 'False'
[0.256s] Level 5:colcon.colcon_core.verb:set package 'quad_swerve_controller' build argument 'cmake_clean_cache' from command line to 'False'
[0.256s] Level 5:colcon.colcon_core.verb:set package 'quad_swerve_controller' build argument 'cmake_clean_first' from command line to 'False'
[0.256s] Level 5:colcon.colcon_core.verb:set package 'quad_swerve_controller' build argument 'cmake_force_configure' from command line to 'False'
[0.256s] Level 5:colcon.colcon_core.verb:set package 'quad_swerve_controller' build argument 'ament_cmake_args' from command line to 'None'
[0.256s] Level 5:colcon.colcon_core.verb:set package 'quad_swerve_controller' build argument 'catkin_cmake_args' from command line to 'None'
[0.256s] Level 5:colcon.colcon_core.verb:set package 'quad_swerve_controller' build argument 'catkin_skip_building_tests' from command line to 'False'
[0.256s] DEBUG:colcon.colcon_core.verb:Building package 'quad_swerve_controller' with the following arguments: {'ament_cmake_args': None, 'build_base': '/ros2_ws/build/quad_swerve_controller', 'catkin_cmake_args': None, 'catkin_skip_building_tests': False, 'cmake_args': None, 'cmake_clean_cache': False, 'cmake_clean_first': False, 'cmake_force_configure': False, 'cmake_target': None, 'cmake_target_skip_unavailable': False, 'install_base': '/ros2_ws/install/quad_swerve_controller', 'merge_install': False, 'path': '/ros2_ws/src/quad_swerve_controller', 'symlink_install': True, 'test_result_base': None}
[0.256s] Level 5:colcon.colcon_core.verb:set package 'teleop_twist_keyboard' build argument 'cmake_args' from command line to 'None'
[0.256s] Level 5:colcon.colcon_core.verb:set package 'teleop_twist_keyboard' build argument 'cmake_target' from command line to 'None'
[0.256s] Level 5:colcon.colcon_core.verb:set package 'teleop_twist_keyboard' build argument 'cmake_target_skip_unavailable' from command line to 'False'
[0.256s] Level 5:colcon.colcon_core.verb:set package 'teleop_twist_keyboard' build argument 'cmake_clean_cache' from command line to 'False'
[0.256s] Level 5:colcon.colcon_core.verb:set package 'teleop_twist_keyboard' build argument 'cmake_clean_first' from command line to 'False'
[0.256s] Level 5:colcon.colcon_core.verb:set package 'teleop_twist_keyboard' build argument 'cmake_force_configure' from command line to 'False'
[0.256s] Level 5:colcon.colcon_core.verb:set package 'teleop_twist_keyboard' build argument 'ament_cmake_args' from command line to 'None'
[0.256s] Level 5:colcon.colcon_core.verb:set package 'teleop_twist_keyboard' build argument 'catkin_cmake_args' from command line to 'None'
[0.256s] Level 5:colcon.colcon_core.verb:set package 'teleop_twist_keyboard' build argument 'catkin_skip_building_tests' from command line to 'False'
[0.256s] DEBUG:colcon.colcon_core.verb:Building package 'teleop_twist_keyboard' with the following arguments: {'ament_cmake_args': None, 'build_base': '/ros2_ws/build/teleop_twist_keyboard', 'catkin_cmake_args': None, 'catkin_skip_building_tests': False, 'cmake_args': None, 'cmake_clean_cache': False, 'cmake_clean_first': False, 'cmake_force_configure': False, 'cmake_target': None, 'cmake_target_skip_unavailable': False, 'install_base': '/ros2_ws/install/teleop_twist_keyboard', 'merge_install': False, 'path': '/ros2_ws/src/teleop_twist_keyboard', 'symlink_install': True, 'test_result_base': None}
[0.256s] Level 5:colcon.colcon_core.verb:set package 'twist_stamper' build argument 'cmake_args' from command line to 'None'
[0.257s] Level 5:colcon.colcon_core.verb:set package 'twist_stamper' build argument 'cmake_target' from command line to 'None'
[0.257s] Level 5:colcon.colcon_core.verb:set package 'twist_stamper' build argument 'cmake_target_skip_unavailable' from command line to 'False'
[0.257s] Level 5:colcon.colcon_core.verb:set package 'twist_stamper' build argument 'cmake_clean_cache' from command line to 'False'
[0.257s] Level 5:colcon.colcon_core.verb:set package 'twist_stamper' build argument 'cmake_clean_first' from command line to 'False'
[0.257s] Level 5:colcon.colcon_core.verb:set package 'twist_stamper' build argument 'cmake_force_configure' from command line to 'False'
[0.257s] Level 5:colcon.colcon_core.verb:set package 'twist_stamper' build argument 'ament_cmake_args' from command line to 'None'
[0.257s] Level 5:colcon.colcon_core.verb:set package 'twist_stamper' build argument 'catkin_cmake_args' from command line to 'None'
[0.257s] Level 5:colcon.colcon_core.verb:set package 'twist_stamper' build argument 'catkin_skip_building_tests' from command line to 'False'
[0.257s] DEBUG:colcon.colcon_core.verb:Building package 'twist_stamper' with the following arguments: {'ament_cmake_args': None, 'build_base': '/ros2_ws/build/twist_stamper', 'catkin_cmake_args': None, 'catkin_skip_building_tests': False, 'cmake_args': None, 'cmake_clean_cache': False, 'cmake_clean_first': False, 'cmake_force_configure': False, 'cmake_target': None, 'cmake_target_skip_unavailable': False, 'install_base': '/ros2_ws/install/twist_stamper', 'merge_install': False, 'path': '/ros2_ws/src/twist_stamper', 'symlink_install': True, 'test_result_base': None}
[0.257s] INFO:colcon.colcon_core.executor:Executing jobs using 'parallel' executor
[0.258s] DEBUG:colcon.colcon_parallel_executor.executor.parallel:run_until_complete
[0.258s] INFO:colcon.colcon_ros.task.ament_cmake.build:Building ROS package in '/ros2_ws/src/luna_control' with build type 'ament_cmake'
[0.258s] INFO:colcon.colcon_cmake.task.cmake.build:Building CMake package in '/ros2_ws/src/luna_control'
[0.263s] INFO:colcon.colcon_core.plugin_system:Skipping extension 'colcon_core.shell.bat': Not used on non-Windows systems
[0.263s] INFO:colcon.colcon_core.shell:Skip shell extension 'powershell' for command environment: Not usable outside of PowerShell
[0.263s] DEBUG:colcon.colcon_core.shell:Skip shell extension 'dsv' for command environment
[0.270s] INFO:colcon.colcon_ros.task.ament_cmake.build:Building ROS package in '/ros2_ws/src/lunabot_2425' with build type 'ament_cmake'
[0.270s] INFO:colcon.colcon_cmake.task.cmake.build:Building CMake package in '/ros2_ws/src/lunabot_2425'
[0.271s] INFO:colcon.colcon_core.shell:Skip shell extension 'powershell' for command environment: Not usable outside of PowerShell
[0.271s] DEBUG:colcon.colcon_core.shell:Skip shell extension 'dsv' for command environment
[0.276s] INFO:colcon.colcon_ros.task.ament_cmake.build:Building ROS package in '/ros2_ws/src/quad_swerve_controller' with build type 'ament_cmake'
[0.277s] INFO:colcon.colcon_cmake.task.cmake.build:Building CMake package in '/ros2_ws/src/quad_swerve_controller'
[0.277s] INFO:colcon.colcon_core.shell:Skip shell extension 'powershell' for command environment: Not usable outside of PowerShell
[0.277s] DEBUG:colcon.colcon_core.shell:Skip shell extension 'dsv' for command environment
[0.284s] INFO:colcon.colcon_ros.task.ament_python.build:Building ROS package in '/ros2_ws/src/teleop_twist_keyboard' with build type 'ament_python'
[0.284s] Level 1:colcon.colcon_core.shell:create_environment_hook('teleop_twist_keyboard', 'ament_prefix_path')
[0.284s] INFO:colcon.colcon_core.shell:Creating environment hook '/ros2_ws/install/teleop_twist_keyboard/share/teleop_twist_keyboard/hook/ament_prefix_path.ps1'
[0.285s] INFO:colcon.colcon_core.shell:Creating environment descriptor '/ros2_ws/install/teleop_twist_keyboard/share/teleop_twist_keyboard/hook/ament_prefix_path.dsv'
[0.286s] INFO:colcon.colcon_core.shell:Creating environment hook '/ros2_ws/install/teleop_twist_keyboard/share/teleop_twist_keyboard/hook/ament_prefix_path.sh'
[0.287s] INFO:colcon.colcon_core.shell:Skip shell extension 'powershell' for command environment: Not usable outside of PowerShell
[0.287s] DEBUG:colcon.colcon_core.shell:Skip shell extension 'dsv' for command environment
[0.300s] DEBUG:colcon.colcon_core.event_handler.log_command:Invoking command in '/ros2_ws/build/luna_control': CMAKE_PREFIX_PATH=${CMAKE_PREFIX_PATH}:/ros2_ws/install/twist_stamper:/ros2_ws/install/teleop_twist_keyboard:/opt/ros/jazzy /usr/bin/cmake --build /ros2_ws/build/luna_control -- -j4 -l4
[0.303s] DEBUG:colcon.colcon_core.event_handler.log_command:Invoking command in '/ros2_ws/build/lunabot_2425': CMAKE_PREFIX_PATH=${CMAKE_PREFIX_PATH}:/ros2_ws/install/twist_stamper:/ros2_ws/install/teleop_twist_keyboard:/opt/ros/jazzy /usr/bin/cmake --build /ros2_ws/build/lunabot_2425 -- -j4 -l4
[0.306s] DEBUG:colcon.colcon_core.event_handler.log_command:Invoking command in '/ros2_ws/build/quad_swerve_controller': CMAKE_PREFIX_PATH=${CMAKE_PREFIX_PATH}:/ros2_ws/install/twist_stamper:/ros2_ws/install/teleop_twist_keyboard:/opt/ros/jazzy /usr/bin/cmake /ros2_ws/src/quad_swerve_controller -DAMENT_CMAKE_SYMLINK_INSTALL=1 -DCMAKE_INSTALL_PREFIX=/ros2_ws/install/quad_swerve_controller
[0.627s] INFO:colcon.colcon_core.task.python.build:Building Python package in '/ros2_ws/src/teleop_twist_keyboard'
[0.627s] INFO:colcon.colcon_core.shell:Skip shell extension 'powershell' for command environment: Not usable outside of PowerShell
[0.628s] DEBUG:colcon.colcon_core.shell:Skip shell extension 'dsv' for command environment
[0.636s] DEBUG:colcon.colcon_core.event_handler.log_command:Invoked command in '/ros2_ws/build/luna_control' returned '0': CMAKE_PREFIX_PATH=${CMAKE_PREFIX_PATH}:/ros2_ws/install/twist_stamper:/ros2_ws/install/teleop_twist_keyboard:/opt/ros/jazzy /usr/bin/cmake --build /ros2_ws/build/luna_control -- -j4 -l4
[0.651s] DEBUG:colcon.colcon_core.event_handler.log_command:Invoking command in '/ros2_ws/build/luna_control': CMAKE_PREFIX_PATH=${CMAKE_PREFIX_PATH}:/ros2_ws/install/twist_stamper:/ros2_ws/install/teleop_twist_keyboard:/opt/ros/jazzy /usr/bin/cmake --install /ros2_ws/build/luna_control
[0.651s] DEBUG:colcon.colcon_core.event_handler.log_command:Invoked command in '/ros2_ws/build/lunabot_2425' returned '0': CMAKE_PREFIX_PATH=${CMAKE_PREFIX_PATH}:/ros2_ws/install/twist_stamper:/ros2_ws/install/teleop_twist_keyboard:/opt/ros/jazzy /usr/bin/cmake --build /ros2_ws/build/lunabot_2425 -- -j4 -l4
[0.653s] DEBUG:colcon.colcon_core.event_handler.log_command:Invoking command in '/ros2_ws/build/lunabot_2425': CMAKE_PREFIX_PATH=${CMAKE_PREFIX_PATH}:/ros2_ws/install/twist_stamper:/ros2_ws/install/teleop_twist_keyboard:/opt/ros/jazzy /usr/bin/cmake --install /ros2_ws/build/lunabot_2425
[0.700s] Level 1:colcon.colcon_core.environment:create_environment_scripts_only(luna_control)
[0.704s] DEBUG:colcon.colcon_core.event_handler.log_command:Invoked command in '/ros2_ws/build/luna_control' returned '0': CMAKE_PREFIX_PATH=${CMAKE_PREFIX_PATH}:/ros2_ws/install/twist_stamper:/ros2_ws/install/teleop_twist_keyboard:/opt/ros/jazzy /usr/bin/cmake --install /ros2_ws/build/luna_control
[0.709s] Level 1:colcon.colcon_core.environment:checking '/ros2_ws/install/luna_control' for CMake module files
[0.711s] Level 1:colcon.colcon_core.environment:checking '/ros2_ws/install/luna_control' for CMake config files
[0.712s] Level 1:colcon.colcon_core.shell:create_environment_hook('luna_control', 'cmake_prefix_path')
[0.712s] INFO:colcon.colcon_core.shell:Creating environment hook '/ros2_ws/install/luna_control/share/luna_control/hook/cmake_prefix_path.ps1'
[0.713s] INFO:colcon.colcon_core.shell:Creating environment descriptor '/ros2_ws/install/luna_control/share/luna_control/hook/cmake_prefix_path.dsv'
[0.714s] INFO:colcon.colcon_core.shell:Creating environment hook '/ros2_ws/install/luna_control/share/luna_control/hook/cmake_prefix_path.sh'
[0.715s] Level 1:colcon.colcon_core.environment:checking '/ros2_ws/install/luna_control/lib'
[0.716s] Level 1:colcon.colcon_core.shell:create_environment_hook('luna_control', 'ld_library_path_lib')
[0.716s] INFO:colcon.colcon_core.shell:Creating environment hook '/ros2_ws/install/luna_control/share/luna_control/hook/ld_library_path_lib.ps1'
[0.717s] INFO:colcon.colcon_core.shell:Creating environment descriptor '/ros2_ws/install/luna_control/share/luna_control/hook/ld_library_path_lib.dsv'
[0.717s] INFO:colcon.colcon_core.shell:Creating environment hook '/ros2_ws/install/luna_control/share/luna_control/hook/ld_library_path_lib.sh'
[0.718s] Level 1:colcon.colcon_core.environment:checking '/ros2_ws/install/luna_control/bin'
[0.718s] Level 1:colcon.colcon_core.environment:checking '/ros2_ws/install/luna_control/lib/pkgconfig/luna_control.pc'
[0.719s] Level 1:colcon.colcon_core.environment:checking '/ros2_ws/install/luna_control/lib/python3.12/site-packages'
[0.719s] Level 1:colcon.colcon_core.environment:checking '/ros2_ws/install/luna_control/bin'
[0.720s] INFO:colcon.colcon_core.shell:Creating package script '/ros2_ws/install/luna_control/share/luna_control/package.ps1'
[0.723s] INFO:colcon.colcon_core.shell:Creating package descriptor '/ros2_ws/install/luna_control/share/luna_control/package.dsv'
[0.724s] INFO:colcon.colcon_core.shell:Creating package script '/ros2_ws/install/luna_control/share/luna_control/package.sh'
[0.726s] INFO:colcon.colcon_core.shell:Creating package script '/ros2_ws/install/luna_control/share/luna_control/package.bash'
[0.727s] INFO:colcon.colcon_core.shell:Creating package script '/ros2_ws/install/luna_control/share/luna_control/package.zsh'
[0.728s] Level 1:colcon.colcon_core.environment:create_file_with_runtime_dependencies(/ros2_ws/install/luna_control/share/colcon-core/packages/luna_control)
[0.729s] Level 1:colcon.colcon_core.environment:create_environment_scripts_only(luna_control)
[0.729s] Level 1:colcon.colcon_core.environment:checking '/ros2_ws/install/luna_control' for CMake module files
[0.730s] Level 1:colcon.colcon_core.environment:checking '/ros2_ws/install/luna_control' for CMake config files
[0.731s] Level 1:colcon.colcon_core.shell:create_environment_hook('luna_control', 'cmake_prefix_path')
[0.731s] INFO:colcon.colcon_core.shell:Creating environment hook '/ros2_ws/install/luna_control/share/luna_control/hook/cmake_prefix_path.ps1'
[0.732s] INFO:colcon.colcon_core.shell:Creating environment descriptor '/ros2_ws/install/luna_control/share/luna_control/hook/cmake_prefix_path.dsv'
[0.732s] INFO:colcon.colcon_core.shell:Creating environment hook '/ros2_ws/install/luna_control/share/luna_control/hook/cmake_prefix_path.sh'
[0.733s] Level 1:colcon.colcon_core.environment:checking '/ros2_ws/install/luna_control/lib'
[0.733s] Level 1:colcon.colcon_core.shell:create_environment_hook('luna_control', 'ld_library_path_lib')
[0.734s] INFO:colcon.colcon_core.shell:Creating environment hook '/ros2_ws/install/luna_control/share/luna_control/hook/ld_library_path_lib.ps1'
[0.734s] INFO:colcon.colcon_core.shell:Creating environment descriptor '/ros2_ws/install/luna_control/share/luna_control/hook/ld_library_path_lib.dsv'
[0.735s] INFO:colcon.colcon_core.shell:Creating environment hook '/ros2_ws/install/luna_control/share/luna_control/hook/ld_library_path_lib.sh'
[0.736s] Level 1:colcon.colcon_core.environment:checking '/ros2_ws/install/luna_control/bin'
[0.736s] Level 1:colcon.colcon_core.environment:checking '/ros2_ws/install/luna_control/lib/pkgconfig/luna_control.pc'
[0.736s] Level 1:colcon.colcon_core.environment:checking '/ros2_ws/install/luna_control/lib/python3.12/site-packages'
[0.737s] Level 1:colcon.colcon_core.environment:checking '/ros2_ws/install/luna_control/bin'
[0.737s] INFO:colcon.colcon_core.shell:Creating package script '/ros2_ws/install/luna_control/share/luna_control/package.ps1'
[0.738s] INFO:colcon.colcon_core.shell:Creating package descriptor '/ros2_ws/install/luna_control/share/luna_control/package.dsv'
[0.739s] INFO:colcon.colcon_core.shell:Creating package script '/ros2_ws/install/luna_control/share/luna_control/package.sh'
[0.741s] INFO:colcon.colcon_core.shell:Creating package script '/ros2_ws/install/luna_control/share/luna_control/package.bash'
[0.742s] INFO:colcon.colcon_core.shell:Creating package script '/ros2_ws/install/luna_control/share/luna_control/package.zsh'
[0.743s] Level 1:colcon.colcon_core.environment:create_file_with_runtime_dependencies(/ros2_ws/install/luna_control/share/colcon-core/packages/luna_control)
[0.748s] INFO:colcon.colcon_ros.task.ament_python.build:Building ROS package in '/ros2_ws/src/twist_stamper' with build type 'ament_python'
[0.749s] Level 1:colcon.colcon_core.shell:create_environment_hook('twist_stamper', 'ament_prefix_path')
[0.749s] INFO:colcon.colcon_core.shell:Creating environment hook '/ros2_ws/install/twist_stamper/share/twist_stamper/hook/ament_prefix_path.ps1'
[0.750s] INFO:colcon.colcon_core.shell:Creating environment descriptor '/ros2_ws/install/twist_stamper/share/twist_stamper/hook/ament_prefix_path.dsv'
[0.752s] INFO:colcon.colcon_core.shell:Creating environment hook '/ros2_ws/install/twist_stamper/share/twist_stamper/hook/ament_prefix_path.sh'
[0.753s] INFO:colcon.colcon_core.shell:Skip shell extension 'powershell' for command environment: Not usable outside of PowerShell
[0.753s] DEBUG:colcon.colcon_core.shell:Skip shell extension 'dsv' for command environment
[0.762s] Level 1:colcon.colcon_core.environment:create_environment_scripts_only(lunabot_2425)
[0.763s] DEBUG:colcon.colcon_core.event_handler.log_command:Invoked command in '/ros2_ws/build/lunabot_2425' returned '0': CMAKE_PREFIX_PATH=${CMAKE_PREFIX_PATH}:/ros2_ws/install/twist_stamper:/ros2_ws/install/teleop_twist_keyboard:/opt/ros/jazzy /usr/bin/cmake --install /ros2_ws/build/lunabot_2425
[0.763s] Level 1:colcon.colcon_core.environment:checking '/ros2_ws/install/lunabot_2425' for CMake module files
[0.767s] Level 1:colcon.colcon_core.environment:checking '/ros2_ws/install/lunabot_2425' for CMake config files
[0.768s] Level 1:colcon.colcon_core.shell:create_environment_hook('lunabot_2425', 'cmake_prefix_path')
[0.768s] INFO:colcon.colcon_core.shell:Creating environment hook '/ros2_ws/install/lunabot_2425/share/lunabot_2425/hook/cmake_prefix_path.ps1'
[0.769s] INFO:colcon.colcon_core.shell:Creating environment descriptor '/ros2_ws/install/lunabot_2425/share/lunabot_2425/hook/cmake_prefix_path.dsv'
[0.770s] INFO:colcon.colcon_core.shell:Creating environment hook '/ros2_ws/install/lunabot_2425/share/lunabot_2425/hook/cmake_prefix_path.sh'
[0.771s] Level 1:colcon.colcon_core.environment:checking '/ros2_ws/install/lunabot_2425/bin'
[0.771s] Level 1:colcon.colcon_core.environment:checking '/ros2_ws/install/lunabot_2425/lib/pkgconfig/lunabot_2425.pc'
[0.771s] Level 1:colcon.colcon_core.environment:checking '/ros2_ws/install/lunabot_2425/lib/python3.12/site-packages'
[0.772s] Level 1:colcon.colcon_core.environment:checking '/ros2_ws/install/lunabot_2425/bin'
[0.772s] INFO:colcon.colcon_core.shell:Creating package script '/ros2_ws/install/lunabot_2425/share/lunabot_2425/package.ps1'
[0.773s] INFO:colcon.colcon_core.shell:Creating package descriptor '/ros2_ws/install/lunabot_2425/share/lunabot_2425/package.dsv'
[0.774s] INFO:colcon.colcon_core.shell:Creating package script '/ros2_ws/install/lunabot_2425/share/lunabot_2425/package.sh'
[0.775s] INFO:colcon.colcon_core.shell:Creating package script '/ros2_ws/install/lunabot_2425/share/lunabot_2425/package.bash'
[0.775s] INFO:colcon.colcon_core.shell:Creating package script '/ros2_ws/install/lunabot_2425/share/lunabot_2425/package.zsh'
[0.776s] Level 1:colcon.colcon_core.environment:create_file_with_runtime_dependencies(/ros2_ws/install/lunabot_2425/share/colcon-core/packages/lunabot_2425)
[0.777s] Level 1:colcon.colcon_core.environment:create_environment_scripts_only(lunabot_2425)
[0.777s] Level 1:colcon.colcon_core.environment:checking '/ros2_ws/install/lunabot_2425' for CMake module files
[0.778s] Level 1:colcon.colcon_core.environment:checking '/ros2_ws/install/lunabot_2425' for CMake config files
[0.779s] Level 1:colcon.colcon_core.shell:create_environment_hook('lunabot_2425', 'cmake_prefix_path')
[0.779s] INFO:colcon.colcon_core.shell:Creating environment hook '/ros2_ws/install/lunabot_2425/share/lunabot_2425/hook/cmake_prefix_path.ps1'
[0.780s] INFO:colcon.colcon_core.shell:Creating environment descriptor '/ros2_ws/install/lunabot_2425/share/lunabot_2425/hook/cmake_prefix_path.dsv'
[0.781s] INFO:colcon.colcon_core.shell:Creating environment hook '/ros2_ws/install/lunabot_2425/share/lunabot_2425/hook/cmake_prefix_path.sh'
[0.782s] Level 1:colcon.colcon_core.environment:checking '/ros2_ws/install/lunabot_2425/bin'
[0.782s] Level 1:colcon.colcon_core.environment:checking '/ros2_ws/install/lunabot_2425/lib/pkgconfig/lunabot_2425.pc'
[0.783s] Level 1:colcon.colcon_core.environment:checking '/ros2_ws/install/lunabot_2425/lib/python3.12/site-packages'
[0.783s] Level 1:colcon.colcon_core.environment:checking '/ros2_ws/install/lunabot_2425/bin'
[0.784s] INFO:colcon.colcon_core.shell:Creating package script '/ros2_ws/install/lunabot_2425/share/lunabot_2425/package.ps1'
[0.785s] INFO:colcon.colcon_core.shell:Creating package descriptor '/ros2_ws/install/lunabot_2425/share/lunabot_2425/package.dsv'
[0.786s] INFO:colcon.colcon_core.shell:Creating package script '/ros2_ws/install/lunabot_2425/share/lunabot_2425/package.sh'
[0.787s] INFO:colcon.colcon_core.shell:Creating package script '/ros2_ws/install/lunabot_2425/share/lunabot_2425/package.bash'
[0.788s] INFO:colcon.colcon_core.shell:Creating package script '/ros2_ws/install/lunabot_2425/share/lunabot_2425/package.zsh'
[0.788s] Level 1:colcon.colcon_core.environment:create_file_with_runtime_dependencies(/ros2_ws/install/lunabot_2425/share/colcon-core/packages/lunabot_2425)
[1.187s] INFO:colcon.colcon_core.task.python.build:Building Python package in '/ros2_ws/src/twist_stamper'
[1.187s] INFO:colcon.colcon_core.shell:Skip shell extension 'powershell' for command environment: Not usable outside of PowerShell
[1.187s] DEBUG:colcon.colcon_core.shell:Skip shell extension 'dsv' for command environment
[1.617s] DEBUG:colcon.colcon_core.event_handler.log_command:Invoking command in '/ros2_ws/build/teleop_twist_keyboard': PYTHONPATH=/ros2_ws/build/teleop_twist_keyboard/prefix_override:/usr/lib/python3/dist-packages/colcon_core/task/python/colcon_distutils_commands:/ros2_ws/install/teleop_twist_keyboard/lib/python3.12/site-packages:${PYTHONPATH} /usr/bin/python3 -W ignore:setup.py install is deprecated -W ignore:easy_install command is deprecated setup.py develop --editable --build-directory /ros2_ws/build/teleop_twist_keyboard/build --no-deps symlink_data
[2.074s] DEBUG:colcon.colcon_core.event_handler.log_command:Invoking command in '/ros2_ws/build/twist_stamper': PYTHONPATH=/ros2_ws/build/twist_stamper/prefix_override:/usr/lib/python3/dist-packages/colcon_core/task/python/colcon_distutils_commands:/ros2_ws/install/twist_stamper/lib/python3.12/site-packages:${PYTHONPATH} /usr/bin/python3 -W ignore:setup.py install is deprecated -W ignore:easy_install command is deprecated setup.py develop --editable --build-directory /ros2_ws/build/twist_stamper/build --no-deps symlink_data
[2.115s] DEBUG:colcon.colcon_core.event_handler.log_command:Invoked command in '/ros2_ws/build/quad_swerve_controller' returned '0': CMAKE_PREFIX_PATH=${CMAKE_PREFIX_PATH}:/ros2_ws/install/twist_stamper:/ros2_ws/install/teleop_twist_keyboard:/opt/ros/jazzy /usr/bin/cmake /ros2_ws/src/quad_swerve_controller -DAMENT_CMAKE_SYMLINK_INSTALL=1 -DCMAKE_INSTALL_PREFIX=/ros2_ws/install/quad_swerve_controller
[2.116s] DEBUG:colcon.colcon_core.event_handler.log_command:Invoking command in '/ros2_ws/build/quad_swerve_controller': CMAKE_PREFIX_PATH=${CMAKE_PREFIX_PATH}:/ros2_ws/install/twist_stamper:/ros2_ws/install/teleop_twist_keyboard:/opt/ros/jazzy /usr/bin/cmake --build /ros2_ws/build/quad_swerve_controller -- -j4 -l4
[2.620s] Level 1:colcon.colcon_core.shell:create_environment_hook('teleop_twist_keyboard', 'pythonpath_develop')
[2.620s] DEBUG:colcon.colcon_core.event_handler.log_command:Invoked command in '/ros2_ws/build/teleop_twist_keyboard' returned '0': PYTHONPATH=/ros2_ws/build/teleop_twist_keyboard/prefix_override:/usr/lib/python3/dist-packages/colcon_core/task/python/colcon_distutils_commands:/ros2_ws/install/teleop_twist_keyboard/lib/python3.12/site-packages:${PYTHONPATH} /usr/bin/python3 -W ignore:setup.py install is deprecated -W ignore:easy_install command is deprecated setup.py develop --editable --build-directory /ros2_ws/build/teleop_twist_keyboard/build --no-deps symlink_data
[2.621s] INFO:colcon.colcon_core.shell:Creating environment hook '/ros2_ws/build/teleop_twist_keyboard/share/teleop_twist_keyboard/hook/pythonpath_develop.ps1'
[2.622s] INFO:colcon.colcon_core.shell:Creating environment descriptor '/ros2_ws/build/teleop_twist_keyboard/share/teleop_twist_keyboard/hook/pythonpath_develop.dsv'
[2.623s] INFO:colcon.colcon_core.shell:Creating environment hook '/ros2_ws/build/teleop_twist_keyboard/share/teleop_twist_keyboard/hook/pythonpath_develop.sh'
[2.623s] Level 1:colcon.colcon_core.environment:checking '/ros2_ws/install/teleop_twist_keyboard' for CMake module files
[2.624s] Level 1:colcon.colcon_core.environment:checking '/ros2_ws/install/teleop_twist_keyboard' for CMake config files
[2.625s] Level 1:colcon.colcon_core.environment:checking '/ros2_ws/install/teleop_twist_keyboard/lib'
[2.625s] Level 1:colcon.colcon_core.environment:checking '/ros2_ws/install/teleop_twist_keyboard/bin'
[2.625s] Level 1:colcon.colcon_core.environment:checking '/ros2_ws/install/teleop_twist_keyboard/lib/pkgconfig/teleop_twist_keyboard.pc'
[2.626s] Level 1:colcon.colcon_core.environment:checking '/ros2_ws/install/teleop_twist_keyboard/lib/python3.12/site-packages'
[2.626s] Level 1:colcon.colcon_core.shell:create_environment_hook('teleop_twist_keyboard', 'pythonpath')
[2.626s] INFO:colcon.colcon_core.shell:Creating environment hook '/ros2_ws/install/teleop_twist_keyboard/share/teleop_twist_keyboard/hook/pythonpath.ps1'
[2.627s] INFO:colcon.colcon_core.shell:Creating environment descriptor '/ros2_ws/install/teleop_twist_keyboard/share/teleop_twist_keyboard/hook/pythonpath.dsv'
[2.628s] INFO:colcon.colcon_core.shell:Creating environment hook '/ros2_ws/install/teleop_twist_keyboard/share/teleop_twist_keyboard/hook/pythonpath.sh'
[2.629s] Level 1:colcon.colcon_core.environment:checking '/ros2_ws/install/teleop_twist_keyboard/bin'
[2.629s] Level 1:colcon.colcon_core.environment:create_environment_scripts_only(teleop_twist_keyboard)
[2.629s] INFO:colcon.colcon_core.shell:Creating package script '/ros2_ws/install/teleop_twist_keyboard/share/teleop_twist_keyboard/package.ps1'
[2.630s] INFO:colcon.colcon_core.shell:Creating package descriptor '/ros2_ws/install/teleop_twist_keyboard/share/teleop_twist_keyboard/package.dsv'
[2.631s] INFO:colcon.colcon_core.shell:Creating package script '/ros2_ws/install/teleop_twist_keyboard/share/teleop_twist_keyboard/package.sh'
[2.632s] INFO:colcon.colcon_core.shell:Creating package script '/ros2_ws/install/teleop_twist_keyboard/share/teleop_twist_keyboard/package.bash'
[2.633s] INFO:colcon.colcon_core.shell:Creating package script '/ros2_ws/install/teleop_twist_keyboard/share/teleop_twist_keyboard/package.zsh'
[2.633s] Level 1:colcon.colcon_core.environment:create_file_with_runtime_dependencies(/ros2_ws/install/teleop_twist_keyboard/share/colcon-core/packages/teleop_twist_keyboard)
[2.951s] Level 1:colcon.colcon_core.shell:create_environment_hook('twist_stamper', 'pythonpath_develop')
[2.951s] INFO:colcon.colcon_core.shell:Creating environment hook '/ros2_ws/build/twist_stamper/share/twist_stamper/hook/pythonpath_develop.ps1'
[2.952s] DEBUG:colcon.colcon_core.event_handler.log_command:Invoked command in '/ros2_ws/build/twist_stamper' returned '0': PYTHONPATH=/ros2_ws/build/twist_stamper/prefix_override:/usr/lib/python3/dist-packages/colcon_core/task/python/colcon_distutils_commands:/ros2_ws/install/twist_stamper/lib/python3.12/site-packages:${PYTHONPATH} /usr/bin/python3 -W ignore:setup.py install is deprecated -W ignore:easy_install command is deprecated setup.py develop --editable --build-directory /ros2_ws/build/twist_stamper/build --no-deps symlink_data
[2.952s] INFO:colcon.colcon_core.shell:Creating environment descriptor '/ros2_ws/build/twist_stamper/share/twist_stamper/hook/pythonpath_develop.dsv'
[2.953s] INFO:colcon.colcon_core.shell:Creating environment hook '/ros2_ws/build/twist_stamper/share/twist_stamper/hook/pythonpath_develop.sh'
[2.954s] Level 1:colcon.colcon_core.environment:checking '/ros2_ws/install/twist_stamper' for CMake module files
[2.955s] Level 1:colcon.colcon_core.environment:checking '/ros2_ws/install/twist_stamper' for CMake config files
[2.956s] Level 1:colcon.colcon_core.environment:checking '/ros2_ws/install/twist_stamper/lib'
[2.956s] Level 1:colcon.colcon_core.environment:checking '/ros2_ws/install/twist_stamper/bin'
[2.956s] Level 1:colcon.colcon_core.environment:checking '/ros2_ws/install/twist_stamper/lib/pkgconfig/twist_stamper.pc'
[2.956s] Level 1:colcon.colcon_core.environment:checking '/ros2_ws/install/twist_stamper/lib/python3.12/site-packages'
[2.957s] Level 1:colcon.colcon_core.shell:create_environment_hook('twist_stamper', 'pythonpath')
[2.957s] INFO:colcon.colcon_core.shell:Creating environment hook '/ros2_ws/install/twist_stamper/share/twist_stamper/hook/pythonpath.ps1'
[2.958s] INFO:colcon.colcon_core.shell:Creating environment descriptor '/ros2_ws/install/twist_stamper/share/twist_stamper/hook/pythonpath.dsv'
[2.958s] INFO:colcon.colcon_core.shell:Creating environment hook '/ros2_ws/install/twist_stamper/share/twist_stamper/hook/pythonpath.sh'
[2.960s] Level 1:colcon.colcon_core.environment:checking '/ros2_ws/install/twist_stamper/bin'
[2.960s] Level 1:colcon.colcon_core.environment:create_environment_scripts_only(twist_stamper)
[2.960s] INFO:colcon.colcon_core.shell:Creating package script '/ros2_ws/install/twist_stamper/share/twist_stamper/package.ps1'
[2.961s] INFO:colcon.colcon_core.shell:Creating package descriptor '/ros2_ws/install/twist_stamper/share/twist_stamper/package.dsv'
[2.962s] INFO:colcon.colcon_core.shell:Creating package script '/ros2_ws/install/twist_stamper/share/twist_stamper/package.sh'
[2.963s] INFO:colcon.colcon_core.shell:Creating package script '/ros2_ws/install/twist_stamper/share/twist_stamper/package.bash'
[2.964s] INFO:colcon.colcon_core.shell:Creating package script '/ros2_ws/install/twist_stamper/share/twist_stamper/package.zsh'
[2.964s] Level 1:colcon.colcon_core.environment:create_file_with_runtime_dependencies(/ros2_ws/install/twist_stamper/share/colcon-core/packages/twist_stamper)
[6.497s] DEBUG:colcon.colcon_core.event_handler.log_command:Invoked command in '/ros2_ws/build/quad_swerve_controller' returned '2': CMAKE_PREFIX_PATH=${CMAKE_PREFIX_PATH}:/ros2_ws/install/twist_stamper:/ros2_ws/install/teleop_twist_keyboard:/opt/ros/jazzy /usr/bin/cmake --build /ros2_ws/build/quad_swerve_controller -- -j4 -l4
[6.497s] Level 1:colcon.colcon_core.environment:create_environment_scripts_only(quad_swerve_controller)
[6.497s] Level 1:colcon.colcon_core.environment:checking '/ros2_ws/install/quad_swerve_controller' for CMake module files
[6.498s] Level 1:colcon.colcon_core.environment:checking '/ros2_ws/install/quad_swerve_controller' for CMake config files
[6.498s] Level 1:colcon.colcon_core.environment:checking '/ros2_ws/install/quad_swerve_controller/bin'
[6.498s] Level 1:colcon.colcon_core.environment:checking '/ros2_ws/install/quad_swerve_controller/lib/pkgconfig/quad_swerve_controller.pc'
[6.499s] Level 1:colcon.colcon_core.environment:checking '/ros2_ws/install/quad_swerve_controller/lib/python3.12/site-packages'
[6.499s] Level 1:colcon.colcon_core.environment:checking '/ros2_ws/install/quad_swerve_controller/bin'
[6.499s] INFO:colcon.colcon_core.shell:Creating package script '/ros2_ws/install/quad_swerve_controller/share/quad_swerve_controller/package.ps1'
[6.500s] INFO:colcon.colcon_core.shell:Creating package descriptor '/ros2_ws/install/quad_swerve_controller/share/quad_swerve_controller/package.dsv'
[6.500s] INFO:colcon.colcon_core.shell:Creating package script '/ros2_ws/install/quad_swerve_controller/share/quad_swerve_controller/package.sh'
[6.501s] INFO:colcon.colcon_core.shell:Creating package script '/ros2_ws/install/quad_swerve_controller/share/quad_swerve_controller/package.bash'
[6.501s] INFO:colcon.colcon_core.shell:Creating package script '/ros2_ws/install/quad_swerve_controller/share/quad_swerve_controller/package.zsh'
[6.502s] Level 1:colcon.colcon_core.environment:create_file_with_runtime_dependencies(/ros2_ws/install/quad_swerve_controller/share/colcon-core/packages/quad_swerve_controller)
[6.512s] DEBUG:colcon.colcon_parallel_executor.executor.parallel:closing loop
[6.513s] DEBUG:colcon.colcon_parallel_executor.executor.parallel:loop closed
[6.513s] DEBUG:colcon.colcon_parallel_executor.executor.parallel:run_until_complete finished with '2'
[6.513s] DEBUG:colcon.colcon_core.event_reactor:joining thread
[6.520s] INFO:colcon.colcon_core.plugin_system:Skipping extension 'colcon_notification.desktop_notification.notify_send': Could not find 'notify-send'
[6.520s] INFO:colcon.colcon_core.plugin_system:Skipping extension 'colcon_notification.desktop_notification.terminal_notifier': Not used on non-Darwin systems
[6.520s] INFO:colcon.colcon_core.plugin_system:Skipping extension 'colcon_notification.desktop_notification.win32': Not used on non-Windows systems
[6.520s] INFO:colcon.colcon_notification.desktop_notification:Sending desktop notification using 'notify2'
[6.523s] DEBUG:colcon.colcon_notification.desktop_notification.notify2:Failed to initialize notify2: org.freedesktop.DBus.Error.Spawn.ExecFailed: /usr/bin/dbus-launch terminated abnormally without any error message
[6.523s] DEBUG:colcon.colcon_core.event_reactor:joined thread
[6.524s] INFO:colcon.colcon_core.shell:Creating prefix script '/ros2_ws/install/local_setup.ps1'
[6.525s] INFO:colcon.colcon_core.shell:Creating prefix util module '/ros2_ws/install/_local_setup_util_ps1.py'
[6.526s] INFO:colcon.colcon_core.shell:Creating prefix chain script '/ros2_ws/install/setup.ps1'
[6.528s] INFO:colcon.colcon_core.shell:Creating prefix script '/ros2_ws/install/local_setup.sh'
[6.528s] INFO:colcon.colcon_core.shell:Creating prefix util module '/ros2_ws/install/_local_setup_util_sh.py'
[6.529s] INFO:colcon.colcon_core.shell:Creating prefix chain script '/ros2_ws/install/setup.sh'
[6.531s] INFO:colcon.colcon_core.shell:Creating prefix script '/ros2_ws/install/local_setup.bash'
[6.532s] INFO:colcon.colcon_core.shell:Creating prefix chain script '/ros2_ws/install/setup.bash'
[6.533s] INFO:colcon.colcon_core.shell:Creating prefix script '/ros2_ws/install/local_setup.zsh'
[6.534s] INFO:colcon.colcon_core.shell:Creating prefix chain script '/ros2_ws/install/setup.zsh'
