[2.282s] Invoking command in '/ros2_ws/build/twist_stamper': PYTHONPATH=/ros2_ws/build/twist_stamper/prefix_override:/usr/lib/python3/dist-packages/colcon_core/task/python/colcon_distutils_commands:/ros2_ws/install/twist_stamper/lib/python3.12/site-packages:${PYTHONPATH} /usr/bin/python3 -W ignore:setup.py install is deprecated -W ignore:easy_install command is deprecated setup.py develop --editable --build-directory /ros2_ws/build/twist_stamper/build --no-deps symlink_data
[3.065s] running develop
[3.319s] running egg_info
[3.319s] creating twist_stamper.egg-info
[3.343s] writing twist_stamper.egg-info/PKG-INFO
[3.344s] writing dependency_links to twist_stamper.egg-info/dependency_links.txt
[3.344s] writing entry points to twist_stamper.egg-info/entry_points.txt
[3.344s] writing requirements to twist_stamper.egg-info/requires.txt
[3.345s] writing top-level names to twist_stamper.egg-info/top_level.txt
[3.345s] writing manifest file 'twist_stamper.egg-info/SOURCES.txt'
[3.410s] reading manifest file 'twist_stamper.egg-info/SOURCES.txt'
[3.413s] writing manifest file 'twist_stamper.egg-info/SOURCES.txt'
[3.461s] running build_ext
[3.461s] Creating /ros2_ws/install/twist_stamper/lib/python3.12/site-packages/twist-stamper.egg-link (link to .)
[3.463s] Installing twist_stamper script to /ros2_ws/install/twist_stamper/lib/twist_stamper
[3.464s] Installing twist_unstamper script to /ros2_ws/install/twist_stamper/lib/twist_stamper
[3.465s] 
[3.465s] Installed /ros2_ws/build/twist_stamper
[3.466s] running symlink_data
[3.466s] creating /ros2_ws/install/twist_stamper/share/ament_index
[3.467s] creating /ros2_ws/install/twist_stamper/share/ament_index/resource_index
[3.468s] creating /ros2_ws/install/twist_stamper/share/ament_index/resource_index/packages
[3.469s] symbolically linking /ros2_ws/build/twist_stamper/resource/twist_stamper -> /ros2_ws/install/twist_stamper/share/ament_index/resource_index/packages
[3.470s] symbolically linking /ros2_ws/build/twist_stamper/package.xml -> /ros2_ws/install/twist_stamper/share/twist_stamper
[3.556s] Invoked command in '/ros2_ws/build/twist_stamper' returned '0': PYTHONPATH=/ros2_ws/build/twist_stamper/prefix_override:/usr/lib/python3/dist-packages/colcon_core/task/python/colcon_distutils_commands:/ros2_ws/install/twist_stamper/lib/python3.12/site-packages:${PYTHONPATH} /usr/bin/python3 -W ignore:setup.py install is deprecated -W ignore:easy_install command is deprecated setup.py develop --editable --build-directory /ros2_ws/build/twist_stamper/build --no-deps symlink_data
