[0.030s] Invoking command in '/ros2_ws/build/lunabot_2425': CMAKE_PREFIX_PATH=${CMAKE_PREFIX_PATH}:/ros2_ws/install/twist_stamper:/ros2_ws/install/teleop_twist_keyboard:/opt/ros/jazzy /usr/bin/cmake /ros2_ws/src/lunabot_2425 -DCMAKE_INSTALL_PREFIX=/ros2_ws/install/lunabot_2425
[0.356s] -- Found ament_cmake: 2.5.4 (/opt/ros/jazzy/share/ament_cmake/cmake)
[0.462s] -- Override CMake install command with custom implementation using symlinks instead of copying resources
[0.473s] -- Found ament_lint_auto: 0.17.3 (/opt/ros/jazzy/share/ament_lint_auto/cmake)
[0.678s] -- Added test 'flake8' to check Python code syntax and style conventions
[0.678s] -- Configured 'flake8' exclude dirs and/or files: 
[0.678s] -- Added test 'lint_cmake' to check CMake code style
[0.679s] -- Added test 'pep257' to check Python code against some of the docstring style conventions in PEP 257
[0.684s] -- Added test 'xmllint' to check XML markup files
[0.687s] -- Configuring done (0.6s)
[0.704s] -- Generating done (0.0s)
[0.707s] -- Build files have been written to: /ros2_ws/build/lunabot_2425
[0.709s] Invoked command in '/ros2_ws/build/lunabot_2425' returned '0': CMAKE_PREFIX_PATH=${CMAKE_PREFIX_PATH}:/ros2_ws/install/twist_stamper:/ros2_ws/install/teleop_twist_keyboard:/opt/ros/jazzy /usr/bin/cmake /ros2_ws/src/lunabot_2425 -DCMAKE_INSTALL_PREFIX=/ros2_ws/install/lunabot_2425
[0.710s] Invoking command in '/ros2_ws/build/lunabot_2425': CMAKE_PREFIX_PATH=${CMAKE_PREFIX_PATH}:/ros2_ws/install/twist_stamper:/ros2_ws/install/teleop_twist_keyboard:/opt/ros/jazzy /usr/bin/cmake --build /ros2_ws/build/lunabot_2425 -- -j4 -l4
[0.789s] Invoked command in '/ros2_ws/build/lunabot_2425' returned '0': CMAKE_PREFIX_PATH=${CMAKE_PREFIX_PATH}:/ros2_ws/install/twist_stamper:/ros2_ws/install/teleop_twist_keyboard:/opt/ros/jazzy /usr/bin/cmake --build /ros2_ws/build/lunabot_2425 -- -j4 -l4
[0.809s] Invoking command in '/ros2_ws/build/lunabot_2425': CMAKE_PREFIX_PATH=${CMAKE_PREFIX_PATH}:/ros2_ws/install/twist_stamper:/ros2_ws/install/teleop_twist_keyboard:/opt/ros/jazzy /usr/bin/cmake --install /ros2_ws/build/lunabot_2425
[0.825s] -- Install configuration: ""
[0.827s] -- Execute custom install script
[0.828s] -- Up-to-date symlink: /ros2_ws/install/lunabot_2425/share/lunabot_2425/config/gz_bridge.config.yaml
[0.828s] -- Up-to-date symlink: /ros2_ws/install/lunabot_2425/share/lunabot_2425/config/robot_controllers.yaml
[0.829s] -- Up-to-date symlink: /ros2_ws/install/lunabot_2425/share/lunabot_2425/description/camera.xacro
[0.830s] -- Up-to-date symlink: /ros2_ws/install/lunabot_2425/share/lunabot_2425/description/depth_camera.xacro
[0.830s] -- Up-to-date symlink: /ros2_ws/install/lunabot_2425/share/lunabot_2425/description/gz_control.xacro
[0.831s] -- Up-to-date symlink: /ros2_ws/install/lunabot_2425/share/lunabot_2425/description/robot.urdf.xacro
[0.832s] -- Up-to-date symlink: /ros2_ws/install/lunabot_2425/share/lunabot_2425/description/robot_core.xacro
[0.833s] -- Up-to-date symlink: /ros2_ws/install/lunabot_2425/share/lunabot_2425/description/ros2_control.xacro
[0.833s] -- Up-to-date symlink: /ros2_ws/install/lunabot_2425/share/lunabot_2425/launch/gz_bringup.launch.py
[0.834s] -- Up-to-date symlink: /ros2_ws/install/lunabot_2425/share/lunabot_2425/launch/rsp.launch.py
[0.835s] -- Up-to-date symlink: /ros2_ws/install/lunabot_2425/share/lunabot_2425/stl/Arena_B.stl
[0.835s] -- Up-to-date symlink: /ros2_ws/install/lunabot_2425/share/lunabot_2425/stl/Rock_A.stl
[0.836s] -- Up-to-date symlink: /ros2_ws/install/lunabot_2425/share/lunabot_2425/stl/Rock_B.stl
[0.836s] -- Up-to-date symlink: /ros2_ws/install/lunabot_2425/share/lunabot_2425/stl/Rock_C.stl
[0.837s] -- Up-to-date symlink: /ros2_ws/install/lunabot_2425/share/lunabot_2425/stl/bucket.stl
[0.837s] -- Symlinking: /ros2_ws/install/lunabot_2425/share/lunabot_2425/stl/bucket_meter.stl
[0.855s] -- Up-to-date symlink: /ros2_ws/install/lunabot_2425/share/lunabot_2425/stl/chassis.stl
[0.856s] -- Up-to-date symlink: /ros2_ws/install/lunabot_2425/share/lunabot_2425/stl/rocker_left.stl
[0.856s] -- Symlinking: /ros2_ws/install/lunabot_2425/share/lunabot_2425/stl/rocker_left_meter.stl
[0.879s] -- Up-to-date symlink: /ros2_ws/install/lunabot_2425/share/lunabot_2425/stl/rocker_right.stl
[0.879s] -- Symlinking: /ros2_ws/install/lunabot_2425/share/lunabot_2425/stl/rocker_right_meter.stl
[0.898s] -- Up-to-date symlink: /ros2_ws/install/lunabot_2425/share/lunabot_2425/stl/rover.stl
[0.898s] -- Symlinking: /ros2_ws/install/lunabot_2425/share/lunabot_2425/stl/testing.txt
[0.914s] -- Up-to-date symlink: /ros2_ws/install/lunabot_2425/share/lunabot_2425/stl/wheel.stl
[0.914s] -- Up-to-date symlink: /ros2_ws/install/lunabot_2425/share/lunabot_2425/stl/wheelpod.stl
[0.914s] -- Up-to-date symlink: /ros2_ws/install/lunabot_2425/share/lunabot_2425/worlds/arena_b.world
[0.915s] -- Up-to-date symlink: /ros2_ws/install/lunabot_2425/share/lunabot_2425/worlds/empty.world
[0.915s] -- Up-to-date symlink: /ros2_ws/install/lunabot_2425/share/ament_index/resource_index/package_run_dependencies/lunabot_2425
[0.915s] -- Up-to-date symlink: /ros2_ws/install/lunabot_2425/share/ament_index/resource_index/parent_prefix_path/lunabot_2425
[0.916s] -- Up-to-date symlink: /ros2_ws/install/lunabot_2425/share/lunabot_2425/environment/ament_prefix_path.sh
[0.916s] -- Up-to-date symlink: /ros2_ws/install/lunabot_2425/share/lunabot_2425/environment/ament_prefix_path.dsv
[0.917s] -- Up-to-date symlink: /ros2_ws/install/lunabot_2425/share/lunabot_2425/environment/path.sh
[0.920s] -- Up-to-date symlink: /ros2_ws/install/lunabot_2425/share/lunabot_2425/environment/path.dsv
[0.920s] -- Up-to-date symlink: /ros2_ws/install/lunabot_2425/share/lunabot_2425/local_setup.bash
[0.920s] -- Up-to-date symlink: /ros2_ws/install/lunabot_2425/share/lunabot_2425/local_setup.sh
[0.920s] -- Up-to-date symlink: /ros2_ws/install/lunabot_2425/share/lunabot_2425/local_setup.zsh
[0.920s] -- Up-to-date symlink: /ros2_ws/install/lunabot_2425/share/lunabot_2425/local_setup.dsv
[0.920s] -- Symlinking: /ros2_ws/install/lunabot_2425/share/lunabot_2425/package.dsv
[0.936s] -- Up-to-date symlink: /ros2_ws/install/lunabot_2425/share/ament_index/resource_index/packages/lunabot_2425
[0.936s] -- Up-to-date symlink: /ros2_ws/install/lunabot_2425/share/lunabot_2425/cmake/lunabot_2425Config.cmake
[0.937s] -- Up-to-date symlink: /ros2_ws/install/lunabot_2425/share/lunabot_2425/cmake/lunabot_2425Config-version.cmake
[0.937s] -- Up-to-date symlink: /ros2_ws/install/lunabot_2425/share/lunabot_2425/package.xml
[0.940s] Invoked command in '/ros2_ws/build/lunabot_2425' returned '0': CMAKE_PREFIX_PATH=${CMAKE_PREFIX_PATH}:/ros2_ws/install/twist_stamper:/ros2_ws/install/teleop_twist_keyboard:/opt/ros/jazzy /usr/bin/cmake --install /ros2_ws/build/lunabot_2425
