[0.071s] Invoking command in '/ros2_ws/build/luna_control': CMAKE_PREFIX_PATH=${CMAKE_PREFIX_PATH}:/ros2_ws/install/twist_stamper:/ros2_ws/install/teleop_twist_keyboard:/opt/ros/jazzy /usr/bin/cmake /ros2_ws/src/luna_control -DAMENT_CMAKE_SYMLINK_INSTALL=1 -DCMAKE_INSTALL_PREFIX=/ros2_ws/install/luna_control
[0.630s] -- Found ament_cmake: 2.5.4 (/opt/ros/jazzy/share/ament_cmake/cmake)
[0.693s] -- Override CMake install command with custom implementation using symlinks instead of copying resources
[0.725s] -- Found controller_interface: 4.38.0 (/opt/ros/jazzy/share/controller_interface/cmake)
[0.832s] -- Found rosidl_generator_c: 4.6.6 (/opt/ros/jazzy/share/rosidl_generator_c/cmake)
[0.863s] -- Found rosidl_generator_cpp: 4.6.6 (/opt/ros/jazzy/share/rosidl_generator_cpp/cmake)
[0.901s] -- Using all available rosidl_typesupport_c: rosidl_typesupport_fastrtps_c;rosidl_typesupport_introspection_c
[0.947s] -- Using all available rosidl_typesupport_cpp: rosidl_typesupport_fastrtps_cpp;rosidl_typesupport_introspection_cpp
[1.768s] -- Found TinyXML2 via Config file: /usr/lib/x86_64-linux-gnu/cmake/tinyxml2
[1.925s] -- Found rmw_implementation_cmake: 7.3.2 (/opt/ros/jazzy/share/rmw_implementation_cmake/cmake)
[1.928s] -- Found rmw_fastrtps_cpp: 8.4.3 (/opt/ros/jazzy/share/rmw_fastrtps_cpp/cmake)
[1.984s] -- Found TinyXML2 via Config file: /usr/lib/x86_64-linux-gnu/cmake/tinyxml2
[2.002s] -- Found TinyXML2 via Config file: /usr/lib/x86_64-linux-gnu/cmake/tinyxml2
[2.046s] -- Found TinyXML2 via Config file: /usr/lib/x86_64-linux-gnu/cmake/tinyxml2
[2.063s] -- Found TinyXML2 via Config file: /usr/lib/x86_64-linux-gnu/cmake/tinyxml2
[2.084s] -- Using RMW implementation 'rmw_fastrtps_cpp' as default
[2.425s] -- Found generate_parameter_library: 0.5.0 (/opt/ros/jazzy/share/generate_parameter_library/cmake)
[2.428s] -- Found parameter_traits: 0.5.0 (/opt/ros/jazzy/share/parameter_traits/cmake)
[2.451s] -- Found nav_msgs: 5.3.6 (/opt/ros/jazzy/share/nav_msgs/cmake)
[2.509s] -- Found tf2: 0.36.14 (/opt/ros/jazzy/share/tf2/cmake)
[2.520s] -- Found tf2_msgs: 0.36.14 (/opt/ros/jazzy/share/tf2_msgs/cmake)
[2.802s] -- Configuring done (2.7s)
[2.882s] -- Generating done (0.0s)
[2.894s] -- Build files have been written to: /ros2_ws/build/luna_control
[2.914s] Invoked command in '/ros2_ws/build/luna_control' returned '0': CMAKE_PREFIX_PATH=${CMAKE_PREFIX_PATH}:/ros2_ws/install/twist_stamper:/ros2_ws/install/teleop_twist_keyboard:/opt/ros/jazzy /usr/bin/cmake /ros2_ws/src/luna_control -DAMENT_CMAKE_SYMLINK_INSTALL=1 -DCMAKE_INSTALL_PREFIX=/ros2_ws/install/luna_control
[2.917s] Invoking command in '/ros2_ws/build/luna_control': CMAKE_PREFIX_PATH=${CMAKE_PREFIX_PATH}:/ros2_ws/install/twist_stamper:/ros2_ws/install/teleop_twist_keyboard:/opt/ros/jazzy /usr/bin/cmake --build /ros2_ws/build/luna_control -- -j4 -l4
[3.052s] [ 33%] Built target luna_controller_parameters
[3.125s] [ 50%] [32mBuilding CXX object CMakeFiles/luna_control.dir/src/LunaController.cpp.o[0m
[4.260s] In file included from [01m[K/ros2_ws/src/luna_control/include/luna_control/LunaController.hpp:42[m[K,
[4.260s]                  from [01m[K/ros2_ws/src/luna_control/src/LunaController.cpp:31[m[K:
[4.261s] [01m[K/opt/ros/jazzy/include/realtime_tools/realtime_tools/realtime_box.h:25:2:[m[K [01;35m[Kwarning: [m[K#warning "This header include is deprecated. Please update your code to use 'realtime_box.hpp' header." [[01;35m[K-Wcpp[m[K]
[4.261s]    25 | #[01;35m[Kwarning[m[K \
[4.261s]       |  [01;35m[K^~~~~~~[m[K
[4.262s] In file included from [01m[K/ros2_ws/src/luna_control/include/luna_control/LunaController.hpp:43[m[K:
[4.262s] [01m[K/opt/ros/jazzy/include/realtime_tools/realtime_tools/realtime_publisher.h:25:2:[m[K [01;35m[Kwarning: [m[K#warning "This header include is deprecated. Please update your code to use 'realtime_publisher.hpp' header." [[01;35m[K-Wcpp[m[K]
[4.262s]    25 | #[01;35m[Kwarning[m[K \
[4.262s]       |  [01;35m[K^~~~~~~[m[K
[7.528s] In file included from [01m[K/opt/ros/jazzy/include/realtime_tools/realtime_tools/realtime_box.h:18[m[K:
[7.528s] [01m[K/opt/ros/jazzy/include/realtime_tools/realtime_tools/realtime_box.hpp:40:151:[m[K [01;36m[Knote: [m[K‘[01m[K#pragma message: 'RealtimeBox' is deprecated. Please update your code to use 'realtime_thread_safe_box.hpp' header, and class name 'RealtimeThreadSafeBox' instead.[m[K’
[7.528s]    40 |   "'RealtimeBox' is deprecated. Please update your code to use 'realtime_thread_safe_box.hpp' header, and class name 'RealtimeThreadSafeBox' instead."[01;36m[K)[m[K  //NOLINT
[7.528s]       |                                                                                                                                                       [01;36m[K^[m[K
[7.557s] In file included from [01m[K/ros2_ws/src/luna_control/include/luna_control/LunaController.hpp:47[m[K:
[7.558s] [01m[K/ros2_ws/build/luna_control/include/luna_controller_parameters.hpp:1:145:[m[K [01;36m[Knote: [m[K‘[01m[K#pragma message: #include "luna_controller_parameters.hpp" is deprecated. Use #include <luna_control/luna_controller_parameters.hpp> instead.[m[K’
[7.558s]     1 | #pragma message("#include \"luna_controller_parameters.hpp\" is deprecated. Use #include <luna_control/luna_controller_parameters.hpp> instead."[01;36m[K)[m[K
[7.558s]       |                                                                                                                                                 [01;36m[K^[m[K
[7.921s] [01m[K/ros2_ws/src/luna_control/src/LunaController.cpp:[m[K In member function ‘[01m[Kvirtual controller_interface::return_type luna_controller::LunaController::[01;32m[Kupdate[m[K(const rclcpp::Time&, const rclcpp::Duration&)[m[K’:
[7.921s] [01m[K/ros2_ws/src/luna_control/src/LunaController.cpp:169:35:[m[K [01;35m[Kwarning: [m[K‘[01m[Kstd::enable_if_t<is_ptr_or_smart_ptr<U>, void> realtime_tools::RealtimeThreadSafeBox<T, mutex_type>::[01;32m[Kget[m[K(T&) const [35m[K[with U = std::shared_ptr<geometry_msgs::msg::TwistStamped_<std::allocator<void> > >; T = std::shared_ptr<geometry_msgs::msg::TwistStamped_<std::allocator<void> > >; mutex_type = std::mutex; std::enable_if_t<is_ptr_or_smart_ptr<U>, void> = void][m[K[m[K’ is deprecated: Use get(const std::function<void(const T &)> & func) instead! [[01;35m[K-Wdeprecated-declarations[m[K]
[7.922s]   169 |     [01;35m[Kreceived_velocity_msg_ptr_.get(last_command_msg)[m[K;
[7.922s]       |     [01;35m[K~~~~~~~~~~~~~~~~~~~~~~~~~~~~~~^~~~~~~~~~~~~~~~~~[m[K
[7.922s] In file included from [01m[K/opt/ros/jazzy/include/realtime_tools/realtime_tools/realtime_box.hpp:36[m[K:
[7.922s] [01m[K/opt/ros/jazzy/include/realtime_tools/realtime_tools/realtime_thread_safe_box.hpp:353:59:[m[K [01;36m[Knote: [m[Kdeclared here
[7.922s]   353 |   typename std::enable_if_t<is_ptr_or_smart_ptr<U>, void> [01;36m[Kget[m[K(T & in) const
[7.922s]       |                                                           [01;36m[K^~~[m[K
[7.923s] [01m[K/ros2_ws/src/luna_control/src/LunaController.cpp:219:116:[m[K [01;35m[Kwarning: [m[K‘[01m[Kdouble hardware_interface::LoanedStateInterface::[01;32m[Kget_value[m[K() const[m[K’ is deprecated: Use std::optional<T> get_optional() instead to retrieve the value. This method will be removed by the ROS 2 Kilted Kaiju release. [[01;35m[K-Wdeprecated-declarations[m[K]
[7.923s]   219 |         const double left_back_wheel_feedback = [01;35m[Kregistered_left_back_wheel_handles_[index].feedback.get().get_value()[m[K;
[7.923s]       |                                                 [01;35m[K~~~~~~~~~~~~~~~~~~~~~~~~~~~~~~~~~~~~~~~~~~~~~~~~~~~~~~~~~~~~~~~~~~~^~[m[K
[7.924s] In file included from [01m[K/opt/ros/jazzy/include/controller_interface/controller_interface/controller_interface_base.hpp:30[m[K,
[7.924s]                  from [01m[K/opt/ros/jazzy/include/controller_interface/controller_interface/controller_interface.hpp:21[m[K,
[7.924s]                  from [01m[K/ros2_ws/src/luna_control/include/luna_control/LunaController.hpp:35[m[K:
[7.925s] [01m[K/opt/ros/jazzy/include/hardware_interface/hardware_interface/loaned_state_interface.hpp:94:10:[m[K [01;36m[Knote: [m[Kdeclared here
[7.925s]    94 |   double [01;36m[Kget_value[m[K() const
[7.925s]       |          [01;36m[K^~~~~~~~~[m[K
[7.925s] [01m[K/ros2_ws/src/luna_control/src/LunaController.cpp:220:118:[m[K [01;35m[Kwarning: [m[K‘[01m[Kdouble hardware_interface::LoanedStateInterface::[01;32m[Kget_value[m[K() const[m[K’ is deprecated: Use std::optional<T> get_optional() instead to retrieve the value. This method will be removed by the ROS 2 Kilted Kaiju release. [[01;35m[K-Wdeprecated-declarations[m[K]
[7.925s]   220 |         const double left_front_wheel_feedback = [01;35m[Kregistered_left_front_wheel_handles_[index].feedback.get().get_value()[m[K;
[7.925s]       |                                                  [01;35m[K~~~~~~~~~~~~~~~~~~~~~~~~~~~~~~~~~~~~~~~~~~~~~~~~~~~~~~~~~~~~~~~~~~~~^~[m[K
[7.926s] [01m[K/opt/ros/jazzy/include/hardware_interface/hardware_interface/loaned_state_interface.hpp:94:10:[m[K [01;36m[Knote: [m[Kdeclared here
[7.926s]    94 |   double [01;36m[Kget_value[m[K() const
[7.926s]       |          [01;36m[K^~~~~~~~~[m[K
[7.926s] [01m[K/ros2_ws/src/luna_control/src/LunaController.cpp:221:118:[m[K [01;35m[Kwarning: [m[K‘[01m[Kdouble hardware_interface::LoanedStateInterface::[01;32m[Kget_value[m[K() const[m[K’ is deprecated: Use std::optional<T> get_optional() instead to retrieve the value. This method will be removed by the ROS 2 Kilted Kaiju release. [[01;35m[K-Wdeprecated-declarations[m[K]
[7.926s]   221 |         const double right_back_wheel_feedback = [01;35m[Kregistered_right_back_wheel_handles_[index].feedback.get().get_value()[m[K;
[7.926s]       |                                                  [01;35m[K~~~~~~~~~~~~~~~~~~~~~~~~~~~~~~~~~~~~~~~~~~~~~~~~~~~~~~~~~~~~~~~~~~~~^~[m[K
[7.927s] [01m[K/opt/ros/jazzy/include/hardware_interface/hardware_interface/loaned_state_interface.hpp:94:10:[m[K [01;36m[Knote: [m[Kdeclared here
[7.927s]    94 |   double [01;36m[Kget_value[m[K() const
[7.927s]       |          [01;36m[K^~~~~~~~~[m[K
[7.927s] [01m[K/ros2_ws/src/luna_control/src/LunaController.cpp:222:120:[m[K [01;35m[Kwarning: [m[K‘[01m[Kdouble hardware_interface::LoanedStateInterface::[01;32m[Kget_value[m[K() const[m[K’ is deprecated: Use std::optional<T> get_optional() instead to retrieve the value. This method will be removed by the ROS 2 Kilted Kaiju release. [[01;35m[K-Wdeprecated-declarations[m[K]
[7.927s]   222 |         const double right_front_wheel_feedback = [01;35m[Kregistered_right_front_wheel_handles_[index].feedback.get().get_value()[m[K;
[7.927s]       |                                                   [01;35m[K~~~~~~~~~~~~~~~~~~~~~~~~~~~~~~~~~~~~~~~~~~~~~~~~~~~~~~~~~~~~~~~~~~~~~^~[m[K
[7.927s] [01m[K/opt/ros/jazzy/include/hardware_interface/hardware_interface/loaned_state_interface.hpp:94:10:[m[K [01;36m[Knote: [m[Kdeclared here
[7.927s]    94 |   double [01;36m[Kget_value[m[K() const
[7.927s]       |          [01;36m[K^~~~~~~~~[m[K
[7.927s] [01m[K/ros2_ws/src/luna_control/src/LunaController.cpp:232:112:[m[K [01;35m[Kwarning: [m[K‘[01m[Kdouble hardware_interface::LoanedStateInterface::[01;32m[Kget_value[m[K() const[m[K’ is deprecated: Use std::optional<T> get_optional() instead to retrieve the value. This method will be removed by the ROS 2 Kilted Kaiju release. [[01;35m[K-Wdeprecated-declarations[m[K]
[7.928s]   232 |         const double left_back_pod_feedback = [01;35m[Kregistered_left_back_pod_handles_[index].feedback.get().get_value()[m[K;
[7.928s]       |                                               [01;35m[K~~~~~~~~~~~~~~~~~~~~~~~~~~~~~~~~~~~~~~~~~~~~~~~~~~~~~~~~~~~~~~~~~^~[m[K
[7.928s] [01m[K/opt/ros/jazzy/include/hardware_interface/hardware_interface/loaned_state_interface.hpp:94:10:[m[K [01;36m[Knote: [m[Kdeclared here
[7.928s]    94 |   double [01;36m[Kget_value[m[K() const
[7.928s]       |          [01;36m[K^~~~~~~~~[m[K
[7.928s] [01m[K/ros2_ws/src/luna_control/src/LunaController.cpp:233:114:[m[K [01;35m[Kwarning: [m[K‘[01m[Kdouble hardware_interface::LoanedStateInterface::[01;32m[Kget_value[m[K() const[m[K’ is deprecated: Use std::optional<T> get_optional() instead to retrieve the value. This method will be removed by the ROS 2 Kilted Kaiju release. [[01;35m[K-Wdeprecated-declarations[m[K]
[7.928s]   233 |         const double left_front_pod_feedback = [01;35m[Kregistered_left_front_pod_handles_[index].feedback.get().get_value()[m[K;
[7.928s]       |                                                [01;35m[K~~~~~~~~~~~~~~~~~~~~~~~~~~~~~~~~~~~~~~~~~~~~~~~~~~~~~~~~~~~~~~~~~~^~[m[K
[7.928s] [01m[K/opt/ros/jazzy/include/hardware_interface/hardware_interface/loaned_state_interface.hpp:94:10:[m[K [01;36m[Knote: [m[Kdeclared here
[7.928s]    94 |   double [01;36m[Kget_value[m[K() const
[7.929s]       |          [01;36m[K^~~~~~~~~[m[K
[7.929s] [01m[K/ros2_ws/src/luna_control/src/LunaController.cpp:234:114:[m[K [01;35m[Kwarning: [m[K‘[01m[Kdouble hardware_interface::LoanedStateInterface::[01;32m[Kget_value[m[K() const[m[K’ is deprecated: Use std::optional<T> get_optional() instead to retrieve the value. This method will be removed by the ROS 2 Kilted Kaiju release. [[01;35m[K-Wdeprecated-declarations[m[K]
[7.929s]   234 |         const double right_back_pod_feedback = [01;35m[Kregistered_right_back_pod_handles_[index].feedback.get().get_value()[m[K;
[7.929s]       |                                                [01;35m[K~~~~~~~~~~~~~~~~~~~~~~~~~~~~~~~~~~~~~~~~~~~~~~~~~~~~~~~~~~~~~~~~~~^~[m[K
[7.929s] [01m[K/opt/ros/jazzy/include/hardware_interface/hardware_interface/loaned_state_interface.hpp:94:10:[m[K [01;36m[Knote: [m[Kdeclared here
[7.929s]    94 |   double [01;36m[Kget_value[m[K() const
[7.929s]       |          [01;36m[K^~~~~~~~~[m[K
[7.929s] [01m[K/ros2_ws/src/luna_control/src/LunaController.cpp:235:116:[m[K [01;35m[Kwarning: [m[K‘[01m[Kdouble hardware_interface::LoanedStateInterface::[01;32m[Kget_value[m[K() const[m[K’ is deprecated: Use std::optional<T> get_optional() instead to retrieve the value. This method will be removed by the ROS 2 Kilted Kaiju release. [[01;35m[K-Wdeprecated-declarations[m[K]
[7.929s]   235 |         const double right_front_pod_feedback = [01;35m[Kregistered_right_front_pod_handles_[index].feedback.get().get_value()[m[K;
[7.929s]       |                                                 [01;35m[K~~~~~~~~~~~~~~~~~~~~~~~~~~~~~~~~~~~~~~~~~~~~~~~~~~~~~~~~~~~~~~~~~~~^~[m[K
[7.929s] [01m[K/opt/ros/jazzy/include/hardware_interface/hardware_interface/loaned_state_interface.hpp:94:10:[m[K [01;36m[Knote: [m[Kdeclared here
[7.930s]    94 |   double [01;36m[Kget_value[m[K() const
[7.930s]       |          [01;36m[K^~~~~~~~~[m[K
[7.946s] [01m[K/ros2_ws/src/luna_control/src/LunaController.cpp:426:76:[m[K [01;35m[Kwarning: [m[Kignoring return value of ‘[01m[Kbool hardware_interface::LoanedCommandInterface::[01;32m[Kset_value[m[K(const T&, unsigned int) [35m[K[with T = double][m[K[m[K’, declared with attribute ‘[01m[Knodiscard[m[K’ [[01;35m[K-Wunused-result[m[K]
[7.947s]   426 |         [01;35m[Kregistered_left_back_wheel_handles_[index].velocity.get().set_value(left_back_wheel_velocity)[m[K;
[7.948s]       |         [01;35m[K~~~~~~~~~~~~~~~~~~~~~~~~~~~~~~~~~~~~~~~~~~~~~~~~~~~~~~~~~~~~~~~~~~~^~~~~~~~~~~~~~~~~~~~~~~~~~[m[K
[7.949s] In file included from [01m[K/opt/ros/jazzy/include/controller_interface/controller_interface/controller_interface_base.hpp:29[m[K:
[7.949s] [01m[K/opt/ros/jazzy/include/hardware_interface/hardware_interface/loaned_command_interface.hpp:113:22:[m[K [01;36m[Knote: [m[Kdeclared here
[7.949s]   113 |   [[nodiscard]] bool [01;36m[Kset_value[m[K(const T & value, unsigned int max_tries = 10)
[7.950s]       |                      [01;36m[K^~~~~~~~~[m[K
[7.950s] [01m[K/ros2_ws/src/luna_control/src/LunaController.cpp:427:77:[m[K [01;35m[Kwarning: [m[Kignoring return value of ‘[01m[Kbool hardware_interface::LoanedCommandInterface::[01;32m[Kset_value[m[K(const T&, unsigned int) [35m[K[with T = double][m[K[m[K’, declared with attribute ‘[01m[Knodiscard[m[K’ [[01;35m[K-Wunused-result[m[K]
[7.950s]   427 |         [01;35m[Kregistered_left_front_wheel_handles_[index].velocity.get().set_value(left_front_wheel_velocity)[m[K;
[7.950s]       |         [01;35m[K~~~~~~~~~~~~~~~~~~~~~~~~~~~~~~~~~~~~~~~~~~~~~~~~~~~~~~~~~~~~~~~~~~~~^~~~~~~~~~~~~~~~~~~~~~~~~~~[m[K
[7.950s] [01m[K/opt/ros/jazzy/include/hardware_interface/hardware_interface/loaned_command_interface.hpp:113:22:[m[K [01;36m[Knote: [m[Kdeclared here
[7.951s]   113 |   [[nodiscard]] bool [01;36m[Kset_value[m[K(const T & value, unsigned int max_tries = 10)
[7.951s]       |                      [01;36m[K^~~~~~~~~[m[K
[7.951s] [01m[K/ros2_ws/src/luna_control/src/LunaController.cpp:428:77:[m[K [01;35m[Kwarning: [m[Kignoring return value of ‘[01m[Kbool hardware_interface::LoanedCommandInterface::[01;32m[Kset_value[m[K(const T&, unsigned int) [35m[K[with T = double][m[K[m[K’, declared with attribute ‘[01m[Knodiscard[m[K’ [[01;35m[K-Wunused-result[m[K]
[7.951s]   428 |         [01;35m[Kregistered_right_back_wheel_handles_[index].velocity.get().set_value(right_back_wheel_velocity)[m[K;
[7.951s]       |         [01;35m[K~~~~~~~~~~~~~~~~~~~~~~~~~~~~~~~~~~~~~~~~~~~~~~~~~~~~~~~~~~~~~~~~~~~~^~~~~~~~~~~~~~~~~~~~~~~~~~~[m[K
[7.951s] [01m[K/opt/ros/jazzy/include/hardware_interface/hardware_interface/loaned_command_interface.hpp:113:22:[m[K [01;36m[Knote: [m[Kdeclared here
[7.951s]   113 |   [[nodiscard]] bool [01;36m[Kset_value[m[K(const T & value, unsigned int max_tries = 10)
[7.952s]       |                      [01;36m[K^~~~~~~~~[m[K
[7.952s] [01m[K/ros2_ws/src/luna_control/src/LunaController.cpp:429:78:[m[K [01;35m[Kwarning: [m[Kignoring return value of ‘[01m[Kbool hardware_interface::LoanedCommandInterface::[01;32m[Kset_value[m[K(const T&, unsigned int) [35m[K[with T = double][m[K[m[K’, declared with attribute ‘[01m[Knodiscard[m[K’ [[01;35m[K-Wunused-result[m[K]
[7.952s]   429 |         [01;35m[Kregistered_right_front_wheel_handles_[index].velocity.get().set_value(right_front_wheel_velocity)[m[K;
[7.952s]       |         [01;35m[K~~~~~~~~~~~~~~~~~~~~~~~~~~~~~~~~~~~~~~~~~~~~~~~~~~~~~~~~~~~~~~~~~~~~~^~~~~~~~~~~~~~~~~~~~~~~~~~~~[m[K
[7.952s] [01m[K/opt/ros/jazzy/include/hardware_interface/hardware_interface/loaned_command_interface.hpp:113:22:[m[K [01;36m[Knote: [m[Kdeclared here
[7.952s]   113 |   [[nodiscard]] bool [01;36m[Kset_value[m[K(const T & value, unsigned int max_tries = 10)
[7.952s]       |                      [01;36m[K^~~~~~~~~[m[K
[7.952s] [01m[K/ros2_ws/src/luna_control/src/LunaController.cpp:432:76:[m[K [01;35m[Kwarning: [m[Kignoring return value of ‘[01m[Kbool hardware_interface::LoanedCommandInterface::[01;32m[Kset_value[m[K(const T&, unsigned int) [35m[K[with T = double][m[K[m[K’, declared with attribute ‘[01m[Knodiscard[m[K’ [[01;35m[K-Wunused-result[m[K]
[7.952s]   432 |         [01;35m[Kregistered_left_back_wheel_handles_[index].velocity.get().set_value(0.0)[m[K;
[7.952s]       |         [01;35m[K~~~~~~~~~~~~~~~~~~~~~~~~~~~~~~~~~~~~~~~~~~~~~~~~~~~~~~~~~~~~~~~~~~~^~~~~[m[K
[7.953s] [01m[K/opt/ros/jazzy/include/hardware_interface/hardware_interface/loaned_command_interface.hpp:113:22:[m[K [01;36m[Knote: [m[Kdeclared here
[7.953s]   113 |   [[nodiscard]] bool [01;36m[Kset_value[m[K(const T & value, unsigned int max_tries = 10)
[7.953s]       |                      [01;36m[K^~~~~~~~~[m[K
[7.953s] [01m[K/ros2_ws/src/luna_control/src/LunaController.cpp:433:77:[m[K [01;35m[Kwarning: [m[Kignoring return value of ‘[01m[Kbool hardware_interface::LoanedCommandInterface::[01;32m[Kset_value[m[K(const T&, unsigned int) [35m[K[with T = double][m[K[m[K’, declared with attribute ‘[01m[Knodiscard[m[K’ [[01;35m[K-Wunused-result[m[K]
[7.953s]   433 |         [01;35m[Kregistered_left_front_wheel_handles_[index].velocity.get().set_value(0.0)[m[K;
[7.953s]       |         [01;35m[K~~~~~~~~~~~~~~~~~~~~~~~~~~~~~~~~~~~~~~~~~~~~~~~~~~~~~~~~~~~~~~~~~~~~^~~~~[m[K
[7.953s] [01m[K/opt/ros/jazzy/include/hardware_interface/hardware_interface/loaned_command_interface.hpp:113:22:[m[K [01;36m[Knote: [m[Kdeclared here
[7.953s]   113 |   [[nodiscard]] bool [01;36m[Kset_value[m[K(const T & value, unsigned int max_tries = 10)
[7.954s]       |                      [01;36m[K^~~~~~~~~[m[K
[7.954s] [01m[K/ros2_ws/src/luna_control/src/LunaController.cpp:434:77:[m[K [01;35m[Kwarning: [m[Kignoring return value of ‘[01m[Kbool hardware_interface::LoanedCommandInterface::[01;32m[Kset_value[m[K(const T&, unsigned int) [35m[K[with T = double][m[K[m[K’, declared with attribute ‘[01m[Knodiscard[m[K’ [[01;35m[K-Wunused-result[m[K]
[7.954s]   434 |         [01;35m[Kregistered_right_back_wheel_handles_[index].velocity.get().set_value(0.0)[m[K;
[7.954s]       |         [01;35m[K~~~~~~~~~~~~~~~~~~~~~~~~~~~~~~~~~~~~~~~~~~~~~~~~~~~~~~~~~~~~~~~~~~~~^~~~~[m[K
[7.954s] [01m[K/opt/ros/jazzy/include/hardware_interface/hardware_interface/loaned_command_interface.hpp:113:22:[m[K [01;36m[Knote: [m[Kdeclared here
[7.954s]   113 |   [[nodiscard]] bool [01;36m[Kset_value[m[K(const T & value, unsigned int max_tries = 10)
[7.954s]       |                      [01;36m[K^~~~~~~~~[m[K
[7.954s] [01m[K/ros2_ws/src/luna_control/src/LunaController.cpp:435:78:[m[K [01;35m[Kwarning: [m[Kignoring return value of ‘[01m[Kbool hardware_interface::LoanedCommandInterface::[01;32m[Kset_value[m[K(const T&, unsigned int) [35m[K[with T = double][m[K[m[K’, declared with attribute ‘[01m[Knodiscard[m[K’ [[01;35m[K-Wunused-result[m[K]
[7.954s]   435 |         [01;35m[Kregistered_right_front_wheel_handles_[index].velocity.get().set_value(0.0)[m[K;
[7.955s]       |         [01;35m[K~~~~~~~~~~~~~~~~~~~~~~~~~~~~~~~~~~~~~~~~~~~~~~~~~~~~~~~~~~~~~~~~~~~~~^~~~~[m[K
[7.955s] [01m[K/opt/ros/jazzy/include/hardware_interface/hardware_interface/loaned_command_interface.hpp:113:22:[m[K [01;36m[Knote: [m[Kdeclared here
[7.955s]   113 |   [[nodiscard]] bool [01;36m[Kset_value[m[K(const T & value, unsigned int max_tries = 10)
[7.955s]       |                      [01;36m[K^~~~~~~~~[m[K
[7.955s] [01m[K/ros2_ws/src/luna_control/src/LunaController.cpp:438:72:[m[K [01;35m[Kwarning: [m[Kignoring return value of ‘[01m[Kbool hardware_interface::LoanedCommandInterface::[01;32m[Kset_value[m[K(const T&, unsigned int) [35m[K[with T = double][m[K[m[K’, declared with attribute ‘[01m[Knodiscard[m[K’ [[01;35m[K-Wunused-result[m[K]
[7.955s]   438 |       [01;35m[Kregistered_left_back_pod_handles_[index].position.get().set_value(left_back_pod_position)[m[K;
[7.955s]       |       [01;35m[K~~~~~~~~~~~~~~~~~~~~~~~~~~~~~~~~~~~~~~~~~~~~~~~~~~~~~~~~~~~~~~~~~^~~~~~~~~~~~~~~~~~~~~~~~[m[K
[7.956s] [01m[K/opt/ros/jazzy/include/hardware_interface/hardware_interface/loaned_command_interface.hpp:113:22:[m[K [01;36m[Knote: [m[Kdeclared here
[7.956s]   113 |   [[nodiscard]] bool [01;36m[Kset_value[m[K(const T & value, unsigned int max_tries = 10)
[7.956s]       |                      [01;36m[K^~~~~~~~~[m[K
[7.956s] [01m[K/ros2_ws/src/luna_control/src/LunaController.cpp:439:73:[m[K [01;35m[Kwarning: [m[Kignoring return value of ‘[01m[Kbool hardware_interface::LoanedCommandInterface::[01;32m[Kset_value[m[K(const T&, unsigned int) [35m[K[with T = double][m[K[m[K’, declared with attribute ‘[01m[Knodiscard[m[K’ [[01;35m[K-Wunused-result[m[K]
[7.956s]   439 |       [01;35m[Kregistered_left_front_pod_handles_[index].position.get().set_value(left_front_pod_position)[m[K;
[7.956s]       |       [01;35m[K~~~~~~~~~~~~~~~~~~~~~~~~~~~~~~~~~~~~~~~~~~~~~~~~~~~~~~~~~~~~~~~~~~^~~~~~~~~~~~~~~~~~~~~~~~~[m[K
[7.956s] [01m[K/opt/ros/jazzy/include/hardware_interface/hardware_interface/loaned_command_interface.hpp:113:22:[m[K [01;36m[Knote: [m[Kdeclared here
[7.956s]   113 |   [[nodiscard]] bool [01;36m[Kset_value[m[K(const T & value, unsigned int max_tries = 10)
[7.956s]       |                      [01;36m[K^~~~~~~~~[m[K
[7.956s] [01m[K/ros2_ws/src/luna_control/src/LunaController.cpp:440:73:[m[K [01;35m[Kwarning: [m[Kignoring return value of ‘[01m[Kbool hardware_interface::LoanedCommandInterface::[01;32m[Kset_value[m[K(const T&, unsigned int) [35m[K[with T = double][m[K[m[K’, declared with attribute ‘[01m[Knodiscard[m[K’ [[01;35m[K-Wunused-result[m[K]
[7.957s]   440 |       [01;35m[Kregistered_right_back_pod_handles_[index].position.get().set_value(right_back_pod_position)[m[K;
[7.957s]       |       [01;35m[K~~~~~~~~~~~~~~~~~~~~~~~~~~~~~~~~~~~~~~~~~~~~~~~~~~~~~~~~~~~~~~~~~~^~~~~~~~~~~~~~~~~~~~~~~~~[m[K
[7.957s] [01m[K/opt/ros/jazzy/include/hardware_interface/hardware_interface/loaned_command_interface.hpp:113:22:[m[K [01;36m[Knote: [m[Kdeclared here
[7.957s]   113 |   [[nodiscard]] bool [01;36m[Kset_value[m[K(const T & value, unsigned int max_tries = 10)
[7.957s]       |                      [01;36m[K^~~~~~~~~[m[K
[7.957s] [01m[K/ros2_ws/src/luna_control/src/LunaController.cpp:441:74:[m[K [01;35m[Kwarning: [m[Kignoring return value of ‘[01m[Kbool hardware_interface::LoanedCommandInterface::[01;32m[Kset_value[m[K(const T&, unsigned int) [35m[K[with T = double][m[K[m[K’, declared with attribute ‘[01m[Knodiscard[m[K’ [[01;35m[K-Wunused-result[m[K]
[7.957s]   441 |       [01;35m[Kregistered_right_front_pod_handles_[index].position.get().set_value(right_front_pod_position)[m[K;
[7.957s]       |       [01;35m[K~~~~~~~~~~~~~~~~~~~~~~~~~~~~~~~~~~~~~~~~~~~~~~~~~~~~~~~~~~~~~~~~~~~^~~~~~~~~~~~~~~~~~~~~~~~~~[m[K
[7.957s] [01m[K/opt/ros/jazzy/include/hardware_interface/hardware_interface/loaned_command_interface.hpp:113:22:[m[K [01;36m[Knote: [m[Kdeclared here
[7.957s]   113 |   [[nodiscard]] bool [01;36m[Kset_value[m[K(const T & value, unsigned int max_tries = 10)
[7.958s]       |                      [01;36m[K^~~~~~~~~[m[K
[7.960s] [01m[K/ros2_ws/src/luna_control/src/LunaController.cpp:[m[K In member function ‘[01m[Kvirtual controller_interface::CallbackReturn luna_controller::LunaController::[01;32m[Kon_configure[m[K(const rclcpp_lifecycle::State&)[m[K’:
[7.960s] [01m[K/ros2_ws/src/luna_control/src/LunaController.cpp:512:35:[m[K [01;35m[Kwarning: [m[K‘[01m[Kstd::enable_if_t<is_ptr_or_smart_ptr<U>, void> realtime_tools::RealtimeThreadSafeBox<T, mutex_type>::[01;32m[Kset[m[K(const T&) [35m[K[with U = std::shared_ptr<geometry_msgs::msg::TwistStamped_<std::allocator<void> > >; T = std::shared_ptr<geometry_msgs::msg::TwistStamped_<std::allocator<void> > >; mutex_type = std::mutex; std::enable_if_t<is_ptr_or_smart_ptr<U>, void> = void][m[K[m[K’ is deprecated: Use set(const std::function<void(T &)> & func) instead! [[01;35m[K-Wdeprecated-declarations[m[K]
[7.960s]   512 |     [01;35m[Kreceived_velocity_msg_ptr_.set(std::make_shared<Twist>(empty_twist))[m[K;
[7.960s]       |     [01;35m[K~~~~~~~~~~~~~~~~~~~~~~~~~~~~~~^~~~~~~~~~~~~~~~~~~~~~~~~~~~~~~~~~~~~~[m[K
[7.961s] [01m[K/opt/ros/jazzy/include/realtime_tools/realtime_tools/realtime_thread_safe_box.hpp:273:59:[m[K [01;36m[Knote: [m[Kdeclared here
[7.961s]   273 |   typename std::enable_if_t<is_ptr_or_smart_ptr<U>, void> [01;36m[Kset[m[K(const T & value)
[7.961s]       |                                                           [01;36m[K^~~[m[K
[7.963s] [01m[K/ros2_ws/src/luna_control/src/LunaController.cpp:[m[K In lambda function:
[7.963s] [01m[K/ros2_ws/src/luna_control/src/LunaController.cpp:536:41:[m[K [01;35m[Kwarning: [m[K‘[01m[Kstd::enable_if_t<is_ptr_or_smart_ptr<U>, void> realtime_tools::RealtimeThreadSafeBox<T, mutex_type>::[01;32m[Kset[m[K(const T&) [35m[K[with U = std::shared_ptr<geometry_msgs::msg::TwistStamped_<std::allocator<void> > >; T = std::shared_ptr<geometry_msgs::msg::TwistStamped_<std::allocator<void> > >; mutex_type = std::mutex; std::enable_if_t<is_ptr_or_smart_ptr<U>, void> = void][m[K[m[K’ is deprecated: Use set(const std::function<void(T &)> & func) instead! [[01;35m[K-Wdeprecated-declarations[m[K]
[7.963s]   536 |           [01;35m[Kreceived_velocity_msg_ptr_.set(std::move(msg))[m[K;
[7.964s]       |           [01;35m[K~~~~~~~~~~~~~~~~~~~~~~~~~~~~~~^~~~~~~~~~~~~~~~[m[K
[7.964s] [01m[K/opt/ros/jazzy/include/realtime_tools/realtime_tools/realtime_thread_safe_box.hpp:273:59:[m[K [01;36m[Knote: [m[Kdeclared here
[7.964s]   273 |   typename std::enable_if_t<is_ptr_or_smart_ptr<U>, void> [01;36m[Kset[m[K(const T & value)
[7.964s]       |                                                           [01;36m[K^~~[m[K
[7.978s] [01m[K/ros2_ws/src/luna_control/src/LunaController.cpp:[m[K In member function ‘[01m[Kvirtual controller_interface::CallbackReturn luna_controller::LunaController::[01;32m[Kon_cleanup[m[K(const rclcpp_lifecycle::State&)[m[K’:
[7.978s] [01m[K/ros2_ws/src/luna_control/src/LunaController.cpp:702:35:[m[K [01;35m[Kwarning: [m[K‘[01m[Kstd::enable_if_t<is_ptr_or_smart_ptr<U>, void> realtime_tools::RealtimeThreadSafeBox<T, mutex_type>::[01;32m[Kset[m[K(const T&) [35m[K[with U = std::shared_ptr<geometry_msgs::msg::TwistStamped_<std::allocator<void> > >; T = std::shared_ptr<geometry_msgs::msg::TwistStamped_<std::allocator<void> > >; mutex_type = std::mutex; std::enable_if_t<is_ptr_or_smart_ptr<U>, void> = void][m[K[m[K’ is deprecated: Use set(const std::function<void(T &)> & func) instead! [[01;35m[K-Wdeprecated-declarations[m[K]
[7.978s]   702 |     [01;35m[Kreceived_velocity_msg_ptr_.set(std::make_shared<Twist>())[m[K;
[7.978s]       |     [01;35m[K~~~~~~~~~~~~~~~~~~~~~~~~~~~~~~^~~~~~~~~~~~~~~~~~~~~~~~~~~[m[K
[7.978s] [01m[K/opt/ros/jazzy/include/realtime_tools/realtime_tools/realtime_thread_safe_box.hpp:273:59:[m[K [01;36m[Knote: [m[Kdeclared here
[7.978s]   273 |   typename std::enable_if_t<is_ptr_or_smart_ptr<U>, void> [01;36m[Kset[m[K(const T & value)
[7.978s]       |                                                           [01;36m[K^~~[m[K
[7.982s] /ros2_ws/src/luna_control/src/LunaController.cpp: In instantiation of ‘[01m[Kluna_controller::LunaController::halt()::<lambda(auto:47&)> [35m[K[with auto:47 = std::vector<luna_controller::LunaController::WheelHandle>][m[K[m[K’:
[7.982s] [01m[K/ros2_ws/src/luna_control/src/LunaController.cpp:763:16:[m[K   required from here
[7.982s] [01m[K/ros2_ws/src/luna_control/src/LunaController.cpp:752:46:[m[K [01;35m[Kwarning: [m[Kignoring return value of ‘[01m[Kbool hardware_interface::LoanedCommandInterface::[01;32m[Kset_value[m[K(const T&, unsigned int) [35m[K[with T = double][m[K[m[K’, declared with attribute ‘[01m[Knodiscard[m[K’ [[01;35m[K-Wunused-result[m[K]
[7.982s]   752 |         [01;35m[Kwheel_handle.velocity.get().set_value(0.0)[m[K;
[7.982s]       |         [01;35m[K~~~~~~~~~~~~~~~~~~~~~~~~~~~~~~~~~~~~~^~~~~[m[K
[7.982s] [01m[K/opt/ros/jazzy/include/hardware_interface/hardware_interface/loaned_command_interface.hpp:113:22:[m[K [01;36m[Knote: [m[Kdeclared here
[7.982s]   113 |   [[nodiscard]] bool [01;36m[Kset_value[m[K(const T & value, unsigned int max_tries = 10)
[7.982s]       |                      [01;36m[K^~~~~~~~~[m[K
[7.982s] /ros2_ws/src/luna_control/src/LunaController.cpp: In instantiation of ‘[01m[Kluna_controller::LunaController::halt()::<lambda(auto:48&)> [35m[K[with auto:48 = std::vector<luna_controller::LunaController::PodHandle>][m[K[m[K’:
[7.983s] [01m[K/ros2_ws/src/luna_control/src/LunaController.cpp:767:14:[m[K   required from here
[7.983s] [01m[K/ros2_ws/src/luna_control/src/LunaController.cpp:759:44:[m[K [01;35m[Kwarning: [m[Kignoring return value of ‘[01m[Kbool hardware_interface::LoanedCommandInterface::[01;32m[Kset_value[m[K(const T&, unsigned int) [35m[K[with T = double][m[K[m[K’, declared with attribute ‘[01m[Knodiscard[m[K’ [[01;35m[K-Wunused-result[m[K]
[7.983s]   759 |         [01;35m[Kpod_handle.position.get().set_value(0.0)[m[K;
[7.983s]       |         [01;35m[K~~~~~~~~~~~~~~~~~~~~~~~~~~~~~~~~~~~^~~~~[m[K
[7.983s] [01m[K/opt/ros/jazzy/include/hardware_interface/hardware_interface/loaned_command_interface.hpp:113:22:[m[K [01;36m[Knote: [m[Kdeclared here
[7.983s]   113 |   [[nodiscard]] bool [01;36m[Kset_value[m[K(const T & value, unsigned int max_tries = 10)
[7.983s]       |                      [01;36m[K^~~~~~~~~[m[K
[20.442s] [ 66%] [32m[1mLinking CXX shared library libluna_control.so[0m
[21.439s] [100%] Built target luna_control
[21.455s] Invoked command in '/ros2_ws/build/luna_control' returned '0': CMAKE_PREFIX_PATH=${CMAKE_PREFIX_PATH}:/ros2_ws/install/twist_stamper:/ros2_ws/install/teleop_twist_keyboard:/opt/ros/jazzy /usr/bin/cmake --build /ros2_ws/build/luna_control -- -j4 -l4
[21.456s] Invoking command in '/ros2_ws/build/luna_control': CMAKE_PREFIX_PATH=${CMAKE_PREFIX_PATH}:/ros2_ws/install/twist_stamper:/ros2_ws/install/teleop_twist_keyboard:/opt/ros/jazzy /usr/bin/cmake --install /ros2_ws/build/luna_control
[21.469s] -- Install configuration: ""
[21.469s] -- Execute custom install script
[21.470s] -- Up-to-date symlink: /ros2_ws/install/luna_control/include/luna_control/luna_controller_parameters.hpp
[21.470s] -- Up-to-date symlink: /ros2_ws/install/luna_control/share/luna_control//luna_plugin.xml
[21.471s] -- Up-to-date symlink: /ros2_ws/install/luna_control/include/luna_control/luna_control/LunaController.hpp
[21.471s] -- Up-to-date symlink: /ros2_ws/install/luna_control/include/luna_control/luna_control/odometry.hpp
[21.471s] -- Up-to-date symlink: /ros2_ws/install/luna_control/include/luna_control/luna_control/speed_limiter.hpp
[21.472s] -- Up-to-date symlink: /ros2_ws/install/luna_control/share/luna_control/environment/library_path.sh
[21.472s] -- Up-to-date symlink: /ros2_ws/install/luna_control/share/luna_control/environment/library_path.dsv
[21.472s] -- Up-to-date symlink: /ros2_ws/install/luna_control/share/ament_index/resource_index/package_run_dependencies/luna_control
[21.473s] -- Up-to-date symlink: /ros2_ws/install/luna_control/share/ament_index/resource_index/parent_prefix_path/luna_control
[21.473s] -- Up-to-date symlink: /ros2_ws/install/luna_control/share/luna_control/environment/ament_prefix_path.sh
[21.474s] -- Up-to-date symlink: /ros2_ws/install/luna_control/share/luna_control/environment/ament_prefix_path.dsv
[21.474s] -- Up-to-date symlink: /ros2_ws/install/luna_control/share/luna_control/environment/path.sh
[21.474s] -- Up-to-date symlink: /ros2_ws/install/luna_control/share/luna_control/environment/path.dsv
[21.475s] -- Up-to-date symlink: /ros2_ws/install/luna_control/share/luna_control/local_setup.bash
[21.475s] -- Up-to-date symlink: /ros2_ws/install/luna_control/share/luna_control/local_setup.sh
[21.475s] -- Up-to-date symlink: /ros2_ws/install/luna_control/share/luna_control/local_setup.zsh
[21.476s] -- Up-to-date symlink: /ros2_ws/install/luna_control/share/luna_control/local_setup.dsv
[21.476s] -- Symlinking: /ros2_ws/install/luna_control/share/luna_control/package.dsv
[21.496s] -- Up-to-date symlink: /ros2_ws/install/luna_control/share/ament_index/resource_index/packages/luna_control
[21.496s] -- Up-to-date symlink: /ros2_ws/install/luna_control/share/ament_index/resource_index/controller_interface__pluginlib__plugin/luna_control
[21.497s] -- Up-to-date symlink: /ros2_ws/install/luna_control/share/luna_control/cmake/ament_cmake_export_dependencies-extras.cmake
[21.497s] -- Up-to-date symlink: /ros2_ws/install/luna_control/share/luna_control/cmake/ament_cmake_export_targets-extras.cmake
[21.497s] -- Up-to-date symlink: /ros2_ws/install/luna_control/share/luna_control/cmake/luna_controlConfig.cmake
[21.498s] -- Up-to-date symlink: /ros2_ws/install/luna_control/share/luna_control/cmake/luna_controlConfig-version.cmake
[21.498s] -- Up-to-date symlink: /ros2_ws/install/luna_control/share/luna_control/package.xml
[21.499s] -- Installing: /ros2_ws/install/luna_control/lib/libluna_control.so
[21.508s] -- Set non-toolchain portion of runtime path of "/ros2_ws/install/luna_control/lib/libluna_control.so" to ""
[21.508s] -- Up-to-date: /ros2_ws/install/luna_control/share/luna_control/cmake/export_luna_controlExport.cmake
[21.508s] -- Up-to-date: /ros2_ws/install/luna_control/share/luna_control/cmake/export_luna_controlExport-noconfig.cmake
[21.511s] Invoked command in '/ros2_ws/build/luna_control' returned '0': CMAKE_PREFIX_PATH=${CMAKE_PREFIX_PATH}:/ros2_ws/install/twist_stamper:/ros2_ws/install/teleop_twist_keyboard:/opt/ros/jazzy /usr/bin/cmake --install /ros2_ws/build/luna_control
