[0.133s] DEBUG:colcon:Command line arguments: ['/usr/bin/colcon', 'build']
[0.133s] DEBUG:colcon:Parsed command line arguments: Namespace(log_base=None, log_level=None, verb_name='build', build_base='build', install_base='install', merge_install=False, symlink_install=False, test_result_base=None, continue_on_error=False, executor='parallel', parallel_workers=4, event_handlers=None, ignore_user_meta=False, metas=['./colcon.meta'], base_paths=['.'], packages_ignore=None, packages_ignore_regex=None, paths=None, packages_up_to=None, packages_up_to_regex=None, packages_above=None, packages_above_and_dependencies=None, packages_above_depth=None, packages_select_by_dep=None, packages_skip_by_dep=None, packages_skip_up_to=None, packages_select_build_failed=False, packages_skip_build_finished=False, packages_select_test_failures=False, packages_skip_test_passed=False, packages_select=None, packages_skip=None, packages_select_regex=None, packages_skip_regex=None, packages_start=None, packages_end=None, cmake_args=None, cmake_target=None, cmake_target_skip_unavailable=False, cmake_clean_cache=False, cmake_clean_first=False, cmake_force_configure=False, ament_cmake_args=None, catkin_cmake_args=None, catkin_skip_building_tests=False, mixin_files=None, mixin=None, verb_parser=<colcon_mixin.mixin.mixin_argument.MixinArgumentDecorator object at 0x7708a7f044d0>, verb_extension=<colcon_core.verb.build.BuildVerb object at 0x7708a805c650>, main=<bound method BuildVerb.main of <colcon_core.verb.build.BuildVerb object at 0x7708a805c650>>, mixin_verb=('build',))
[0.178s] Level 1:colcon.colcon_core.package_discovery:discover_packages(colcon_meta) check parameters
[0.179s] INFO:colcon.colcon_metadata.package_discovery.colcon_meta:Using configuration from '/root/.colcon/metadata/default/Gazebo.meta'
[0.179s] INFO:colcon.colcon_metadata.package_discovery.colcon_meta:Using configuration from '/root/.colcon/metadata/default/fastdds.meta'
[0.180s] INFO:colcon.colcon_metadata.package_discovery.colcon_meta:Using configuration from '/root/.colcon/metadata/default/fastrtps.meta'
[0.180s] Level 1:colcon.colcon_core.package_discovery:discover_packages(recursive) check parameters
[0.180s] Level 1:colcon.colcon_core.package_discovery:discover_packages(ignore) check parameters
[0.180s] Level 1:colcon.colcon_core.package_discovery:discover_packages(path) check parameters
[0.180s] Level 1:colcon.colcon_core.package_discovery:discover_packages(colcon_meta) discover
[0.180s] Level 1:colcon.colcon_core.package_discovery:discover_packages(recursive) discover
[0.180s] INFO:colcon.colcon_core.package_discovery:Crawling recursively for packages in '/ros2_ws'
[0.180s] Level 1:colcon.colcon_core.package_identification:_identify(.) by extensions ['ignore', 'ignore_ament_install']
[0.180s] Level 1:colcon.colcon_core.package_identification:_identify(.) by extension 'ignore'
[0.180s] Level 1:colcon.colcon_core.package_identification:_identify(.) by extension 'ignore_ament_install'
[0.180s] Level 1:colcon.colcon_core.package_identification:_identify(.) by extensions ['colcon_pkg']
[0.180s] Level 1:colcon.colcon_core.package_identification:_identify(.) by extension 'colcon_pkg'
[0.180s] Level 1:colcon.colcon_core.package_identification:_identify(.) by extensions ['colcon_meta']
[0.180s] Level 1:colcon.colcon_core.package_identification:_identify(.) by extension 'colcon_meta'
[0.180s] Level 1:colcon.colcon_core.package_identification:_identify(.) by extensions ['ros']
[0.180s] Level 1:colcon.colcon_core.package_identification:_identify(.) by extension 'ros'
[0.210s] Level 1:colcon.colcon_core.package_identification:_identify(.) by extensions ['cmake', 'python']
[0.210s] Level 1:colcon.colcon_core.package_identification:_identify(.) by extension 'cmake'
[0.210s] Level 1:colcon.colcon_core.package_identification:_identify(.) by extension 'python'
[0.210s] Level 1:colcon.colcon_core.package_identification:_identify(.) by extensions ['python_setup_py']
[0.210s] Level 1:colcon.colcon_core.package_identification:_identify(.) by extension 'python_setup_py'
[0.210s] Level 1:colcon.colcon_core.package_identification:_identify(build) by extensions ['ignore', 'ignore_ament_install']
[0.210s] Level 1:colcon.colcon_core.package_identification:_identify(build) by extension 'ignore'
[0.210s] Level 1:colcon.colcon_core.package_identification:_identify(build) ignored
[0.210s] Level 1:colcon.colcon_core.package_identification:_identify(install) by extensions ['ignore', 'ignore_ament_install']
[0.211s] Level 1:colcon.colcon_core.package_identification:_identify(install) by extension 'ignore'
[0.211s] Level 1:colcon.colcon_core.package_identification:_identify(install) ignored
[0.211s] Level 1:colcon.colcon_core.package_identification:_identify(log) by extensions ['ignore', 'ignore_ament_install']
[0.211s] Level 1:colcon.colcon_core.package_identification:_identify(log) by extension 'ignore'
[0.211s] Level 1:colcon.colcon_core.package_identification:_identify(log) ignored
[0.211s] Level 1:colcon.colcon_core.package_identification:_identify(src) by extensions ['ignore', 'ignore_ament_install']
[0.211s] Level 1:colcon.colcon_core.package_identification:_identify(src) by extension 'ignore'
[0.211s] Level 1:colcon.colcon_core.package_identification:_identify(src) by extension 'ignore_ament_install'
[0.211s] Level 1:colcon.colcon_core.package_identification:_identify(src) by extensions ['colcon_pkg']
[0.211s] Level 1:colcon.colcon_core.package_identification:_identify(src) by extension 'colcon_pkg'
[0.211s] Level 1:colcon.colcon_core.package_identification:_identify(src) by extensions ['colcon_meta']
[0.211s] Level 1:colcon.colcon_core.package_identification:_identify(src) by extension 'colcon_meta'
[0.211s] Level 1:colcon.colcon_core.package_identification:_identify(src) by extensions ['ros']
[0.211s] Level 1:colcon.colcon_core.package_identification:_identify(src) by extension 'ros'
[0.211s] Level 1:colcon.colcon_core.package_identification:_identify(src) by extensions ['cmake', 'python']
[0.211s] Level 1:colcon.colcon_core.package_identification:_identify(src) by extension 'cmake'
[0.211s] Level 1:colcon.colcon_core.package_identification:_identify(src) by extension 'python'
[0.211s] Level 1:colcon.colcon_core.package_identification:_identify(src) by extensions ['python_setup_py']
[0.212s] Level 1:colcon.colcon_core.package_identification:_identify(src) by extension 'python_setup_py'
[0.212s] Level 1:colcon.colcon_core.package_identification:_identify(src/luna_control) by extensions ['ignore', 'ignore_ament_install']
[0.212s] Level 1:colcon.colcon_core.package_identification:_identify(src/luna_control) by extension 'ignore'
[0.212s] Level 1:colcon.colcon_core.package_identification:_identify(src/luna_control) by extension 'ignore_ament_install'
[0.212s] Level 1:colcon.colcon_core.package_identification:_identify(src/luna_control) by extensions ['colcon_pkg']
[0.212s] Level 1:colcon.colcon_core.package_identification:_identify(src/luna_control) by extension 'colcon_pkg'
[0.212s] Level 1:colcon.colcon_core.package_identification:_identify(src/luna_control) by extensions ['colcon_meta']
[0.212s] Level 1:colcon.colcon_core.package_identification:_identify(src/luna_control) by extension 'colcon_meta'
[0.212s] Level 1:colcon.colcon_core.package_identification:_identify(src/luna_control) by extensions ['ros']
[0.212s] Level 1:colcon.colcon_core.package_identification:_identify(src/luna_control) by extension 'ros'
[0.215s] DEBUG:colcon.colcon_core.package_identification:Package 'src/luna_control' with type 'ros.ament_cmake' and name 'luna_control'
[0.215s] Level 1:colcon.colcon_core.package_identification:_identify(src/lunabot_2425) by extensions ['ignore', 'ignore_ament_install']
[0.215s] Level 1:colcon.colcon_core.package_identification:_identify(src/lunabot_2425) by extension 'ignore'
[0.216s] Level 1:colcon.colcon_core.package_identification:_identify(src/lunabot_2425) by extension 'ignore_ament_install'
[0.216s] Level 1:colcon.colcon_core.package_identification:_identify(src/lunabot_2425) by extensions ['colcon_pkg']
[0.216s] Level 1:colcon.colcon_core.package_identification:_identify(src/lunabot_2425) by extension 'colcon_pkg'
[0.216s] Level 1:colcon.colcon_core.package_identification:_identify(src/lunabot_2425) by extensions ['colcon_meta']
[0.216s] Level 1:colcon.colcon_core.package_identification:_identify(src/lunabot_2425) by extension 'colcon_meta'
[0.216s] Level 1:colcon.colcon_core.package_identification:_identify(src/lunabot_2425) by extensions ['ros']
[0.216s] Level 1:colcon.colcon_core.package_identification:_identify(src/lunabot_2425) by extension 'ros'
[0.216s] DEBUG:colcon.colcon_core.package_identification:Package 'src/lunabot_2425' with type 'ros.ament_cmake' and name 'lunabot_2425'
[0.216s] Level 1:colcon.colcon_core.package_identification:_identify(src/teleop_twist_keyboard) by extensions ['ignore', 'ignore_ament_install']
[0.216s] Level 1:colcon.colcon_core.package_identification:_identify(src/teleop_twist_keyboard) by extension 'ignore'
[0.217s] Level 1:colcon.colcon_core.package_identification:_identify(src/teleop_twist_keyboard) by extension 'ignore_ament_install'
[0.217s] Level 1:colcon.colcon_core.package_identification:_identify(src/teleop_twist_keyboard) by extensions ['colcon_pkg']
[0.217s] Level 1:colcon.colcon_core.package_identification:_identify(src/teleop_twist_keyboard) by extension 'colcon_pkg'
[0.217s] Level 1:colcon.colcon_core.package_identification:_identify(src/teleop_twist_keyboard) by extensions ['colcon_meta']
[0.217s] Level 1:colcon.colcon_core.package_identification:_identify(src/teleop_twist_keyboard) by extension 'colcon_meta'
[0.217s] Level 1:colcon.colcon_core.package_identification:_identify(src/teleop_twist_keyboard) by extensions ['ros']
[0.217s] Level 1:colcon.colcon_core.package_identification:_identify(src/teleop_twist_keyboard) by extension 'ros'
[0.217s] DEBUG:colcon.colcon_core.package_identification:Package 'src/teleop_twist_keyboard' with type 'ros.ament_python' and name 'teleop_twist_keyboard'
[0.217s] Level 1:colcon.colcon_core.package_identification:_identify(src/twist_stamper) by extensions ['ignore', 'ignore_ament_install']
[0.217s] Level 1:colcon.colcon_core.package_identification:_identify(src/twist_stamper) by extension 'ignore'
[0.217s] Level 1:colcon.colcon_core.package_identification:_identify(src/twist_stamper) by extension 'ignore_ament_install'
[0.218s] Level 1:colcon.colcon_core.package_identification:_identify(src/twist_stamper) by extensions ['colcon_pkg']
[0.218s] Level 1:colcon.colcon_core.package_identification:_identify(src/twist_stamper) by extension 'colcon_pkg'
[0.218s] Level 1:colcon.colcon_core.package_identification:_identify(src/twist_stamper) by extensions ['colcon_meta']
[0.218s] Level 1:colcon.colcon_core.package_identification:_identify(src/twist_stamper) by extension 'colcon_meta'
[0.218s] Level 1:colcon.colcon_core.package_identification:_identify(src/twist_stamper) by extensions ['ros']
[0.218s] Level 1:colcon.colcon_core.package_identification:_identify(src/twist_stamper) by extension 'ros'
[0.218s] DEBUG:colcon.colcon_core.package_identification:Package 'src/twist_stamper' with type 'ros.ament_python' and name 'twist_stamper'
[0.218s] Level 1:colcon.colcon_core.package_discovery:discover_packages(recursive) using defaults
[0.218s] Level 1:colcon.colcon_core.package_discovery:discover_packages(ignore) discover
[0.218s] Level 1:colcon.colcon_core.package_discovery:discover_packages(ignore) using defaults
[0.218s] Level 1:colcon.colcon_core.package_discovery:discover_packages(path) discover
[0.219s] Level 1:colcon.colcon_core.package_discovery:discover_packages(path) using defaults
[0.239s] Level 5:colcon.colcon_core.verb:set package 'luna_control' build argument 'cmake_args' from command line to 'None'
[0.239s] Level 5:colcon.colcon_core.verb:set package 'luna_control' build argument 'cmake_target' from command line to 'None'
[0.239s] Level 5:colcon.colcon_core.verb:set package 'luna_control' build argument 'cmake_target_skip_unavailable' from command line to 'False'
[0.239s] Level 5:colcon.colcon_core.verb:set package 'luna_control' build argument 'cmake_clean_cache' from command line to 'False'
[0.239s] Level 5:colcon.colcon_core.verb:set package 'luna_control' build argument 'cmake_clean_first' from command line to 'False'
[0.239s] Level 5:colcon.colcon_core.verb:set package 'luna_control' build argument 'cmake_force_configure' from command line to 'False'
[0.239s] Level 5:colcon.colcon_core.verb:set package 'luna_control' build argument 'ament_cmake_args' from command line to 'None'
[0.239s] Level 5:colcon.colcon_core.verb:set package 'luna_control' build argument 'catkin_cmake_args' from command line to 'None'
[0.239s] Level 5:colcon.colcon_core.verb:set package 'luna_control' build argument 'catkin_skip_building_tests' from command line to 'False'
[0.239s] DEBUG:colcon.colcon_core.verb:Building package 'luna_control' with the following arguments: {'ament_cmake_args': None, 'build_base': '/ros2_ws/build/luna_control', 'catkin_cmake_args': None, 'catkin_skip_building_tests': False, 'cmake_args': None, 'cmake_clean_cache': False, 'cmake_clean_first': False, 'cmake_force_configure': False, 'cmake_target': None, 'cmake_target_skip_unavailable': False, 'install_base': '/ros2_ws/install/luna_control', 'merge_install': False, 'path': '/ros2_ws/src/luna_control', 'symlink_install': False, 'test_result_base': None}
[0.239s] Level 5:colcon.colcon_core.verb:set package 'lunabot_2425' build argument 'cmake_args' from command line to 'None'
[0.240s] Level 5:colcon.colcon_core.verb:set package 'lunabot_2425' build argument 'cmake_target' from command line to 'None'
[0.240s] Level 5:colcon.colcon_core.verb:set package 'lunabot_2425' build argument 'cmake_target_skip_unavailable' from command line to 'False'
[0.240s] Level 5:colcon.colcon_core.verb:set package 'lunabot_2425' build argument 'cmake_clean_cache' from command line to 'False'
[0.240s] Level 5:colcon.colcon_core.verb:set package 'lunabot_2425' build argument 'cmake_clean_first' from command line to 'False'
[0.240s] Level 5:colcon.colcon_core.verb:set package 'lunabot_2425' build argument 'cmake_force_configure' from command line to 'False'
[0.240s] Level 5:colcon.colcon_core.verb:set package 'lunabot_2425' build argument 'ament_cmake_args' from command line to 'None'
[0.240s] Level 5:colcon.colcon_core.verb:set package 'lunabot_2425' build argument 'catkin_cmake_args' from command line to 'None'
[0.240s] Level 5:colcon.colcon_core.verb:set package 'lunabot_2425' build argument 'catkin_skip_building_tests' from command line to 'False'
[0.240s] DEBUG:colcon.colcon_core.verb:Building package 'lunabot_2425' with the following arguments: {'ament_cmake_args': None, 'build_base': '/ros2_ws/build/lunabot_2425', 'catkin_cmake_args': None, 'catkin_skip_building_tests': False, 'cmake_args': None, 'cmake_clean_cache': False, 'cmake_clean_first': False, 'cmake_force_configure': False, 'cmake_target': None, 'cmake_target_skip_unavailable': False, 'install_base': '/ros2_ws/install/lunabot_2425', 'merge_install': False, 'path': '/ros2_ws/src/lunabot_2425', 'symlink_install': False, 'test_result_base': None}
[0.240s] Level 5:colcon.colcon_core.verb:set package 'teleop_twist_keyboard' build argument 'cmake_args' from command line to 'None'
[0.240s] Level 5:colcon.colcon_core.verb:set package 'teleop_twist_keyboard' build argument 'cmake_target' from command line to 'None'
[0.240s] Level 5:colcon.colcon_core.verb:set package 'teleop_twist_keyboard' build argument 'cmake_target_skip_unavailable' from command line to 'False'
[0.240s] Level 5:colcon.colcon_core.verb:set package 'teleop_twist_keyboard' build argument 'cmake_clean_cache' from command line to 'False'
[0.240s] Level 5:colcon.colcon_core.verb:set package 'teleop_twist_keyboard' build argument 'cmake_clean_first' from command line to 'False'
[0.240s] Level 5:colcon.colcon_core.verb:set package 'teleop_twist_keyboard' build argument 'cmake_force_configure' from command line to 'False'
[0.240s] Level 5:colcon.colcon_core.verb:set package 'teleop_twist_keyboard' build argument 'ament_cmake_args' from command line to 'None'
[0.240s] Level 5:colcon.colcon_core.verb:set package 'teleop_twist_keyboard' build argument 'catkin_cmake_args' from command line to 'None'
[0.240s] Level 5:colcon.colcon_core.verb:set package 'teleop_twist_keyboard' build argument 'catkin_skip_building_tests' from command line to 'False'
[0.240s] DEBUG:colcon.colcon_core.verb:Building package 'teleop_twist_keyboard' with the following arguments: {'ament_cmake_args': None, 'build_base': '/ros2_ws/build/teleop_twist_keyboard', 'catkin_cmake_args': None, 'catkin_skip_building_tests': False, 'cmake_args': None, 'cmake_clean_cache': False, 'cmake_clean_first': False, 'cmake_force_configure': False, 'cmake_target': None, 'cmake_target_skip_unavailable': False, 'install_base': '/ros2_ws/install/teleop_twist_keyboard', 'merge_install': False, 'path': '/ros2_ws/src/teleop_twist_keyboard', 'symlink_install': False, 'test_result_base': None}
[0.241s] Level 5:colcon.colcon_core.verb:set package 'twist_stamper' build argument 'cmake_args' from command line to 'None'
[0.241s] Level 5:colcon.colcon_core.verb:set package 'twist_stamper' build argument 'cmake_target' from command line to 'None'
[0.241s] Level 5:colcon.colcon_core.verb:set package 'twist_stamper' build argument 'cmake_target_skip_unavailable' from command line to 'False'
[0.241s] Level 5:colcon.colcon_core.verb:set package 'twist_stamper' build argument 'cmake_clean_cache' from command line to 'False'
[0.241s] Level 5:colcon.colcon_core.verb:set package 'twist_stamper' build argument 'cmake_clean_first' from command line to 'False'
[0.241s] Level 5:colcon.colcon_core.verb:set package 'twist_stamper' build argument 'cmake_force_configure' from command line to 'False'
[0.241s] Level 5:colcon.colcon_core.verb:set package 'twist_stamper' build argument 'ament_cmake_args' from command line to 'None'
[0.241s] Level 5:colcon.colcon_core.verb:set package 'twist_stamper' build argument 'catkin_cmake_args' from command line to 'None'
[0.241s] Level 5:colcon.colcon_core.verb:set package 'twist_stamper' build argument 'catkin_skip_building_tests' from command line to 'False'
[0.241s] DEBUG:colcon.colcon_core.verb:Building package 'twist_stamper' with the following arguments: {'ament_cmake_args': None, 'build_base': '/ros2_ws/build/twist_stamper', 'catkin_cmake_args': None, 'catkin_skip_building_tests': False, 'cmake_args': None, 'cmake_clean_cache': False, 'cmake_clean_first': False, 'cmake_force_configure': False, 'cmake_target': None, 'cmake_target_skip_unavailable': False, 'install_base': '/ros2_ws/install/twist_stamper', 'merge_install': False, 'path': '/ros2_ws/src/twist_stamper', 'symlink_install': False, 'test_result_base': None}
[0.241s] INFO:colcon.colcon_core.executor:Executing jobs using 'parallel' executor
[0.242s] DEBUG:colcon.colcon_parallel_executor.executor.parallel:run_until_complete
[0.242s] INFO:colcon.colcon_ros.task.ament_cmake.build:Building ROS package in '/ros2_ws/src/luna_control' with build type 'ament_cmake'
[0.242s] INFO:colcon.colcon_cmake.task.cmake.build:Building CMake package in '/ros2_ws/src/luna_control'
[0.246s] INFO:colcon.colcon_core.plugin_system:Skipping extension 'colcon_core.shell.bat': Not used on non-Windows systems
[0.246s] INFO:colcon.colcon_core.shell:Skip shell extension 'powershell' for command environment: Not usable outside of PowerShell
[0.247s] DEBUG:colcon.colcon_core.shell:Skip shell extension 'dsv' for command environment
[0.254s] INFO:colcon.colcon_ros.task.ament_cmake.build:Building ROS package in '/ros2_ws/src/lunabot_2425' with build type 'ament_cmake'
[0.254s] INFO:colcon.colcon_cmake.task.cmake.build:Building CMake package in '/ros2_ws/src/lunabot_2425'
[0.255s] INFO:colcon.colcon_core.shell:Skip shell extension 'powershell' for command environment: Not usable outside of PowerShell
[0.255s] DEBUG:colcon.colcon_core.shell:Skip shell extension 'dsv' for command environment
[0.260s] INFO:colcon.colcon_ros.task.ament_python.build:Building ROS package in '/ros2_ws/src/teleop_twist_keyboard' with build type 'ament_python'
[0.261s] Level 1:colcon.colcon_core.shell:create_environment_hook('teleop_twist_keyboard', 'ament_prefix_path')
[0.261s] INFO:colcon.colcon_core.shell:Creating environment hook '/ros2_ws/install/teleop_twist_keyboard/share/teleop_twist_keyboard/hook/ament_prefix_path.ps1'
[0.263s] INFO:colcon.colcon_core.shell:Creating environment descriptor '/ros2_ws/install/teleop_twist_keyboard/share/teleop_twist_keyboard/hook/ament_prefix_path.dsv'
[0.263s] INFO:colcon.colcon_core.shell:Creating environment hook '/ros2_ws/install/teleop_twist_keyboard/share/teleop_twist_keyboard/hook/ament_prefix_path.sh'
[0.265s] INFO:colcon.colcon_core.shell:Skip shell extension 'powershell' for command environment: Not usable outside of PowerShell
[0.265s] DEBUG:colcon.colcon_core.shell:Skip shell extension 'dsv' for command environment
[0.270s] INFO:colcon.colcon_ros.task.ament_python.build:Building ROS package in '/ros2_ws/src/twist_stamper' with build type 'ament_python'
[0.271s] Level 1:colcon.colcon_core.shell:create_environment_hook('twist_stamper', 'ament_prefix_path')
[0.271s] INFO:colcon.colcon_core.shell:Creating environment hook '/ros2_ws/install/twist_stamper/share/twist_stamper/hook/ament_prefix_path.ps1'
[0.272s] INFO:colcon.colcon_core.shell:Creating environment descriptor '/ros2_ws/install/twist_stamper/share/twist_stamper/hook/ament_prefix_path.dsv'
[0.272s] INFO:colcon.colcon_core.shell:Creating environment hook '/ros2_ws/install/twist_stamper/share/twist_stamper/hook/ament_prefix_path.sh'
[0.273s] INFO:colcon.colcon_core.shell:Skip shell extension 'powershell' for command environment: Not usable outside of PowerShell
[0.273s] DEBUG:colcon.colcon_core.shell:Skip shell extension 'dsv' for command environment
[0.281s] DEBUG:colcon.colcon_core.event_handler.log_command:Invoking command in '/ros2_ws/build/luna_control': CMAKE_PREFIX_PATH=${CMAKE_PREFIX_PATH}:/ros2_ws/install/twist_stamper:/ros2_ws/install/teleop_twist_keyboard:/opt/ros/jazzy /usr/bin/cmake /ros2_ws/src/luna_control -DCMAKE_INSTALL_PREFIX=/ros2_ws/install/luna_control
[0.285s] DEBUG:colcon.colcon_core.event_handler.log_command:Invoking command in '/ros2_ws/build/lunabot_2425': CMAKE_PREFIX_PATH=${CMAKE_PREFIX_PATH}:/ros2_ws/install/twist_stamper:/ros2_ws/install/teleop_twist_keyboard:/opt/ros/jazzy /usr/bin/cmake /ros2_ws/src/lunabot_2425 -DCMAKE_INSTALL_PREFIX=/ros2_ws/install/lunabot_2425
[0.603s] INFO:colcon.colcon_core.task.python.build:Building Python package in '/ros2_ws/src/teleop_twist_keyboard'
[0.603s] INFO:colcon.colcon_core.shell:Skip shell extension 'powershell' for command environment: Not usable outside of PowerShell
[0.603s] DEBUG:colcon.colcon_core.shell:Skip shell extension 'dsv' for command environment
[0.904s] INFO:colcon.colcon_core.task.python.build:Building Python package in '/ros2_ws/src/twist_stamper'
[0.904s] INFO:colcon.colcon_core.shell:Skip shell extension 'powershell' for command environment: Not usable outside of PowerShell
[0.905s] DEBUG:colcon.colcon_core.shell:Skip shell extension 'dsv' for command environment
[0.964s] DEBUG:colcon.colcon_core.event_handler.log_command:Invoked command in '/ros2_ws/build/lunabot_2425' returned '0': CMAKE_PREFIX_PATH=${CMAKE_PREFIX_PATH}:/ros2_ws/install/twist_stamper:/ros2_ws/install/teleop_twist_keyboard:/opt/ros/jazzy /usr/bin/cmake /ros2_ws/src/lunabot_2425 -DCMAKE_INSTALL_PREFIX=/ros2_ws/install/lunabot_2425
[0.965s] DEBUG:colcon.colcon_core.event_handler.log_command:Invoking command in '/ros2_ws/build/lunabot_2425': CMAKE_PREFIX_PATH=${CMAKE_PREFIX_PATH}:/ros2_ws/install/twist_stamper:/ros2_ws/install/teleop_twist_keyboard:/opt/ros/jazzy /usr/bin/cmake --build /ros2_ws/build/lunabot_2425 -- -j4 -l4
[1.044s] DEBUG:colcon.colcon_core.event_handler.log_command:Invoked command in '/ros2_ws/build/lunabot_2425' returned '0': CMAKE_PREFIX_PATH=${CMAKE_PREFIX_PATH}:/ros2_ws/install/twist_stamper:/ros2_ws/install/teleop_twist_keyboard:/opt/ros/jazzy /usr/bin/cmake --build /ros2_ws/build/lunabot_2425 -- -j4 -l4
[1.064s] DEBUG:colcon.colcon_core.event_handler.log_command:Invoking command in '/ros2_ws/build/lunabot_2425': CMAKE_PREFIX_PATH=${CMAKE_PREFIX_PATH}:/ros2_ws/install/twist_stamper:/ros2_ws/install/teleop_twist_keyboard:/opt/ros/jazzy /usr/bin/cmake --install /ros2_ws/build/lunabot_2425
[1.194s] Level 1:colcon.colcon_core.environment:create_environment_scripts_only(lunabot_2425)
[1.195s] DEBUG:colcon.colcon_core.event_handler.log_command:Invoked command in '/ros2_ws/build/lunabot_2425' returned '0': CMAKE_PREFIX_PATH=${CMAKE_PREFIX_PATH}:/ros2_ws/install/twist_stamper:/ros2_ws/install/teleop_twist_keyboard:/opt/ros/jazzy /usr/bin/cmake --install /ros2_ws/build/lunabot_2425
[1.199s] Level 1:colcon.colcon_core.environment:checking '/ros2_ws/install/lunabot_2425' for CMake module files
[1.202s] Level 1:colcon.colcon_core.environment:checking '/ros2_ws/install/lunabot_2425' for CMake config files
[1.203s] Level 1:colcon.colcon_core.shell:create_environment_hook('lunabot_2425', 'cmake_prefix_path')
[1.203s] INFO:colcon.colcon_core.shell:Creating environment hook '/ros2_ws/install/lunabot_2425/share/lunabot_2425/hook/cmake_prefix_path.ps1'
[1.204s] INFO:colcon.colcon_core.shell:Creating environment descriptor '/ros2_ws/install/lunabot_2425/share/lunabot_2425/hook/cmake_prefix_path.dsv'
[1.205s] INFO:colcon.colcon_core.shell:Creating environment hook '/ros2_ws/install/lunabot_2425/share/lunabot_2425/hook/cmake_prefix_path.sh'
[1.206s] Level 1:colcon.colcon_core.environment:checking '/ros2_ws/install/lunabot_2425/bin'
[1.206s] Level 1:colcon.colcon_core.environment:checking '/ros2_ws/install/lunabot_2425/lib/pkgconfig/lunabot_2425.pc'
[1.207s] Level 1:colcon.colcon_core.environment:checking '/ros2_ws/install/lunabot_2425/lib/python3.12/site-packages'
[1.207s] Level 1:colcon.colcon_core.environment:checking '/ros2_ws/install/lunabot_2425/bin'
[1.208s] INFO:colcon.colcon_core.shell:Creating package script '/ros2_ws/install/lunabot_2425/share/lunabot_2425/package.ps1'
[1.209s] INFO:colcon.colcon_core.shell:Creating package descriptor '/ros2_ws/install/lunabot_2425/share/lunabot_2425/package.dsv'
[1.210s] INFO:colcon.colcon_core.shell:Creating package script '/ros2_ws/install/lunabot_2425/share/lunabot_2425/package.sh'
[1.211s] INFO:colcon.colcon_core.shell:Creating package script '/ros2_ws/install/lunabot_2425/share/lunabot_2425/package.bash'
[1.212s] INFO:colcon.colcon_core.shell:Creating package script '/ros2_ws/install/lunabot_2425/share/lunabot_2425/package.zsh'
[1.213s] Level 1:colcon.colcon_core.environment:create_file_with_runtime_dependencies(/ros2_ws/install/lunabot_2425/share/colcon-core/packages/lunabot_2425)
[1.214s] Level 1:colcon.colcon_core.environment:create_environment_scripts_only(lunabot_2425)
[1.215s] Level 1:colcon.colcon_core.environment:checking '/ros2_ws/install/lunabot_2425' for CMake module files
[1.216s] Level 1:colcon.colcon_core.environment:checking '/ros2_ws/install/lunabot_2425' for CMake config files
[1.216s] Level 1:colcon.colcon_core.shell:create_environment_hook('lunabot_2425', 'cmake_prefix_path')
[1.217s] INFO:colcon.colcon_core.shell:Creating environment hook '/ros2_ws/install/lunabot_2425/share/lunabot_2425/hook/cmake_prefix_path.ps1'
[1.217s] INFO:colcon.colcon_core.shell:Creating environment descriptor '/ros2_ws/install/lunabot_2425/share/lunabot_2425/hook/cmake_prefix_path.dsv'
[1.218s] INFO:colcon.colcon_core.shell:Creating environment hook '/ros2_ws/install/lunabot_2425/share/lunabot_2425/hook/cmake_prefix_path.sh'
[1.219s] Level 1:colcon.colcon_core.environment:checking '/ros2_ws/install/lunabot_2425/bin'
[1.219s] Level 1:colcon.colcon_core.environment:checking '/ros2_ws/install/lunabot_2425/lib/pkgconfig/lunabot_2425.pc'
[1.220s] Level 1:colcon.colcon_core.environment:checking '/ros2_ws/install/lunabot_2425/lib/python3.12/site-packages'
[1.220s] Level 1:colcon.colcon_core.environment:checking '/ros2_ws/install/lunabot_2425/bin'
[1.221s] INFO:colcon.colcon_core.shell:Creating package script '/ros2_ws/install/lunabot_2425/share/lunabot_2425/package.ps1'
[1.222s] INFO:colcon.colcon_core.shell:Creating package descriptor '/ros2_ws/install/lunabot_2425/share/lunabot_2425/package.dsv'
[1.222s] INFO:colcon.colcon_core.shell:Creating package script '/ros2_ws/install/lunabot_2425/share/lunabot_2425/package.sh'
[1.223s] INFO:colcon.colcon_core.shell:Creating package script '/ros2_ws/install/lunabot_2425/share/lunabot_2425/package.bash'
[1.224s] INFO:colcon.colcon_core.shell:Creating package script '/ros2_ws/install/lunabot_2425/share/lunabot_2425/package.zsh'
[1.225s] Level 1:colcon.colcon_core.environment:create_file_with_runtime_dependencies(/ros2_ws/install/lunabot_2425/share/colcon-core/packages/lunabot_2425)
[1.934s] DEBUG:colcon.colcon_core.event_handler.log_command:Invoking command in '/ros2_ws/build/twist_stamper': PYTHONPATH=/ros2_ws/build/twist_stamper/prefix_override:/usr/lib/python3/dist-packages/colcon_core/task/python/colcon_distutils_commands:/ros2_ws/install/twist_stamper/lib/python3.12/site-packages:${PYTHONPATH} /usr/bin/python3 -W ignore:setup.py install is deprecated -W ignore:easy_install command is deprecated setup.py develop --uninstall --editable --build-directory /ros2_ws/build/twist_stamper/build
[1.990s] DEBUG:colcon.colcon_core.event_handler.log_command:Invoking command in '/ros2_ws/build/teleop_twist_keyboard': PYTHONPATH=/ros2_ws/build/teleop_twist_keyboard/prefix_override:/usr/lib/python3/dist-packages/colcon_core/task/python/colcon_distutils_commands:/ros2_ws/install/teleop_twist_keyboard/lib/python3.12/site-packages:${PYTHONPATH} /usr/bin/python3 -W ignore:setup.py install is deprecated -W ignore:easy_install command is deprecated setup.py develop --uninstall --editable --build-directory /ros2_ws/build/teleop_twist_keyboard/build
[2.006s] DEBUG:colcon.colcon_core.event_handler.log_command:Invoked command in '/ros2_ws/build/luna_control' returned '0': CMAKE_PREFIX_PATH=${CMAKE_PREFIX_PATH}:/ros2_ws/install/twist_stamper:/ros2_ws/install/teleop_twist_keyboard:/opt/ros/jazzy /usr/bin/cmake /ros2_ws/src/luna_control -DCMAKE_INSTALL_PREFIX=/ros2_ws/install/luna_control
[2.007s] DEBUG:colcon.colcon_core.event_handler.log_command:Invoking command in '/ros2_ws/build/luna_control': CMAKE_PREFIX_PATH=${CMAKE_PREFIX_PATH}:/ros2_ws/install/twist_stamper:/ros2_ws/install/teleop_twist_keyboard:/opt/ros/jazzy /usr/bin/cmake --build /ros2_ws/build/luna_control -- -j4 -l4
[2.198s] DEBUG:colcon.colcon_core.event_handler.log_command:Invoked command in '/ros2_ws/build/luna_control' returned '0': CMAKE_PREFIX_PATH=${CMAKE_PREFIX_PATH}:/ros2_ws/install/twist_stamper:/ros2_ws/install/teleop_twist_keyboard:/opt/ros/jazzy /usr/bin/cmake --build /ros2_ws/build/luna_control -- -j4 -l4
[2.200s] DEBUG:colcon.colcon_core.event_handler.log_command:Invoking command in '/ros2_ws/build/luna_control': CMAKE_PREFIX_PATH=${CMAKE_PREFIX_PATH}:/ros2_ws/install/twist_stamper:/ros2_ws/install/teleop_twist_keyboard:/opt/ros/jazzy /usr/bin/cmake --install /ros2_ws/build/luna_control
[2.246s] Level 1:colcon.colcon_core.environment:create_environment_scripts_only(luna_control)
[2.246s] Level 1:colcon.colcon_core.environment:checking '/ros2_ws/install/luna_control' for CMake module files
[2.247s] DEBUG:colcon.colcon_core.event_handler.log_command:Invoked command in '/ros2_ws/build/luna_control' returned '0': CMAKE_PREFIX_PATH=${CMAKE_PREFIX_PATH}:/ros2_ws/install/twist_stamper:/ros2_ws/install/teleop_twist_keyboard:/opt/ros/jazzy /usr/bin/cmake --install /ros2_ws/build/luna_control
[2.248s] Level 1:colcon.colcon_core.environment:checking '/ros2_ws/install/luna_control' for CMake config files
[2.248s] Level 1:colcon.colcon_core.shell:create_environment_hook('luna_control', 'cmake_prefix_path')
[2.249s] INFO:colcon.colcon_core.shell:Creating environment hook '/ros2_ws/install/luna_control/share/luna_control/hook/cmake_prefix_path.ps1'
[2.250s] INFO:colcon.colcon_core.shell:Creating environment descriptor '/ros2_ws/install/luna_control/share/luna_control/hook/cmake_prefix_path.dsv'
[2.251s] INFO:colcon.colcon_core.shell:Creating environment hook '/ros2_ws/install/luna_control/share/luna_control/hook/cmake_prefix_path.sh'
[2.253s] Level 1:colcon.colcon_core.environment:checking '/ros2_ws/install/luna_control/lib'
[2.254s] Level 1:colcon.colcon_core.shell:create_environment_hook('luna_control', 'ld_library_path_lib')
[2.254s] INFO:colcon.colcon_core.shell:Creating environment hook '/ros2_ws/install/luna_control/share/luna_control/hook/ld_library_path_lib.ps1'
[2.255s] INFO:colcon.colcon_core.shell:Creating environment descriptor '/ros2_ws/install/luna_control/share/luna_control/hook/ld_library_path_lib.dsv'
[2.256s] INFO:colcon.colcon_core.shell:Creating environment hook '/ros2_ws/install/luna_control/share/luna_control/hook/ld_library_path_lib.sh'
[2.257s] Level 1:colcon.colcon_core.environment:checking '/ros2_ws/install/luna_control/bin'
[2.257s] Level 1:colcon.colcon_core.environment:checking '/ros2_ws/install/luna_control/lib/pkgconfig/luna_control.pc'
[2.257s] Level 1:colcon.colcon_core.environment:checking '/ros2_ws/install/luna_control/lib/python3.12/site-packages'
[2.258s] Level 1:colcon.colcon_core.environment:checking '/ros2_ws/install/luna_control/bin'
[2.259s] INFO:colcon.colcon_core.shell:Creating package script '/ros2_ws/install/luna_control/share/luna_control/package.ps1'
[2.260s] INFO:colcon.colcon_core.shell:Creating package descriptor '/ros2_ws/install/luna_control/share/luna_control/package.dsv'
[2.261s] INFO:colcon.colcon_core.shell:Creating package script '/ros2_ws/install/luna_control/share/luna_control/package.sh'
[2.262s] INFO:colcon.colcon_core.shell:Creating package script '/ros2_ws/install/luna_control/share/luna_control/package.bash'
[2.262s] INFO:colcon.colcon_core.shell:Creating package script '/ros2_ws/install/luna_control/share/luna_control/package.zsh'
[2.263s] Level 1:colcon.colcon_core.environment:create_file_with_runtime_dependencies(/ros2_ws/install/luna_control/share/colcon-core/packages/luna_control)
[2.264s] Level 1:colcon.colcon_core.environment:create_environment_scripts_only(luna_control)
[2.264s] Level 1:colcon.colcon_core.environment:checking '/ros2_ws/install/luna_control' for CMake module files
[2.265s] Level 1:colcon.colcon_core.environment:checking '/ros2_ws/install/luna_control' for CMake config files
[2.266s] Level 1:colcon.colcon_core.shell:create_environment_hook('luna_control', 'cmake_prefix_path')
[2.266s] INFO:colcon.colcon_core.shell:Creating environment hook '/ros2_ws/install/luna_control/share/luna_control/hook/cmake_prefix_path.ps1'
[2.267s] INFO:colcon.colcon_core.shell:Creating environment descriptor '/ros2_ws/install/luna_control/share/luna_control/hook/cmake_prefix_path.dsv'
[2.267s] INFO:colcon.colcon_core.shell:Creating environment hook '/ros2_ws/install/luna_control/share/luna_control/hook/cmake_prefix_path.sh'
[2.268s] Level 1:colcon.colcon_core.environment:checking '/ros2_ws/install/luna_control/lib'
[2.268s] Level 1:colcon.colcon_core.shell:create_environment_hook('luna_control', 'ld_library_path_lib')
[2.269s] INFO:colcon.colcon_core.shell:Creating environment hook '/ros2_ws/install/luna_control/share/luna_control/hook/ld_library_path_lib.ps1'
[2.269s] INFO:colcon.colcon_core.shell:Creating environment descriptor '/ros2_ws/install/luna_control/share/luna_control/hook/ld_library_path_lib.dsv'
[2.270s] INFO:colcon.colcon_core.shell:Creating environment hook '/ros2_ws/install/luna_control/share/luna_control/hook/ld_library_path_lib.sh'
[2.271s] Level 1:colcon.colcon_core.environment:checking '/ros2_ws/install/luna_control/bin'
[2.271s] Level 1:colcon.colcon_core.environment:checking '/ros2_ws/install/luna_control/lib/pkgconfig/luna_control.pc'
[2.271s] Level 1:colcon.colcon_core.environment:checking '/ros2_ws/install/luna_control/lib/python3.12/site-packages'
[2.272s] Level 1:colcon.colcon_core.environment:checking '/ros2_ws/install/luna_control/bin'
[2.272s] INFO:colcon.colcon_core.shell:Creating package script '/ros2_ws/install/luna_control/share/luna_control/package.ps1'
[2.274s] INFO:colcon.colcon_core.shell:Creating package descriptor '/ros2_ws/install/luna_control/share/luna_control/package.dsv'
[2.275s] INFO:colcon.colcon_core.shell:Creating package script '/ros2_ws/install/luna_control/share/luna_control/package.sh'
[2.276s] INFO:colcon.colcon_core.shell:Creating package script '/ros2_ws/install/luna_control/share/luna_control/package.bash'
[2.276s] INFO:colcon.colcon_core.shell:Creating package script '/ros2_ws/install/luna_control/share/luna_control/package.zsh'
[2.277s] Level 1:colcon.colcon_core.environment:create_file_with_runtime_dependencies(/ros2_ws/install/luna_control/share/colcon-core/packages/luna_control)
[2.675s] DEBUG:colcon.colcon_core.event_handler.log_command:Invoked command in '/ros2_ws/build/twist_stamper' returned '0': PYTHONPATH=/ros2_ws/build/twist_stamper/prefix_override:/usr/lib/python3/dist-packages/colcon_core/task/python/colcon_distutils_commands:/ros2_ws/install/twist_stamper/lib/python3.12/site-packages:${PYTHONPATH} /usr/bin/python3 -W ignore:setup.py install is deprecated -W ignore:easy_install command is deprecated setup.py develop --uninstall --editable --build-directory /ros2_ws/build/twist_stamper/build
[2.678s] DEBUG:colcon.colcon_core.event_handler.log_command:Invoking command in '/ros2_ws/src/twist_stamper': PYTHONPATH=/ros2_ws/build/twist_stamper/prefix_override:/usr/lib/python3/dist-packages/colcon_core/task/python/colcon_distutils_commands:/ros2_ws/install/twist_stamper/lib/python3.12/site-packages:${PYTHONPATH} /usr/bin/python3 -W ignore:setup.py install is deprecated -W ignore:easy_install command is deprecated setup.py egg_info --egg-base ../../build/twist_stamper build --build-base /ros2_ws/build/twist_stamper/build install --record /ros2_ws/build/twist_stamper/install.log --single-version-externally-managed install_data --force
[2.688s] DEBUG:colcon.colcon_core.event_handler.log_command:Invoked command in '/ros2_ws/build/teleop_twist_keyboard' returned '0': PYTHONPATH=/ros2_ws/build/teleop_twist_keyboard/prefix_override:/usr/lib/python3/dist-packages/colcon_core/task/python/colcon_distutils_commands:/ros2_ws/install/teleop_twist_keyboard/lib/python3.12/site-packages:${PYTHONPATH} /usr/bin/python3 -W ignore:setup.py install is deprecated -W ignore:easy_install command is deprecated setup.py develop --uninstall --editable --build-directory /ros2_ws/build/teleop_twist_keyboard/build
[2.689s] DEBUG:colcon.colcon_core.event_handler.log_command:Invoking command in '/ros2_ws/src/teleop_twist_keyboard': PYTHONPATH=/ros2_ws/build/teleop_twist_keyboard/prefix_override:/usr/lib/python3/dist-packages/colcon_core/task/python/colcon_distutils_commands:/ros2_ws/install/teleop_twist_keyboard/lib/python3.12/site-packages:${PYTHONPATH} /usr/bin/python3 -W ignore:setup.py install is deprecated -W ignore:easy_install command is deprecated setup.py egg_info --egg-base ../../build/teleop_twist_keyboard build --build-base /ros2_ws/build/teleop_twist_keyboard/build install --record /ros2_ws/build/teleop_twist_keyboard/install.log --single-version-externally-managed install_data --force
[3.307s] Level 1:colcon.colcon_core.environment:checking '/ros2_ws/install/twist_stamper' for CMake module files
[3.308s] DEBUG:colcon.colcon_core.event_handler.log_command:Invoked command in '/ros2_ws/src/twist_stamper' returned '0': PYTHONPATH=/ros2_ws/build/twist_stamper/prefix_override:/usr/lib/python3/dist-packages/colcon_core/task/python/colcon_distutils_commands:/ros2_ws/install/twist_stamper/lib/python3.12/site-packages:${PYTHONPATH} /usr/bin/python3 -W ignore:setup.py install is deprecated -W ignore:easy_install command is deprecated setup.py egg_info --egg-base ../../build/twist_stamper build --build-base /ros2_ws/build/twist_stamper/build install --record /ros2_ws/build/twist_stamper/install.log --single-version-externally-managed install_data --force
[3.308s] Level 1:colcon.colcon_core.environment:checking '/ros2_ws/install/twist_stamper' for CMake config files
[3.309s] Level 1:colcon.colcon_core.environment:checking '/ros2_ws/install/twist_stamper/lib'
[3.309s] Level 1:colcon.colcon_core.environment:checking '/ros2_ws/install/twist_stamper/bin'
[3.309s] Level 1:colcon.colcon_core.environment:checking '/ros2_ws/install/twist_stamper/lib/pkgconfig/twist_stamper.pc'
[3.309s] Level 1:colcon.colcon_core.environment:checking '/ros2_ws/install/twist_stamper/lib/python3.12/site-packages'
[3.309s] Level 1:colcon.colcon_core.shell:create_environment_hook('twist_stamper', 'pythonpath')
[3.310s] INFO:colcon.colcon_core.shell:Creating environment hook '/ros2_ws/install/twist_stamper/share/twist_stamper/hook/pythonpath.ps1'
[3.310s] INFO:colcon.colcon_core.shell:Creating environment descriptor '/ros2_ws/install/twist_stamper/share/twist_stamper/hook/pythonpath.dsv'
[3.311s] INFO:colcon.colcon_core.shell:Creating environment hook '/ros2_ws/install/twist_stamper/share/twist_stamper/hook/pythonpath.sh'
[3.312s] Level 1:colcon.colcon_core.environment:checking '/ros2_ws/install/twist_stamper/bin'
[3.312s] Level 1:colcon.colcon_core.environment:create_environment_scripts_only(twist_stamper)
[3.312s] INFO:colcon.colcon_core.shell:Creating package script '/ros2_ws/install/twist_stamper/share/twist_stamper/package.ps1'
[3.313s] INFO:colcon.colcon_core.shell:Creating package descriptor '/ros2_ws/install/twist_stamper/share/twist_stamper/package.dsv'
[3.313s] INFO:colcon.colcon_core.shell:Creating package script '/ros2_ws/install/twist_stamper/share/twist_stamper/package.sh'
[3.314s] INFO:colcon.colcon_core.shell:Creating package script '/ros2_ws/install/twist_stamper/share/twist_stamper/package.bash'
[3.314s] INFO:colcon.colcon_core.shell:Creating package script '/ros2_ws/install/twist_stamper/share/twist_stamper/package.zsh'
[3.314s] Level 1:colcon.colcon_core.environment:create_file_with_runtime_dependencies(/ros2_ws/install/twist_stamper/share/colcon-core/packages/twist_stamper)
[3.316s] Level 1:colcon.colcon_core.environment:checking '/ros2_ws/install/teleop_twist_keyboard' for CMake module files
[3.318s] DEBUG:colcon.colcon_core.event_handler.log_command:Invoked command in '/ros2_ws/src/teleop_twist_keyboard' returned '0': PYTHONPATH=/ros2_ws/build/teleop_twist_keyboard/prefix_override:/usr/lib/python3/dist-packages/colcon_core/task/python/colcon_distutils_commands:/ros2_ws/install/teleop_twist_keyboard/lib/python3.12/site-packages:${PYTHONPATH} /usr/bin/python3 -W ignore:setup.py install is deprecated -W ignore:easy_install command is deprecated setup.py egg_info --egg-base ../../build/teleop_twist_keyboard build --build-base /ros2_ws/build/teleop_twist_keyboard/build install --record /ros2_ws/build/teleop_twist_keyboard/install.log --single-version-externally-managed install_data --force
[3.318s] Level 1:colcon.colcon_core.environment:checking '/ros2_ws/install/teleop_twist_keyboard' for CMake config files
[3.319s] Level 1:colcon.colcon_core.environment:checking '/ros2_ws/install/teleop_twist_keyboard/lib'
[3.319s] Level 1:colcon.colcon_core.environment:checking '/ros2_ws/install/teleop_twist_keyboard/bin'
[3.320s] Level 1:colcon.colcon_core.environment:checking '/ros2_ws/install/teleop_twist_keyboard/lib/pkgconfig/teleop_twist_keyboard.pc'
[3.320s] Level 1:colcon.colcon_core.environment:checking '/ros2_ws/install/teleop_twist_keyboard/lib/python3.12/site-packages'
[3.321s] Level 1:colcon.colcon_core.shell:create_environment_hook('teleop_twist_keyboard', 'pythonpath')
[3.321s] INFO:colcon.colcon_core.shell:Creating environment hook '/ros2_ws/install/teleop_twist_keyboard/share/teleop_twist_keyboard/hook/pythonpath.ps1'
[3.322s] INFO:colcon.colcon_core.shell:Creating environment descriptor '/ros2_ws/install/teleop_twist_keyboard/share/teleop_twist_keyboard/hook/pythonpath.dsv'
[3.322s] INFO:colcon.colcon_core.shell:Creating environment hook '/ros2_ws/install/teleop_twist_keyboard/share/teleop_twist_keyboard/hook/pythonpath.sh'
[3.323s] Level 1:colcon.colcon_core.environment:checking '/ros2_ws/install/teleop_twist_keyboard/bin'
[3.323s] Level 1:colcon.colcon_core.environment:create_environment_scripts_only(teleop_twist_keyboard)
[3.323s] INFO:colcon.colcon_core.shell:Creating package script '/ros2_ws/install/teleop_twist_keyboard/share/teleop_twist_keyboard/package.ps1'
[3.324s] INFO:colcon.colcon_core.shell:Creating package descriptor '/ros2_ws/install/teleop_twist_keyboard/share/teleop_twist_keyboard/package.dsv'
[3.325s] INFO:colcon.colcon_core.shell:Creating package script '/ros2_ws/install/teleop_twist_keyboard/share/teleop_twist_keyboard/package.sh'
[3.325s] INFO:colcon.colcon_core.shell:Creating package script '/ros2_ws/install/teleop_twist_keyboard/share/teleop_twist_keyboard/package.bash'
[3.326s] INFO:colcon.colcon_core.shell:Creating package script '/ros2_ws/install/teleop_twist_keyboard/share/teleop_twist_keyboard/package.zsh'
[3.326s] Level 1:colcon.colcon_core.environment:create_file_with_runtime_dependencies(/ros2_ws/install/teleop_twist_keyboard/share/colcon-core/packages/teleop_twist_keyboard)
[3.326s] DEBUG:colcon.colcon_parallel_executor.executor.parallel:closing loop
[3.327s] DEBUG:colcon.colcon_parallel_executor.executor.parallel:loop closed
[3.327s] DEBUG:colcon.colcon_parallel_executor.executor.parallel:run_until_complete finished with '0'
[3.327s] DEBUG:colcon.colcon_core.event_reactor:joining thread
[3.335s] INFO:colcon.colcon_core.plugin_system:Skipping extension 'colcon_notification.desktop_notification.notify_send': Could not find 'notify-send'
[3.335s] INFO:colcon.colcon_core.plugin_system:Skipping extension 'colcon_notification.desktop_notification.terminal_notifier': Not used on non-Darwin systems
[3.335s] INFO:colcon.colcon_core.plugin_system:Skipping extension 'colcon_notification.desktop_notification.win32': Not used on non-Windows systems
[3.335s] INFO:colcon.colcon_notification.desktop_notification:Sending desktop notification using 'notify2'
[3.339s] DEBUG:colcon.colcon_notification.desktop_notification.notify2:Failed to initialize notify2: org.freedesktop.DBus.Error.Spawn.ExecFailed: /usr/bin/dbus-launch terminated abnormally without any error message
[3.339s] DEBUG:colcon.colcon_core.event_reactor:joined thread
[3.340s] INFO:colcon.colcon_core.shell:Creating prefix script '/ros2_ws/install/local_setup.ps1'
[3.342s] INFO:colcon.colcon_core.shell:Creating prefix util module '/ros2_ws/install/_local_setup_util_ps1.py'
[3.344s] INFO:colcon.colcon_core.shell:Creating prefix chain script '/ros2_ws/install/setup.ps1'
[3.345s] INFO:colcon.colcon_core.shell:Creating prefix script '/ros2_ws/install/local_setup.sh'
[3.346s] INFO:colcon.colcon_core.shell:Creating prefix util module '/ros2_ws/install/_local_setup_util_sh.py'
[3.347s] INFO:colcon.colcon_core.shell:Creating prefix chain script '/ros2_ws/install/setup.sh'
[3.348s] INFO:colcon.colcon_core.shell:Creating prefix script '/ros2_ws/install/local_setup.bash'
[3.348s] INFO:colcon.colcon_core.shell:Creating prefix chain script '/ros2_ws/install/setup.bash'
[3.350s] INFO:colcon.colcon_core.shell:Creating prefix script '/ros2_ws/install/local_setup.zsh'
[3.350s] INFO:colcon.colcon_core.shell:Creating prefix chain script '/ros2_ws/install/setup.zsh'
