[1.663s] Invoking command in '/ros2_ws/build/twist_stamper': PYTHONPATH=/ros2_ws/build/twist_stamper/prefix_override:/usr/lib/python3/dist-packages/colcon_core/task/python/colcon_distutils_commands:/ros2_ws/install/twist_stamper/lib/python3.12/site-packages:${PYTHONPATH} /usr/bin/python3 -W ignore:setup.py install is deprecated -W ignore:easy_install command is deprecated setup.py develop --uninstall --editable --build-directory /ros2_ws/build/twist_stamper/build
[2.137s] running develop
[2.345s] Removing /ros2_ws/install/twist_stamper/lib/python3.12/site-packages/twist-stamper.egg-link (link to .)
[2.405s] Invoked command in '/ros2_ws/build/twist_stamper' returned '0': PYTHONPATH=/ros2_ws/build/twist_stamper/prefix_override:/usr/lib/python3/dist-packages/colcon_core/task/python/colcon_distutils_commands:/ros2_ws/install/twist_stamper/lib/python3.12/site-packages:${PYTHONPATH} /usr/bin/python3 -W ignore:setup.py install is deprecated -W ignore:easy_install command is deprecated setup.py develop --uninstall --editable --build-directory /ros2_ws/build/twist_stamper/build
[2.407s] Invoking command in '/ros2_ws/src/twist_stamper': PYTHONPATH=/ros2_ws/build/twist_stamper/prefix_override:/usr/lib/python3/dist-packages/colcon_core/task/python/colcon_distutils_commands:/ros2_ws/install/twist_stamper/lib/python3.12/site-packages:${PYTHONPATH} /usr/bin/python3 -W ignore:setup.py install is deprecated -W ignore:easy_install command is deprecated setup.py egg_info --egg-base ../../build/twist_stamper build --build-base /ros2_ws/build/twist_stamper/build install --record /ros2_ws/build/twist_stamper/install.log --single-version-externally-managed install_data --force
[2.711s] running egg_info
[2.729s] writing ../../build/twist_stamper/twist_stamper.egg-info/PKG-INFO
[2.730s] writing dependency_links to ../../build/twist_stamper/twist_stamper.egg-info/dependency_links.txt
[2.730s] writing entry points to ../../build/twist_stamper/twist_stamper.egg-info/entry_points.txt
[2.730s] writing requirements to ../../build/twist_stamper/twist_stamper.egg-info/requires.txt
[2.730s] writing top-level names to ../../build/twist_stamper/twist_stamper.egg-info/top_level.txt
[2.770s] reading manifest file '../../build/twist_stamper/twist_stamper.egg-info/SOURCES.txt'
[2.770s] adding license file 'LICENSE'
[2.771s] writing manifest file '../../build/twist_stamper/twist_stamper.egg-info/SOURCES.txt'
[2.771s] running build
[2.772s] running build_py
[2.772s] creating /ros2_ws/build/twist_stamper/build
[2.772s] creating /ros2_ws/build/twist_stamper/build/lib
[2.772s] creating /ros2_ws/build/twist_stamper/build/lib/twist_stamper
[2.772s] copying twist_stamper/twist_stamper.py -> /ros2_ws/build/twist_stamper/build/lib/twist_stamper
[2.773s] copying twist_stamper/__init__.py -> /ros2_ws/build/twist_stamper/build/lib/twist_stamper
[2.773s] copying twist_stamper/twist_unstamper.py -> /ros2_ws/build/twist_stamper/build/lib/twist_stamper
[2.773s] running install
[2.785s] running install_lib
[2.805s] creating /ros2_ws/install/twist_stamper/lib/python3.12/site-packages/twist_stamper
[2.806s] copying /ros2_ws/build/twist_stamper/build/lib/twist_stamper/twist_stamper.py -> /ros2_ws/install/twist_stamper/lib/python3.12/site-packages/twist_stamper
[2.806s] copying /ros2_ws/build/twist_stamper/build/lib/twist_stamper/__init__.py -> /ros2_ws/install/twist_stamper/lib/python3.12/site-packages/twist_stamper
[2.806s] copying /ros2_ws/build/twist_stamper/build/lib/twist_stamper/twist_unstamper.py -> /ros2_ws/install/twist_stamper/lib/python3.12/site-packages/twist_stamper
[2.807s] byte-compiling /ros2_ws/install/twist_stamper/lib/python3.12/site-packages/twist_stamper/twist_stamper.py to twist_stamper.cpython-312.pyc
[2.808s] byte-compiling /ros2_ws/install/twist_stamper/lib/python3.12/site-packages/twist_stamper/__init__.py to __init__.cpython-312.pyc
[2.808s] byte-compiling /ros2_ws/install/twist_stamper/lib/python3.12/site-packages/twist_stamper/twist_unstamper.py to twist_unstamper.cpython-312.pyc
[2.809s] running install_data
[2.809s] copying resource/twist_stamper -> /ros2_ws/install/twist_stamper/share/ament_index/resource_index/packages
[2.809s] copying package.xml -> /ros2_ws/install/twist_stamper/share/twist_stamper
[2.809s] running install_egg_info
[2.831s] Copying ../../build/twist_stamper/twist_stamper.egg-info to /ros2_ws/install/twist_stamper/lib/python3.12/site-packages/twist_stamper-0.0.5-py3.12.egg-info
[2.832s] running install_scripts
[2.977s] Installing twist_stamper script to /ros2_ws/install/twist_stamper/lib/twist_stamper
[2.977s] Installing twist_unstamper script to /ros2_ws/install/twist_stamper/lib/twist_stamper
[2.978s] writing list of installed files to '/ros2_ws/build/twist_stamper/install.log'
[3.037s] Invoked command in '/ros2_ws/src/twist_stamper' returned '0': PYTHONPATH=/ros2_ws/build/twist_stamper/prefix_override:/usr/lib/python3/dist-packages/colcon_core/task/python/colcon_distutils_commands:/ros2_ws/install/twist_stamper/lib/python3.12/site-packages:${PYTHONPATH} /usr/bin/python3 -W ignore:setup.py install is deprecated -W ignore:easy_install command is deprecated setup.py egg_info --egg-base ../../build/twist_stamper build --build-base /ros2_ws/build/twist_stamper/build install --record /ros2_ws/build/twist_stamper/install.log --single-version-externally-managed install_data --force
