[0.151s] DEBUG:colcon:Command line arguments: ['/usr/bin/colcon', 'build', '--symlink-install']
[0.151s] DEBUG:colcon:Parsed command line arguments: Namespace(log_base=None, log_level=None, verb_name='build', build_base='build', install_base='install', merge_install=False, symlink_install=True, test_result_base=None, continue_on_error=False, executor='parallel', parallel_workers=4, event_handlers=None, ignore_user_meta=False, metas=['./colcon.meta'], base_paths=['.'], packages_ignore=None, packages_ignore_regex=None, paths=None, packages_up_to=None, packages_up_to_regex=None, packages_above=None, packages_above_and_dependencies=None, packages_above_depth=None, packages_select_by_dep=None, packages_skip_by_dep=None, packages_skip_up_to=None, packages_select_build_failed=False, packages_skip_build_finished=False, packages_select_test_failures=False, packages_skip_test_passed=False, packages_select=None, packages_skip=None, packages_select_regex=None, packages_skip_regex=None, packages_start=None, packages_end=None, cmake_args=None, cmake_target=None, cmake_target_skip_unavailable=False, cmake_clean_cache=False, cmake_clean_first=False, cmake_force_configure=False, ament_cmake_args=None, catkin_cmake_args=None, catkin_skip_building_tests=False, mixin_files=None, mixin=None, verb_parser=<colcon_mixin.mixin.mixin_argument.MixinArgumentDecorator object at 0x79ce0639c5c0>, verb_extension=<colcon_core.verb.build.BuildVerb object at 0x79ce064f05f0>, main=<bound method BuildVerb.main of <colcon_core.verb.build.BuildVerb object at 0x79ce064f05f0>>, mixin_verb=('build',))
[0.204s] Level 1:colcon.colcon_core.package_discovery:discover_packages(colcon_meta) check parameters
[0.205s] INFO:colcon.colcon_metadata.package_discovery.colcon_meta:Using configuration from '/root/.colcon/metadata/default/Gazebo.meta'
[0.205s] INFO:colcon.colcon_metadata.package_discovery.colcon_meta:Using configuration from '/root/.colcon/metadata/default/fastdds.meta'
[0.205s] INFO:colcon.colcon_metadata.package_discovery.colcon_meta:Using configuration from '/root/.colcon/metadata/default/fastrtps.meta'
[0.206s] Level 1:colcon.colcon_core.package_discovery:discover_packages(recursive) check parameters
[0.206s] Level 1:colcon.colcon_core.package_discovery:discover_packages(ignore) check parameters
[0.206s] Level 1:colcon.colcon_core.package_discovery:discover_packages(path) check parameters
[0.206s] Level 1:colcon.colcon_core.package_discovery:discover_packages(colcon_meta) discover
[0.206s] Level 1:colcon.colcon_core.package_discovery:discover_packages(recursive) discover
[0.206s] INFO:colcon.colcon_core.package_discovery:Crawling recursively for packages in '/ros2_ws'
[0.206s] Level 1:colcon.colcon_core.package_identification:_identify(.) by extensions ['ignore', 'ignore_ament_install']
[0.206s] Level 1:colcon.colcon_core.package_identification:_identify(.) by extension 'ignore'
[0.206s] Level 1:colcon.colcon_core.package_identification:_identify(.) by extension 'ignore_ament_install'
[0.206s] Level 1:colcon.colcon_core.package_identification:_identify(.) by extensions ['colcon_pkg']
[0.206s] Level 1:colcon.colcon_core.package_identification:_identify(.) by extension 'colcon_pkg'
[0.206s] Level 1:colcon.colcon_core.package_identification:_identify(.) by extensions ['colcon_meta']
[0.206s] Level 1:colcon.colcon_core.package_identification:_identify(.) by extension 'colcon_meta'
[0.206s] Level 1:colcon.colcon_core.package_identification:_identify(.) by extensions ['ros']
[0.206s] Level 1:colcon.colcon_core.package_identification:_identify(.) by extension 'ros'
[0.240s] Level 1:colcon.colcon_core.package_identification:_identify(.) by extensions ['cmake', 'python']
[0.240s] Level 1:colcon.colcon_core.package_identification:_identify(.) by extension 'cmake'
[0.240s] Level 1:colcon.colcon_core.package_identification:_identify(.) by extension 'python'
[0.240s] Level 1:colcon.colcon_core.package_identification:_identify(.) by extensions ['python_setup_py']
[0.240s] Level 1:colcon.colcon_core.package_identification:_identify(.) by extension 'python_setup_py'
[0.241s] Level 1:colcon.colcon_core.package_identification:_identify(build) by extensions ['ignore', 'ignore_ament_install']
[0.241s] Level 1:colcon.colcon_core.package_identification:_identify(build) by extension 'ignore'
[0.241s] Level 1:colcon.colcon_core.package_identification:_identify(build) ignored
[0.241s] Level 1:colcon.colcon_core.package_identification:_identify(install) by extensions ['ignore', 'ignore_ament_install']
[0.241s] Level 1:colcon.colcon_core.package_identification:_identify(install) by extension 'ignore'
[0.241s] Level 1:colcon.colcon_core.package_identification:_identify(install) ignored
[0.241s] Level 1:colcon.colcon_core.package_identification:_identify(log) by extensions ['ignore', 'ignore_ament_install']
[0.241s] Level 1:colcon.colcon_core.package_identification:_identify(log) by extension 'ignore'
[0.241s] Level 1:colcon.colcon_core.package_identification:_identify(log) ignored
[0.242s] Level 1:colcon.colcon_core.package_identification:_identify(src) by extensions ['ignore', 'ignore_ament_install']
[0.242s] Level 1:colcon.colcon_core.package_identification:_identify(src) by extension 'ignore'
[0.242s] Level 1:colcon.colcon_core.package_identification:_identify(src) by extension 'ignore_ament_install'
[0.242s] Level 1:colcon.colcon_core.package_identification:_identify(src) by extensions ['colcon_pkg']
[0.242s] Level 1:colcon.colcon_core.package_identification:_identify(src) by extension 'colcon_pkg'
[0.242s] Level 1:colcon.colcon_core.package_identification:_identify(src) by extensions ['colcon_meta']
[0.242s] Level 1:colcon.colcon_core.package_identification:_identify(src) by extension 'colcon_meta'
[0.242s] Level 1:colcon.colcon_core.package_identification:_identify(src) by extensions ['ros']
[0.242s] Level 1:colcon.colcon_core.package_identification:_identify(src) by extension 'ros'
[0.242s] Level 1:colcon.colcon_core.package_identification:_identify(src) by extensions ['cmake', 'python']
[0.242s] Level 1:colcon.colcon_core.package_identification:_identify(src) by extension 'cmake'
[0.242s] Level 1:colcon.colcon_core.package_identification:_identify(src) by extension 'python'
[0.242s] Level 1:colcon.colcon_core.package_identification:_identify(src) by extensions ['python_setup_py']
[0.242s] Level 1:colcon.colcon_core.package_identification:_identify(src) by extension 'python_setup_py'
[0.242s] Level 1:colcon.colcon_core.package_identification:_identify(src/luna_control) by extensions ['ignore', 'ignore_ament_install']
[0.243s] Level 1:colcon.colcon_core.package_identification:_identify(src/luna_control) by extension 'ignore'
[0.243s] Level 1:colcon.colcon_core.package_identification:_identify(src/luna_control) by extension 'ignore_ament_install'
[0.243s] Level 1:colcon.colcon_core.package_identification:_identify(src/luna_control) by extensions ['colcon_pkg']
[0.243s] Level 1:colcon.colcon_core.package_identification:_identify(src/luna_control) by extension 'colcon_pkg'
[0.243s] Level 1:colcon.colcon_core.package_identification:_identify(src/luna_control) by extensions ['colcon_meta']
[0.243s] Level 1:colcon.colcon_core.package_identification:_identify(src/luna_control) by extension 'colcon_meta'
[0.243s] Level 1:colcon.colcon_core.package_identification:_identify(src/luna_control) by extensions ['ros']
[0.243s] Level 1:colcon.colcon_core.package_identification:_identify(src/luna_control) by extension 'ros'
[0.247s] DEBUG:colcon.colcon_core.package_identification:Package 'src/luna_control' with type 'ros.ament_cmake' and name 'luna_control'
[0.247s] Level 1:colcon.colcon_core.package_identification:_identify(src/lunabot_2425) by extensions ['ignore', 'ignore_ament_install']
[0.247s] Level 1:colcon.colcon_core.package_identification:_identify(src/lunabot_2425) by extension 'ignore'
[0.247s] Level 1:colcon.colcon_core.package_identification:_identify(src/lunabot_2425) by extension 'ignore_ament_install'
[0.247s] Level 1:colcon.colcon_core.package_identification:_identify(src/lunabot_2425) by extensions ['colcon_pkg']
[0.247s] Level 1:colcon.colcon_core.package_identification:_identify(src/lunabot_2425) by extension 'colcon_pkg'
[0.247s] Level 1:colcon.colcon_core.package_identification:_identify(src/lunabot_2425) by extensions ['colcon_meta']
[0.247s] Level 1:colcon.colcon_core.package_identification:_identify(src/lunabot_2425) by extension 'colcon_meta'
[0.247s] Level 1:colcon.colcon_core.package_identification:_identify(src/lunabot_2425) by extensions ['ros']
[0.247s] Level 1:colcon.colcon_core.package_identification:_identify(src/lunabot_2425) by extension 'ros'
[0.248s] DEBUG:colcon.colcon_core.package_identification:Package 'src/lunabot_2425' with type 'ros.ament_cmake' and name 'lunabot_2425'
[0.248s] Level 1:colcon.colcon_core.package_identification:_identify(src/teleop_twist_keyboard) by extensions ['ignore', 'ignore_ament_install']
[0.248s] Level 1:colcon.colcon_core.package_identification:_identify(src/teleop_twist_keyboard) by extension 'ignore'
[0.248s] Level 1:colcon.colcon_core.package_identification:_identify(src/teleop_twist_keyboard) by extension 'ignore_ament_install'
[0.248s] Level 1:colcon.colcon_core.package_identification:_identify(src/teleop_twist_keyboard) by extensions ['colcon_pkg']
[0.248s] Level 1:colcon.colcon_core.package_identification:_identify(src/teleop_twist_keyboard) by extension 'colcon_pkg'
[0.248s] Level 1:colcon.colcon_core.package_identification:_identify(src/teleop_twist_keyboard) by extensions ['colcon_meta']
[0.248s] Level 1:colcon.colcon_core.package_identification:_identify(src/teleop_twist_keyboard) by extension 'colcon_meta'
[0.248s] Level 1:colcon.colcon_core.package_identification:_identify(src/teleop_twist_keyboard) by extensions ['ros']
[0.248s] Level 1:colcon.colcon_core.package_identification:_identify(src/teleop_twist_keyboard) by extension 'ros'
[0.249s] DEBUG:colcon.colcon_core.package_identification:Package 'src/teleop_twist_keyboard' with type 'ros.ament_python' and name 'teleop_twist_keyboard'
[0.249s] Level 1:colcon.colcon_core.package_identification:_identify(src/twist_stamper) by extensions ['ignore', 'ignore_ament_install']
[0.249s] Level 1:colcon.colcon_core.package_identification:_identify(src/twist_stamper) by extension 'ignore'
[0.249s] Level 1:colcon.colcon_core.package_identification:_identify(src/twist_stamper) by extension 'ignore_ament_install'
[0.249s] Level 1:colcon.colcon_core.package_identification:_identify(src/twist_stamper) by extensions ['colcon_pkg']
[0.249s] Level 1:colcon.colcon_core.package_identification:_identify(src/twist_stamper) by extension 'colcon_pkg'
[0.249s] Level 1:colcon.colcon_core.package_identification:_identify(src/twist_stamper) by extensions ['colcon_meta']
[0.249s] Level 1:colcon.colcon_core.package_identification:_identify(src/twist_stamper) by extension 'colcon_meta'
[0.249s] Level 1:colcon.colcon_core.package_identification:_identify(src/twist_stamper) by extensions ['ros']
[0.249s] Level 1:colcon.colcon_core.package_identification:_identify(src/twist_stamper) by extension 'ros'
[0.250s] DEBUG:colcon.colcon_core.package_identification:Package 'src/twist_stamper' with type 'ros.ament_python' and name 'twist_stamper'
[0.250s] Level 1:colcon.colcon_core.package_discovery:discover_packages(recursive) using defaults
[0.250s] Level 1:colcon.colcon_core.package_discovery:discover_packages(ignore) discover
[0.250s] Level 1:colcon.colcon_core.package_discovery:discover_packages(ignore) using defaults
[0.250s] Level 1:colcon.colcon_core.package_discovery:discover_packages(path) discover
[0.250s] Level 1:colcon.colcon_core.package_discovery:discover_packages(path) using defaults
[0.274s] Level 5:colcon.colcon_core.verb:set package 'luna_control' build argument 'cmake_args' from command line to 'None'
[0.274s] Level 5:colcon.colcon_core.verb:set package 'luna_control' build argument 'cmake_target' from command line to 'None'
[0.274s] Level 5:colcon.colcon_core.verb:set package 'luna_control' build argument 'cmake_target_skip_unavailable' from command line to 'False'
[0.274s] Level 5:colcon.colcon_core.verb:set package 'luna_control' build argument 'cmake_clean_cache' from command line to 'False'
[0.274s] Level 5:colcon.colcon_core.verb:set package 'luna_control' build argument 'cmake_clean_first' from command line to 'False'
[0.274s] Level 5:colcon.colcon_core.verb:set package 'luna_control' build argument 'cmake_force_configure' from command line to 'False'
[0.274s] Level 5:colcon.colcon_core.verb:set package 'luna_control' build argument 'ament_cmake_args' from command line to 'None'
[0.274s] Level 5:colcon.colcon_core.verb:set package 'luna_control' build argument 'catkin_cmake_args' from command line to 'None'
[0.274s] Level 5:colcon.colcon_core.verb:set package 'luna_control' build argument 'catkin_skip_building_tests' from command line to 'False'
[0.274s] DEBUG:colcon.colcon_core.verb:Building package 'luna_control' with the following arguments: {'ament_cmake_args': None, 'build_base': '/ros2_ws/build/luna_control', 'catkin_cmake_args': None, 'catkin_skip_building_tests': False, 'cmake_args': None, 'cmake_clean_cache': False, 'cmake_clean_first': False, 'cmake_force_configure': False, 'cmake_target': None, 'cmake_target_skip_unavailable': False, 'install_base': '/ros2_ws/install/luna_control', 'merge_install': False, 'path': '/ros2_ws/src/luna_control', 'symlink_install': True, 'test_result_base': None}
[0.275s] Level 5:colcon.colcon_core.verb:set package 'lunabot_2425' build argument 'cmake_args' from command line to 'None'
[0.275s] Level 5:colcon.colcon_core.verb:set package 'lunabot_2425' build argument 'cmake_target' from command line to 'None'
[0.275s] Level 5:colcon.colcon_core.verb:set package 'lunabot_2425' build argument 'cmake_target_skip_unavailable' from command line to 'False'
[0.275s] Level 5:colcon.colcon_core.verb:set package 'lunabot_2425' build argument 'cmake_clean_cache' from command line to 'False'
[0.275s] Level 5:colcon.colcon_core.verb:set package 'lunabot_2425' build argument 'cmake_clean_first' from command line to 'False'
[0.275s] Level 5:colcon.colcon_core.verb:set package 'lunabot_2425' build argument 'cmake_force_configure' from command line to 'False'
[0.275s] Level 5:colcon.colcon_core.verb:set package 'lunabot_2425' build argument 'ament_cmake_args' from command line to 'None'
[0.275s] Level 5:colcon.colcon_core.verb:set package 'lunabot_2425' build argument 'catkin_cmake_args' from command line to 'None'
[0.275s] Level 5:colcon.colcon_core.verb:set package 'lunabot_2425' build argument 'catkin_skip_building_tests' from command line to 'False'
[0.275s] DEBUG:colcon.colcon_core.verb:Building package 'lunabot_2425' with the following arguments: {'ament_cmake_args': None, 'build_base': '/ros2_ws/build/lunabot_2425', 'catkin_cmake_args': None, 'catkin_skip_building_tests': False, 'cmake_args': None, 'cmake_clean_cache': False, 'cmake_clean_first': False, 'cmake_force_configure': False, 'cmake_target': None, 'cmake_target_skip_unavailable': False, 'install_base': '/ros2_ws/install/lunabot_2425', 'merge_install': False, 'path': '/ros2_ws/src/lunabot_2425', 'symlink_install': True, 'test_result_base': None}
[0.275s] Level 5:colcon.colcon_core.verb:set package 'teleop_twist_keyboard' build argument 'cmake_args' from command line to 'None'
[0.275s] Level 5:colcon.colcon_core.verb:set package 'teleop_twist_keyboard' build argument 'cmake_target' from command line to 'None'
[0.275s] Level 5:colcon.colcon_core.verb:set package 'teleop_twist_keyboard' build argument 'cmake_target_skip_unavailable' from command line to 'False'
[0.275s] Level 5:colcon.colcon_core.verb:set package 'teleop_twist_keyboard' build argument 'cmake_clean_cache' from command line to 'False'
[0.275s] Level 5:colcon.colcon_core.verb:set package 'teleop_twist_keyboard' build argument 'cmake_clean_first' from command line to 'False'
[0.276s] Level 5:colcon.colcon_core.verb:set package 'teleop_twist_keyboard' build argument 'cmake_force_configure' from command line to 'False'
[0.276s] Level 5:colcon.colcon_core.verb:set package 'teleop_twist_keyboard' build argument 'ament_cmake_args' from command line to 'None'
[0.276s] Level 5:colcon.colcon_core.verb:set package 'teleop_twist_keyboard' build argument 'catkin_cmake_args' from command line to 'None'
[0.276s] Level 5:colcon.colcon_core.verb:set package 'teleop_twist_keyboard' build argument 'catkin_skip_building_tests' from command line to 'False'
[0.276s] DEBUG:colcon.colcon_core.verb:Building package 'teleop_twist_keyboard' with the following arguments: {'ament_cmake_args': None, 'build_base': '/ros2_ws/build/teleop_twist_keyboard', 'catkin_cmake_args': None, 'catkin_skip_building_tests': False, 'cmake_args': None, 'cmake_clean_cache': False, 'cmake_clean_first': False, 'cmake_force_configure': False, 'cmake_target': None, 'cmake_target_skip_unavailable': False, 'install_base': '/ros2_ws/install/teleop_twist_keyboard', 'merge_install': False, 'path': '/ros2_ws/src/teleop_twist_keyboard', 'symlink_install': True, 'test_result_base': None}
[0.276s] Level 5:colcon.colcon_core.verb:set package 'twist_stamper' build argument 'cmake_args' from command line to 'None'
[0.276s] Level 5:colcon.colcon_core.verb:set package 'twist_stamper' build argument 'cmake_target' from command line to 'None'
[0.276s] Level 5:colcon.colcon_core.verb:set package 'twist_stamper' build argument 'cmake_target_skip_unavailable' from command line to 'False'
[0.276s] Level 5:colcon.colcon_core.verb:set package 'twist_stamper' build argument 'cmake_clean_cache' from command line to 'False'
[0.276s] Level 5:colcon.colcon_core.verb:set package 'twist_stamper' build argument 'cmake_clean_first' from command line to 'False'
[0.276s] Level 5:colcon.colcon_core.verb:set package 'twist_stamper' build argument 'cmake_force_configure' from command line to 'False'
[0.276s] Level 5:colcon.colcon_core.verb:set package 'twist_stamper' build argument 'ament_cmake_args' from command line to 'None'
[0.276s] Level 5:colcon.colcon_core.verb:set package 'twist_stamper' build argument 'catkin_cmake_args' from command line to 'None'
[0.276s] Level 5:colcon.colcon_core.verb:set package 'twist_stamper' build argument 'catkin_skip_building_tests' from command line to 'False'
[0.276s] DEBUG:colcon.colcon_core.verb:Building package 'twist_stamper' with the following arguments: {'ament_cmake_args': None, 'build_base': '/ros2_ws/build/twist_stamper', 'catkin_cmake_args': None, 'catkin_skip_building_tests': False, 'cmake_args': None, 'cmake_clean_cache': False, 'cmake_clean_first': False, 'cmake_force_configure': False, 'cmake_target': None, 'cmake_target_skip_unavailable': False, 'install_base': '/ros2_ws/install/twist_stamper', 'merge_install': False, 'path': '/ros2_ws/src/twist_stamper', 'symlink_install': True, 'test_result_base': None}
[0.276s] INFO:colcon.colcon_core.executor:Executing jobs using 'parallel' executor
[0.277s] DEBUG:colcon.colcon_parallel_executor.executor.parallel:run_until_complete
[0.278s] INFO:colcon.colcon_ros.task.ament_cmake.build:Building ROS package in '/ros2_ws/src/luna_control' with build type 'ament_cmake'
[0.278s] INFO:colcon.colcon_cmake.task.cmake.build:Building CMake package in '/ros2_ws/src/luna_control'
[0.282s] INFO:colcon.colcon_core.plugin_system:Skipping extension 'colcon_core.shell.bat': Not used on non-Windows systems
[0.283s] INFO:colcon.colcon_core.shell:Skip shell extension 'powershell' for command environment: Not usable outside of PowerShell
[0.283s] DEBUG:colcon.colcon_core.shell:Skip shell extension 'dsv' for command environment
[0.291s] INFO:colcon.colcon_ros.task.ament_cmake.build:Building ROS package in '/ros2_ws/src/lunabot_2425' with build type 'ament_cmake'
[0.291s] INFO:colcon.colcon_cmake.task.cmake.build:Building CMake package in '/ros2_ws/src/lunabot_2425'
[0.291s] INFO:colcon.colcon_core.shell:Skip shell extension 'powershell' for command environment: Not usable outside of PowerShell
[0.292s] DEBUG:colcon.colcon_core.shell:Skip shell extension 'dsv' for command environment
[0.298s] INFO:colcon.colcon_ros.task.ament_python.build:Building ROS package in '/ros2_ws/src/teleop_twist_keyboard' with build type 'ament_python'
[0.299s] Level 1:colcon.colcon_core.shell:create_environment_hook('teleop_twist_keyboard', 'ament_prefix_path')
[0.299s] INFO:colcon.colcon_core.shell:Creating environment hook '/ros2_ws/install/teleop_twist_keyboard/share/teleop_twist_keyboard/hook/ament_prefix_path.ps1'
[0.301s] INFO:colcon.colcon_core.shell:Creating environment descriptor '/ros2_ws/install/teleop_twist_keyboard/share/teleop_twist_keyboard/hook/ament_prefix_path.dsv'
[0.302s] INFO:colcon.colcon_core.shell:Creating environment hook '/ros2_ws/install/teleop_twist_keyboard/share/teleop_twist_keyboard/hook/ament_prefix_path.sh'
[0.303s] INFO:colcon.colcon_core.shell:Skip shell extension 'powershell' for command environment: Not usable outside of PowerShell
[0.303s] DEBUG:colcon.colcon_core.shell:Skip shell extension 'dsv' for command environment
[0.309s] INFO:colcon.colcon_ros.task.ament_python.build:Building ROS package in '/ros2_ws/src/twist_stamper' with build type 'ament_python'
[0.309s] Level 1:colcon.colcon_core.shell:create_environment_hook('twist_stamper', 'ament_prefix_path')
[0.310s] INFO:colcon.colcon_core.shell:Creating environment hook '/ros2_ws/install/twist_stamper/share/twist_stamper/hook/ament_prefix_path.ps1'
[0.310s] INFO:colcon.colcon_core.shell:Creating environment descriptor '/ros2_ws/install/twist_stamper/share/twist_stamper/hook/ament_prefix_path.dsv'
[0.311s] INFO:colcon.colcon_core.shell:Creating environment hook '/ros2_ws/install/twist_stamper/share/twist_stamper/hook/ament_prefix_path.sh'
[0.312s] INFO:colcon.colcon_core.shell:Skip shell extension 'powershell' for command environment: Not usable outside of PowerShell
[0.312s] DEBUG:colcon.colcon_core.shell:Skip shell extension 'dsv' for command environment
[0.324s] DEBUG:colcon.colcon_core.event_handler.log_command:Invoking command in '/ros2_ws/build/luna_control': CMAKE_PREFIX_PATH=${CMAKE_PREFIX_PATH}:/ros2_ws/install/twist_stamper:/ros2_ws/install/teleop_twist_keyboard:/opt/ros/jazzy /usr/bin/cmake --build /ros2_ws/build/luna_control -- -j4 -l4
[0.328s] DEBUG:colcon.colcon_core.event_handler.log_command:Invoking command in '/ros2_ws/build/lunabot_2425': CMAKE_PREFIX_PATH=${CMAKE_PREFIX_PATH}:/ros2_ws/install/twist_stamper:/ros2_ws/install/teleop_twist_keyboard:/opt/ros/jazzy /usr/bin/cmake --build /ros2_ws/build/lunabot_2425 -- -j4 -l4
[0.642s] INFO:colcon.colcon_core.task.python.build:Building Python package in '/ros2_ws/src/teleop_twist_keyboard'
[0.642s] INFO:colcon.colcon_core.shell:Skip shell extension 'powershell' for command environment: Not usable outside of PowerShell
[0.642s] DEBUG:colcon.colcon_core.shell:Skip shell extension 'dsv' for command environment
[0.651s] DEBUG:colcon.colcon_core.event_handler.log_command:Invoked command in '/ros2_ws/build/luna_control' returned '0': CMAKE_PREFIX_PATH=${CMAKE_PREFIX_PATH}:/ros2_ws/install/twist_stamper:/ros2_ws/install/teleop_twist_keyboard:/opt/ros/jazzy /usr/bin/cmake --build /ros2_ws/build/luna_control -- -j4 -l4
[0.665s] DEBUG:colcon.colcon_core.event_handler.log_command:Invoking command in '/ros2_ws/build/luna_control': CMAKE_PREFIX_PATH=${CMAKE_PREFIX_PATH}:/ros2_ws/install/twist_stamper:/ros2_ws/install/teleop_twist_keyboard:/opt/ros/jazzy /usr/bin/cmake --install /ros2_ws/build/luna_control
[0.666s] DEBUG:colcon.colcon_core.event_handler.log_command:Invoked command in '/ros2_ws/build/lunabot_2425' returned '0': CMAKE_PREFIX_PATH=${CMAKE_PREFIX_PATH}:/ros2_ws/install/twist_stamper:/ros2_ws/install/teleop_twist_keyboard:/opt/ros/jazzy /usr/bin/cmake --build /ros2_ws/build/lunabot_2425 -- -j4 -l4
[0.669s] DEBUG:colcon.colcon_core.event_handler.log_command:Invoking command in '/ros2_ws/build/lunabot_2425': CMAKE_PREFIX_PATH=${CMAKE_PREFIX_PATH}:/ros2_ws/install/twist_stamper:/ros2_ws/install/teleop_twist_keyboard:/opt/ros/jazzy /usr/bin/cmake --install /ros2_ws/build/lunabot_2425
[0.959s] INFO:colcon.colcon_core.task.python.build:Building Python package in '/ros2_ws/src/twist_stamper'
[0.959s] INFO:colcon.colcon_core.shell:Skip shell extension 'powershell' for command environment: Not usable outside of PowerShell
[0.959s] DEBUG:colcon.colcon_core.shell:Skip shell extension 'dsv' for command environment
[0.979s] Level 1:colcon.colcon_core.environment:create_environment_scripts_only(luna_control)
[0.980s] DEBUG:colcon.colcon_core.event_handler.log_command:Invoked command in '/ros2_ws/build/luna_control' returned '0': CMAKE_PREFIX_PATH=${CMAKE_PREFIX_PATH}:/ros2_ws/install/twist_stamper:/ros2_ws/install/teleop_twist_keyboard:/opt/ros/jazzy /usr/bin/cmake --install /ros2_ws/build/luna_control
[0.984s] Level 1:colcon.colcon_core.environment:checking '/ros2_ws/install/luna_control' for CMake module files
[0.986s] Level 1:colcon.colcon_core.environment:checking '/ros2_ws/install/luna_control' for CMake config files
[0.987s] Level 1:colcon.colcon_core.shell:create_environment_hook('luna_control', 'cmake_prefix_path')
[0.987s] INFO:colcon.colcon_core.shell:Creating environment hook '/ros2_ws/install/luna_control/share/luna_control/hook/cmake_prefix_path.ps1'
[0.987s] INFO:colcon.colcon_core.shell:Creating environment descriptor '/ros2_ws/install/luna_control/share/luna_control/hook/cmake_prefix_path.dsv'
[0.988s] INFO:colcon.colcon_core.shell:Creating environment hook '/ros2_ws/install/luna_control/share/luna_control/hook/cmake_prefix_path.sh'
[0.989s] Level 1:colcon.colcon_core.environment:checking '/ros2_ws/install/luna_control/lib'
[0.989s] Level 1:colcon.colcon_core.shell:create_environment_hook('luna_control', 'ld_library_path_lib')
[0.989s] INFO:colcon.colcon_core.shell:Creating environment hook '/ros2_ws/install/luna_control/share/luna_control/hook/ld_library_path_lib.ps1'
[0.990s] INFO:colcon.colcon_core.shell:Creating environment descriptor '/ros2_ws/install/luna_control/share/luna_control/hook/ld_library_path_lib.dsv'
[0.991s] INFO:colcon.colcon_core.shell:Creating environment hook '/ros2_ws/install/luna_control/share/luna_control/hook/ld_library_path_lib.sh'
[0.991s] Level 1:colcon.colcon_core.environment:checking '/ros2_ws/install/luna_control/bin'
[0.991s] Level 1:colcon.colcon_core.environment:checking '/ros2_ws/install/luna_control/lib/pkgconfig/luna_control.pc'
[0.992s] Level 1:colcon.colcon_core.environment:checking '/ros2_ws/install/luna_control/lib/python3.12/site-packages'
[0.992s] Level 1:colcon.colcon_core.environment:checking '/ros2_ws/install/luna_control/bin'
[0.993s] INFO:colcon.colcon_core.shell:Creating package script '/ros2_ws/install/luna_control/share/luna_control/package.ps1'
[0.993s] INFO:colcon.colcon_core.shell:Creating package descriptor '/ros2_ws/install/luna_control/share/luna_control/package.dsv'
[0.994s] INFO:colcon.colcon_core.shell:Creating package script '/ros2_ws/install/luna_control/share/luna_control/package.sh'
[0.997s] INFO:colcon.colcon_core.shell:Creating package script '/ros2_ws/install/luna_control/share/luna_control/package.bash'
[0.997s] INFO:colcon.colcon_core.shell:Creating package script '/ros2_ws/install/luna_control/share/luna_control/package.zsh'
[0.998s] Level 1:colcon.colcon_core.environment:create_file_with_runtime_dependencies(/ros2_ws/install/luna_control/share/colcon-core/packages/luna_control)
[0.999s] Level 1:colcon.colcon_core.environment:create_environment_scripts_only(luna_control)
[0.999s] Level 1:colcon.colcon_core.environment:checking '/ros2_ws/install/luna_control' for CMake module files
[1.000s] Level 1:colcon.colcon_core.environment:checking '/ros2_ws/install/luna_control' for CMake config files
[1.000s] Level 1:colcon.colcon_core.shell:create_environment_hook('luna_control', 'cmake_prefix_path')
[1.001s] INFO:colcon.colcon_core.shell:Creating environment hook '/ros2_ws/install/luna_control/share/luna_control/hook/cmake_prefix_path.ps1'
[1.001s] INFO:colcon.colcon_core.shell:Creating environment descriptor '/ros2_ws/install/luna_control/share/luna_control/hook/cmake_prefix_path.dsv'
[1.002s] INFO:colcon.colcon_core.shell:Creating environment hook '/ros2_ws/install/luna_control/share/luna_control/hook/cmake_prefix_path.sh'
[1.002s] Level 1:colcon.colcon_core.environment:checking '/ros2_ws/install/luna_control/lib'
[1.002s] Level 1:colcon.colcon_core.shell:create_environment_hook('luna_control', 'ld_library_path_lib')
[1.003s] INFO:colcon.colcon_core.shell:Creating environment hook '/ros2_ws/install/luna_control/share/luna_control/hook/ld_library_path_lib.ps1'
[1.003s] INFO:colcon.colcon_core.shell:Creating environment descriptor '/ros2_ws/install/luna_control/share/luna_control/hook/ld_library_path_lib.dsv'
[1.004s] INFO:colcon.colcon_core.shell:Creating environment hook '/ros2_ws/install/luna_control/share/luna_control/hook/ld_library_path_lib.sh'
[1.004s] Level 1:colcon.colcon_core.environment:checking '/ros2_ws/install/luna_control/bin'
[1.004s] Level 1:colcon.colcon_core.environment:checking '/ros2_ws/install/luna_control/lib/pkgconfig/luna_control.pc'
[1.005s] Level 1:colcon.colcon_core.environment:checking '/ros2_ws/install/luna_control/lib/python3.12/site-packages'
[1.005s] Level 1:colcon.colcon_core.environment:checking '/ros2_ws/install/luna_control/bin'
[1.005s] INFO:colcon.colcon_core.shell:Creating package script '/ros2_ws/install/luna_control/share/luna_control/package.ps1'
[1.006s] INFO:colcon.colcon_core.shell:Creating package descriptor '/ros2_ws/install/luna_control/share/luna_control/package.dsv'
[1.007s] INFO:colcon.colcon_core.shell:Creating package script '/ros2_ws/install/luna_control/share/luna_control/package.sh'
[1.008s] INFO:colcon.colcon_core.shell:Creating package script '/ros2_ws/install/luna_control/share/luna_control/package.bash'
[1.008s] INFO:colcon.colcon_core.shell:Creating package script '/ros2_ws/install/luna_control/share/luna_control/package.zsh'
[1.009s] Level 1:colcon.colcon_core.environment:create_file_with_runtime_dependencies(/ros2_ws/install/luna_control/share/colcon-core/packages/luna_control)
[1.009s] Level 1:colcon.colcon_core.environment:create_environment_scripts_only(lunabot_2425)
[1.009s] Level 1:colcon.colcon_core.environment:checking '/ros2_ws/install/lunabot_2425' for CMake module files
[1.012s] DEBUG:colcon.colcon_core.event_handler.log_command:Invoked command in '/ros2_ws/build/lunabot_2425' returned '0': CMAKE_PREFIX_PATH=${CMAKE_PREFIX_PATH}:/ros2_ws/install/twist_stamper:/ros2_ws/install/teleop_twist_keyboard:/opt/ros/jazzy /usr/bin/cmake --install /ros2_ws/build/lunabot_2425
[1.012s] Level 1:colcon.colcon_core.environment:checking '/ros2_ws/install/lunabot_2425' for CMake config files
[1.013s] Level 1:colcon.colcon_core.shell:create_environment_hook('lunabot_2425', 'cmake_prefix_path')
[1.013s] INFO:colcon.colcon_core.shell:Creating environment hook '/ros2_ws/install/lunabot_2425/share/lunabot_2425/hook/cmake_prefix_path.ps1'
[1.014s] INFO:colcon.colcon_core.shell:Creating environment descriptor '/ros2_ws/install/lunabot_2425/share/lunabot_2425/hook/cmake_prefix_path.dsv'
[1.015s] INFO:colcon.colcon_core.shell:Creating environment hook '/ros2_ws/install/lunabot_2425/share/lunabot_2425/hook/cmake_prefix_path.sh'
[1.017s] Level 1:colcon.colcon_core.environment:checking '/ros2_ws/install/lunabot_2425/bin'
[1.017s] Level 1:colcon.colcon_core.environment:checking '/ros2_ws/install/lunabot_2425/lib/pkgconfig/lunabot_2425.pc'
[1.018s] Level 1:colcon.colcon_core.environment:checking '/ros2_ws/install/lunabot_2425/lib/python3.12/site-packages'
[1.018s] Level 1:colcon.colcon_core.environment:checking '/ros2_ws/install/lunabot_2425/bin'
[1.019s] INFO:colcon.colcon_core.shell:Creating package script '/ros2_ws/install/lunabot_2425/share/lunabot_2425/package.ps1'
[1.020s] INFO:colcon.colcon_core.shell:Creating package descriptor '/ros2_ws/install/lunabot_2425/share/lunabot_2425/package.dsv'
[1.020s] INFO:colcon.colcon_core.shell:Creating package script '/ros2_ws/install/lunabot_2425/share/lunabot_2425/package.sh'
[1.021s] INFO:colcon.colcon_core.shell:Creating package script '/ros2_ws/install/lunabot_2425/share/lunabot_2425/package.bash'
[1.022s] INFO:colcon.colcon_core.shell:Creating package script '/ros2_ws/install/lunabot_2425/share/lunabot_2425/package.zsh'
[1.022s] Level 1:colcon.colcon_core.environment:create_file_with_runtime_dependencies(/ros2_ws/install/lunabot_2425/share/colcon-core/packages/lunabot_2425)
[1.023s] Level 1:colcon.colcon_core.environment:create_environment_scripts_only(lunabot_2425)
[1.023s] Level 1:colcon.colcon_core.environment:checking '/ros2_ws/install/lunabot_2425' for CMake module files
[1.024s] Level 1:colcon.colcon_core.environment:checking '/ros2_ws/install/lunabot_2425' for CMake config files
[1.025s] Level 1:colcon.colcon_core.shell:create_environment_hook('lunabot_2425', 'cmake_prefix_path')
[1.025s] INFO:colcon.colcon_core.shell:Creating environment hook '/ros2_ws/install/lunabot_2425/share/lunabot_2425/hook/cmake_prefix_path.ps1'
[1.025s] INFO:colcon.colcon_core.shell:Creating environment descriptor '/ros2_ws/install/lunabot_2425/share/lunabot_2425/hook/cmake_prefix_path.dsv'
[1.026s] INFO:colcon.colcon_core.shell:Creating environment hook '/ros2_ws/install/lunabot_2425/share/lunabot_2425/hook/cmake_prefix_path.sh'
[1.027s] Level 1:colcon.colcon_core.environment:checking '/ros2_ws/install/lunabot_2425/bin'
[1.027s] Level 1:colcon.colcon_core.environment:checking '/ros2_ws/install/lunabot_2425/lib/pkgconfig/lunabot_2425.pc'
[1.027s] Level 1:colcon.colcon_core.environment:checking '/ros2_ws/install/lunabot_2425/lib/python3.12/site-packages'
[1.028s] Level 1:colcon.colcon_core.environment:checking '/ros2_ws/install/lunabot_2425/bin'
[1.028s] INFO:colcon.colcon_core.shell:Creating package script '/ros2_ws/install/lunabot_2425/share/lunabot_2425/package.ps1'
[1.029s] INFO:colcon.colcon_core.shell:Creating package descriptor '/ros2_ws/install/lunabot_2425/share/lunabot_2425/package.dsv'
[1.029s] INFO:colcon.colcon_core.shell:Creating package script '/ros2_ws/install/lunabot_2425/share/lunabot_2425/package.sh'
[1.030s] INFO:colcon.colcon_core.shell:Creating package script '/ros2_ws/install/lunabot_2425/share/lunabot_2425/package.bash'
[1.030s] INFO:colcon.colcon_core.shell:Creating package script '/ros2_ws/install/lunabot_2425/share/lunabot_2425/package.zsh'
[1.031s] Level 1:colcon.colcon_core.environment:create_file_with_runtime_dependencies(/ros2_ws/install/lunabot_2425/share/colcon-core/packages/lunabot_2425)
[1.739s] DEBUG:colcon.colcon_core.event_handler.log_command:Invoking command in '/ros2_ws/build/teleop_twist_keyboard': PYTHONPATH=/ros2_ws/build/teleop_twist_keyboard/prefix_override:/usr/lib/python3/dist-packages/colcon_core/task/python/colcon_distutils_commands:/ros2_ws/install/teleop_twist_keyboard/lib/python3.12/site-packages:${PYTHONPATH} /usr/bin/python3 -W ignore:setup.py install is deprecated -W ignore:easy_install command is deprecated setup.py develop --editable --build-directory /ros2_ws/build/teleop_twist_keyboard/build --no-deps symlink_data
[1.804s] DEBUG:colcon.colcon_core.event_handler.log_command:Invoking command in '/ros2_ws/build/twist_stamper': PYTHONPATH=/ros2_ws/build/twist_stamper/prefix_override:/usr/lib/python3/dist-packages/colcon_core/task/python/colcon_distutils_commands:/ros2_ws/install/twist_stamper/lib/python3.12/site-packages:${PYTHONPATH} /usr/bin/python3 -W ignore:setup.py install is deprecated -W ignore:easy_install command is deprecated setup.py develop --editable --build-directory /ros2_ws/build/twist_stamper/build --no-deps symlink_data
[2.576s] Level 1:colcon.colcon_core.shell:create_environment_hook('teleop_twist_keyboard', 'pythonpath_develop')
[2.576s] INFO:colcon.colcon_core.shell:Creating environment hook '/ros2_ws/build/teleop_twist_keyboard/share/teleop_twist_keyboard/hook/pythonpath_develop.ps1'
[2.576s] DEBUG:colcon.colcon_core.event_handler.log_command:Invoked command in '/ros2_ws/build/teleop_twist_keyboard' returned '0': PYTHONPATH=/ros2_ws/build/teleop_twist_keyboard/prefix_override:/usr/lib/python3/dist-packages/colcon_core/task/python/colcon_distutils_commands:/ros2_ws/install/teleop_twist_keyboard/lib/python3.12/site-packages:${PYTHONPATH} /usr/bin/python3 -W ignore:setup.py install is deprecated -W ignore:easy_install command is deprecated setup.py develop --editable --build-directory /ros2_ws/build/teleop_twist_keyboard/build --no-deps symlink_data
[2.577s] INFO:colcon.colcon_core.shell:Creating environment descriptor '/ros2_ws/build/teleop_twist_keyboard/share/teleop_twist_keyboard/hook/pythonpath_develop.dsv'
[2.578s] INFO:colcon.colcon_core.shell:Creating environment hook '/ros2_ws/build/teleop_twist_keyboard/share/teleop_twist_keyboard/hook/pythonpath_develop.sh'
[2.578s] Level 1:colcon.colcon_core.environment:checking '/ros2_ws/install/teleop_twist_keyboard' for CMake module files
[2.579s] Level 1:colcon.colcon_core.environment:checking '/ros2_ws/install/teleop_twist_keyboard' for CMake config files
[2.580s] Level 1:colcon.colcon_core.environment:checking '/ros2_ws/install/teleop_twist_keyboard/lib'
[2.580s] Level 1:colcon.colcon_core.environment:checking '/ros2_ws/install/teleop_twist_keyboard/bin'
[2.580s] Level 1:colcon.colcon_core.environment:checking '/ros2_ws/install/teleop_twist_keyboard/lib/pkgconfig/teleop_twist_keyboard.pc'
[2.581s] Level 1:colcon.colcon_core.environment:checking '/ros2_ws/install/teleop_twist_keyboard/lib/python3.12/site-packages'
[2.581s] Level 1:colcon.colcon_core.shell:create_environment_hook('teleop_twist_keyboard', 'pythonpath')
[2.581s] INFO:colcon.colcon_core.shell:Creating environment hook '/ros2_ws/install/teleop_twist_keyboard/share/teleop_twist_keyboard/hook/pythonpath.ps1'
[2.582s] INFO:colcon.colcon_core.shell:Creating environment descriptor '/ros2_ws/install/teleop_twist_keyboard/share/teleop_twist_keyboard/hook/pythonpath.dsv'
[2.582s] INFO:colcon.colcon_core.shell:Creating environment hook '/ros2_ws/install/teleop_twist_keyboard/share/teleop_twist_keyboard/hook/pythonpath.sh'
[2.583s] Level 1:colcon.colcon_core.environment:checking '/ros2_ws/install/teleop_twist_keyboard/bin'
[2.584s] Level 1:colcon.colcon_core.environment:create_environment_scripts_only(teleop_twist_keyboard)
[2.584s] INFO:colcon.colcon_core.shell:Creating package script '/ros2_ws/install/teleop_twist_keyboard/share/teleop_twist_keyboard/package.ps1'
[2.586s] INFO:colcon.colcon_core.shell:Creating package descriptor '/ros2_ws/install/teleop_twist_keyboard/share/teleop_twist_keyboard/package.dsv'
[2.587s] INFO:colcon.colcon_core.shell:Creating package script '/ros2_ws/install/teleop_twist_keyboard/share/teleop_twist_keyboard/package.sh'
[2.589s] INFO:colcon.colcon_core.shell:Creating package script '/ros2_ws/install/teleop_twist_keyboard/share/teleop_twist_keyboard/package.bash'
[2.590s] INFO:colcon.colcon_core.shell:Creating package script '/ros2_ws/install/teleop_twist_keyboard/share/teleop_twist_keyboard/package.zsh'
[2.591s] Level 1:colcon.colcon_core.environment:create_file_with_runtime_dependencies(/ros2_ws/install/teleop_twist_keyboard/share/colcon-core/packages/teleop_twist_keyboard)
[2.636s] Level 1:colcon.colcon_core.shell:create_environment_hook('twist_stamper', 'pythonpath_develop')
[2.636s] INFO:colcon.colcon_core.shell:Creating environment hook '/ros2_ws/build/twist_stamper/share/twist_stamper/hook/pythonpath_develop.ps1'
[2.637s] DEBUG:colcon.colcon_core.event_handler.log_command:Invoked command in '/ros2_ws/build/twist_stamper' returned '0': PYTHONPATH=/ros2_ws/build/twist_stamper/prefix_override:/usr/lib/python3/dist-packages/colcon_core/task/python/colcon_distutils_commands:/ros2_ws/install/twist_stamper/lib/python3.12/site-packages:${PYTHONPATH} /usr/bin/python3 -W ignore:setup.py install is deprecated -W ignore:easy_install command is deprecated setup.py develop --editable --build-directory /ros2_ws/build/twist_stamper/build --no-deps symlink_data
[2.638s] INFO:colcon.colcon_core.shell:Creating environment descriptor '/ros2_ws/build/twist_stamper/share/twist_stamper/hook/pythonpath_develop.dsv'
[2.638s] INFO:colcon.colcon_core.shell:Creating environment hook '/ros2_ws/build/twist_stamper/share/twist_stamper/hook/pythonpath_develop.sh'
[2.639s] Level 1:colcon.colcon_core.environment:checking '/ros2_ws/install/twist_stamper' for CMake module files
[2.640s] Level 1:colcon.colcon_core.environment:checking '/ros2_ws/install/twist_stamper' for CMake config files
[2.641s] Level 1:colcon.colcon_core.environment:checking '/ros2_ws/install/twist_stamper/lib'
[2.641s] Level 1:colcon.colcon_core.environment:checking '/ros2_ws/install/twist_stamper/bin'
[2.641s] Level 1:colcon.colcon_core.environment:checking '/ros2_ws/install/twist_stamper/lib/pkgconfig/twist_stamper.pc'
[2.642s] Level 1:colcon.colcon_core.environment:checking '/ros2_ws/install/twist_stamper/lib/python3.12/site-packages'
[2.642s] Level 1:colcon.colcon_core.shell:create_environment_hook('twist_stamper', 'pythonpath')
[2.642s] INFO:colcon.colcon_core.shell:Creating environment hook '/ros2_ws/install/twist_stamper/share/twist_stamper/hook/pythonpath.ps1'
[2.643s] INFO:colcon.colcon_core.shell:Creating environment descriptor '/ros2_ws/install/twist_stamper/share/twist_stamper/hook/pythonpath.dsv'
[2.643s] INFO:colcon.colcon_core.shell:Creating environment hook '/ros2_ws/install/twist_stamper/share/twist_stamper/hook/pythonpath.sh'
[2.644s] Level 1:colcon.colcon_core.environment:checking '/ros2_ws/install/twist_stamper/bin'
[2.644s] Level 1:colcon.colcon_core.environment:create_environment_scripts_only(twist_stamper)
[2.645s] INFO:colcon.colcon_core.shell:Creating package script '/ros2_ws/install/twist_stamper/share/twist_stamper/package.ps1'
[2.646s] INFO:colcon.colcon_core.shell:Creating package descriptor '/ros2_ws/install/twist_stamper/share/twist_stamper/package.dsv'
[2.646s] INFO:colcon.colcon_core.shell:Creating package script '/ros2_ws/install/twist_stamper/share/twist_stamper/package.sh'
[2.647s] INFO:colcon.colcon_core.shell:Creating package script '/ros2_ws/install/twist_stamper/share/twist_stamper/package.bash'
[2.648s] INFO:colcon.colcon_core.shell:Creating package script '/ros2_ws/install/twist_stamper/share/twist_stamper/package.zsh'
[2.648s] Level 1:colcon.colcon_core.environment:create_file_with_runtime_dependencies(/ros2_ws/install/twist_stamper/share/colcon-core/packages/twist_stamper)
[2.648s] DEBUG:colcon.colcon_parallel_executor.executor.parallel:closing loop
[2.649s] DEBUG:colcon.colcon_parallel_executor.executor.parallel:loop closed
[2.649s] DEBUG:colcon.colcon_parallel_executor.executor.parallel:run_until_complete finished with '0'
[2.649s] DEBUG:colcon.colcon_core.event_reactor:joining thread
[2.661s] INFO:colcon.colcon_core.plugin_system:Skipping extension 'colcon_notification.desktop_notification.notify_send': Could not find 'notify-send'
[2.662s] INFO:colcon.colcon_core.plugin_system:Skipping extension 'colcon_notification.desktop_notification.terminal_notifier': Not used on non-Darwin systems
[2.662s] INFO:colcon.colcon_core.plugin_system:Skipping extension 'colcon_notification.desktop_notification.win32': Not used on non-Windows systems
[2.662s] INFO:colcon.colcon_notification.desktop_notification:Sending desktop notification using 'notify2'
[2.666s] DEBUG:colcon.colcon_notification.desktop_notification.notify2:Failed to initialize notify2: org.freedesktop.DBus.Error.Spawn.ExecFailed: /usr/bin/dbus-launch terminated abnormally without any error message
[2.666s] DEBUG:colcon.colcon_core.event_reactor:joined thread
[2.667s] INFO:colcon.colcon_core.shell:Creating prefix script '/ros2_ws/install/local_setup.ps1'
[2.668s] INFO:colcon.colcon_core.shell:Creating prefix util module '/ros2_ws/install/_local_setup_util_ps1.py'
[2.670s] INFO:colcon.colcon_core.shell:Creating prefix chain script '/ros2_ws/install/setup.ps1'
[2.672s] INFO:colcon.colcon_core.shell:Creating prefix script '/ros2_ws/install/local_setup.sh'
[2.673s] INFO:colcon.colcon_core.shell:Creating prefix util module '/ros2_ws/install/_local_setup_util_sh.py'
[2.674s] INFO:colcon.colcon_core.shell:Creating prefix chain script '/ros2_ws/install/setup.sh'
[2.677s] INFO:colcon.colcon_core.shell:Creating prefix script '/ros2_ws/install/local_setup.bash'
[2.678s] INFO:colcon.colcon_core.shell:Creating prefix chain script '/ros2_ws/install/setup.bash'
[2.679s] INFO:colcon.colcon_core.shell:Creating prefix script '/ros2_ws/install/local_setup.zsh'
[2.680s] INFO:colcon.colcon_core.shell:Creating prefix chain script '/ros2_ws/install/setup.zsh'
