-- The C compiler identification is GNU 13.3.0
-- The CXX compiler identification is GNU 13.3.0
-- Detecting C compiler ABI info
-- Detecting C compiler ABI info - done
-- Check for working C compiler: /usr/bin/cc - skipped
-- Detecting C compile features
-- Detecting C compile features - done
-- Detecting CXX compiler ABI info
-- Detecting CXX compiler ABI info - done
-- Check for working CXX compiler: /usr/bin/c++ - skipped
-- Detecting CXX compile features
-- Detecting CXX compile features - done
-- Found ament_cmake: 2.5.4 (/opt/ros/jazzy/share/ament_cmake/cmake)
-- Found Python3: /usr/bin/python3 (found version "3.12.3") found components: Interpreter 
-- Override CMake install command with custom implementation using symlinks instead of copying resources
-- Found ament_lint_auto: 0.17.3 (/opt/ros/jazzy/share/ament_lint_auto/cmake)
-- Added test 'flake8' to check Python code syntax and style conventions
-- Configured 'flake8' exclude dirs and/or files: 
-- Added test 'lint_cmake' to check CMake code style
-- Added test 'pep257' to check Python code against some of the docstring style conventions in PEP 257
-- Added test 'xmllint' to check XML markup files
-- Configuring done (1.7s)
-- Generating done (0.0s)
-- Build files have been written to: /ros2_ws/build/lunabot_2425
-- Install configuration: ""
-- Execute custom install script
-- Symlinking: /ros2_ws/install/lunabot_2425/share/lunabot_2425/config/gz_bridge.config.yaml
-- Symlinking: /ros2_ws/install/lunabot_2425/share/lunabot_2425/config/robot_controllers.yaml
-- Symlinking: /ros2_ws/install/lunabot_2425/share/lunabot_2425/description/camera.xacro
-- Symlinking: /ros2_ws/install/lunabot_2425/share/lunabot_2425/description/depth_camera.xacro
-- Symlinking: /ros2_ws/install/lunabot_2425/share/lunabot_2425/description/gz_control.xacro
-- Symlinking: /ros2_ws/install/lunabot_2425/share/lunabot_2425/description/robot.urdf.xacro
-- Symlinking: /ros2_ws/install/lunabot_2425/share/lunabot_2425/description/robot_core.xacro
-- Symlinking: /ros2_ws/install/lunabot_2425/share/lunabot_2425/description/ros2_control.xacro
-- Symlinking: /ros2_ws/install/lunabot_2425/share/lunabot_2425/launch/gz_bringup.launch.py
-- Symlinking: /ros2_ws/install/lunabot_2425/share/lunabot_2425/launch/rsp.launch.py
-- Symlinking: /ros2_ws/install/lunabot_2425/share/lunabot_2425/stl/Arena_B.stl
-- Symlinking: /ros2_ws/install/lunabot_2425/share/lunabot_2425/stl/Rock_A.stl
-- Symlinking: /ros2_ws/install/lunabot_2425/share/lunabot_2425/stl/Rock_B.stl
-- Symlinking: /ros2_ws/install/lunabot_2425/share/lunabot_2425/stl/Rock_C.stl
-- Symlinking: /ros2_ws/install/lunabot_2425/share/lunabot_2425/stl/bucket.stl
-- Symlinking: /ros2_ws/install/lunabot_2425/share/lunabot_2425/stl/chassis.stl
-- Symlinking: /ros2_ws/install/lunabot_2425/share/lunabot_2425/stl/rocker_left.stl
-- Symlinking: /ros2_ws/install/lunabot_2425/share/lunabot_2425/stl/rocker_right.stl
-- Symlinking: /ros2_ws/install/lunabot_2425/share/lunabot_2425/stl/rover.stl
-- Symlinking: /ros2_ws/install/lunabot_2425/share/lunabot_2425/stl/wheel.stl
-- Symlinking: /ros2_ws/install/lunabot_2425/share/lunabot_2425/stl/wheelpod.stl
-- Symlinking: /ros2_ws/install/lunabot_2425/share/lunabot_2425/worlds/arena_b.world
-- Symlinking: /ros2_ws/install/lunabot_2425/share/lunabot_2425/worlds/empty.world
-- Symlinking: /ros2_ws/install/lunabot_2425/share/ament_index/resource_index/package_run_dependencies/lunabot_2425
-- Symlinking: /ros2_ws/install/lunabot_2425/share/ament_index/resource_index/parent_prefix_path/lunabot_2425
-- Symlinking: /ros2_ws/install/lunabot_2425/share/lunabot_2425/environment/ament_prefix_path.sh
-- Symlinking: /ros2_ws/install/lunabot_2425/share/lunabot_2425/environment/ament_prefix_path.dsv
-- Symlinking: /ros2_ws/install/lunabot_2425/share/lunabot_2425/environment/path.sh
-- Symlinking: /ros2_ws/install/lunabot_2425/share/lunabot_2425/environment/path.dsv
-- Symlinking: /ros2_ws/install/lunabot_2425/share/lunabot_2425/local_setup.bash
-- Symlinking: /ros2_ws/install/lunabot_2425/share/lunabot_2425/local_setup.sh
-- Symlinking: /ros2_ws/install/lunabot_2425/share/lunabot_2425/local_setup.zsh
-- Symlinking: /ros2_ws/install/lunabot_2425/share/lunabot_2425/local_setup.dsv
-- Symlinking: /ros2_ws/install/lunabot_2425/share/lunabot_2425/package.dsv
-- Symlinking: /ros2_ws/install/lunabot_2425/share/ament_index/resource_index/packages/lunabot_2425
-- Symlinking: /ros2_ws/install/lunabot_2425/share/lunabot_2425/cmake/lunabot_2425Config.cmake
-- Symlinking: /ros2_ws/install/lunabot_2425/share/lunabot_2425/cmake/lunabot_2425Config-version.cmake
-- Symlinking: /ros2_ws/install/lunabot_2425/share/lunabot_2425/package.xml
