-- Install configuration: ""
-- Execute custom install script
-- Up-to-date symlink: /ros2_ws/install/lunabot_2425/share/lunabot_2425/config/gz_bridge.config.yaml
-- Up-to-date symlink: /ros2_ws/install/lunabot_2425/share/lunabot_2425/config/robot_controllers.yaml
-- Up-to-date symlink: /ros2_ws/install/lunabot_2425/share/lunabot_2425/description/camera.xacro
-- Up-to-date symlink: /ros2_ws/install/lunabot_2425/share/lunabot_2425/description/depth_camera.xacro
-- Up-to-date symlink: /ros2_ws/install/lunabot_2425/share/lunabot_2425/description/gz_control.xacro
-- Up-to-date symlink: /ros2_ws/install/lunabot_2425/share/lunabot_2425/description/robot.urdf.xacro
-- Up-to-date symlink: /ros2_ws/install/lunabot_2425/share/lunabot_2425/description/robot_core.xacro
-- Up-to-date symlink: /ros2_ws/install/lunabot_2425/share/lunabot_2425/description/ros2_control.xacro
-- Up-to-date symlink: /ros2_ws/install/lunabot_2425/share/lunabot_2425/launch/gz_bringup.launch.py
-- Up-to-date symlink: /ros2_ws/install/lunabot_2425/share/lunabot_2425/launch/rsp.launch.py
-- Up-to-date symlink: /ros2_ws/install/lunabot_2425/share/lunabot_2425/launch/rv_gz_bringup.launch.py
-- Up-to-date symlink: /ros2_ws/install/lunabot_2425/share/lunabot_2425/launch/simple.launch.py
-- Up-to-date symlink: /ros2_ws/install/lunabot_2425/share/lunabot_2425/launch/view.launch.py
-- Up-to-date symlink: /ros2_ws/install/lunabot_2425/share/lunabot_2425/stl/Arena_B.stl
-- Up-to-date symlink: /ros2_ws/install/lunabot_2425/share/lunabot_2425/stl/Rock_A.stl
-- Up-to-date symlink: /ros2_ws/install/lunabot_2425/share/lunabot_2425/stl/Rock_B.stl
-- Up-to-date symlink: /ros2_ws/install/lunabot_2425/share/lunabot_2425/stl/Rock_C.stl
-- Up-to-date symlink: /ros2_ws/install/lunabot_2425/share/lunabot_2425/stl/back_left_knuckle_meter.stl
-- Up-to-date symlink: /ros2_ws/install/lunabot_2425/share/lunabot_2425/stl/back_left_wheel_meter.stl
-- Up-to-date symlink: /ros2_ws/install/lunabot_2425/share/lunabot_2425/stl/back_right_knuckle_meter.stl
-- Up-to-date symlink: /ros2_ws/install/lunabot_2425/share/lunabot_2425/stl/back_right_wheel_meter.stl
-- Up-to-date symlink: /ros2_ws/install/lunabot_2425/share/lunabot_2425/stl/bucket.stl
-- Up-to-date symlink: /ros2_ws/install/lunabot_2425/share/lunabot_2425/stl/bucket_meter.stl
-- Up-to-date symlink: /ros2_ws/install/lunabot_2425/share/lunabot_2425/stl/bucket_mo.stl
-- Up-to-date symlink: /ros2_ws/install/lunabot_2425/share/lunabot_2425/stl/chassis.stl
-- Up-to-date symlink: /ros2_ws/install/lunabot_2425/share/lunabot_2425/stl/front_left_knuckle_meter.stl
-- Up-to-date symlink: /ros2_ws/install/lunabot_2425/share/lunabot_2425/stl/front_left_wheel_meter.stl
-- Up-to-date symlink: /ros2_ws/install/lunabot_2425/share/lunabot_2425/stl/front_right_knuckle_meter.stl
-- Up-to-date symlink: /ros2_ws/install/lunabot_2425/share/lunabot_2425/stl/front_right_wheel_meter.stl
-- Up-to-date symlink: /ros2_ws/install/lunabot_2425/share/lunabot_2425/stl/knuckle_mo.stl
-- Up-to-date symlink: /ros2_ws/install/lunabot_2425/share/lunabot_2425/stl/left_rocker_meter.stl
-- Up-to-date symlink: /ros2_ws/install/lunabot_2425/share/lunabot_2425/stl/left_rocker_mo.stl
-- Up-to-date symlink: /ros2_ws/install/lunabot_2425/share/lunabot_2425/stl/right_rocker_meter.stl
-- Up-to-date symlink: /ros2_ws/install/lunabot_2425/share/lunabot_2425/stl/right_rocker_mo.stl
-- Up-to-date symlink: /ros2_ws/install/lunabot_2425/share/lunabot_2425/stl/rocker_left.stl
-- Up-to-date symlink: /ros2_ws/install/lunabot_2425/share/lunabot_2425/stl/rocker_left_meter.stl
-- Up-to-date symlink: /ros2_ws/install/lunabot_2425/share/lunabot_2425/stl/rocker_right.stl
-- Up-to-date symlink: /ros2_ws/install/lunabot_2425/share/lunabot_2425/stl/rocker_right_meter.stl
-- Up-to-date symlink: /ros2_ws/install/lunabot_2425/share/lunabot_2425/stl/rover.stl
-- Up-to-date symlink: /ros2_ws/install/lunabot_2425/share/lunabot_2425/stl/testing.txt
-- Up-to-date symlink: /ros2_ws/install/lunabot_2425/share/lunabot_2425/stl/wheel.stl
-- Up-to-date symlink: /ros2_ws/install/lunabot_2425/share/lunabot_2425/stl/wheel_mo.stl
-- Up-to-date symlink: /ros2_ws/install/lunabot_2425/share/lunabot_2425/stl/wheelpod.stl
-- Up-to-date symlink: /ros2_ws/install/lunabot_2425/share/lunabot_2425/worlds/arena_b.world
-- Up-to-date symlink: /ros2_ws/install/lunabot_2425/share/lunabot_2425/worlds/empty.world
-- Up-to-date symlink: /ros2_ws/install/lunabot_2425/share/ament_index/resource_index/package_run_dependencies/lunabot_2425
-- Up-to-date symlink: /ros2_ws/install/lunabot_2425/share/ament_index/resource_index/parent_prefix_path/lunabot_2425
-- Up-to-date symlink: /ros2_ws/install/lunabot_2425/share/lunabot_2425/environment/ament_prefix_path.sh
-- Up-to-date symlink: /ros2_ws/install/lunabot_2425/share/lunabot_2425/environment/ament_prefix_path.dsv
-- Up-to-date symlink: /ros2_ws/install/lunabot_2425/share/lunabot_2425/environment/path.sh
-- Up-to-date symlink: /ros2_ws/install/lunabot_2425/share/lunabot_2425/environment/path.dsv
-- Up-to-date symlink: /ros2_ws/install/lunabot_2425/share/lunabot_2425/local_setup.bash
-- Up-to-date symlink: /ros2_ws/install/lunabot_2425/share/lunabot_2425/local_setup.sh
-- Up-to-date symlink: /ros2_ws/install/lunabot_2425/share/lunabot_2425/local_setup.zsh
-- Up-to-date symlink: /ros2_ws/install/lunabot_2425/share/lunabot_2425/local_setup.dsv
-- Symlinking: /ros2_ws/install/lunabot_2425/share/lunabot_2425/package.dsv
-- Up-to-date symlink: /ros2_ws/install/lunabot_2425/share/ament_index/resource_index/packages/lunabot_2425
-- Up-to-date symlink: /ros2_ws/install/lunabot_2425/share/lunabot_2425/cmake/lunabot_2425Config.cmake
-- Up-to-date symlink: /ros2_ws/install/lunabot_2425/share/lunabot_2425/cmake/lunabot_2425Config-version.cmake
-- Up-to-date symlink: /ros2_ws/install/lunabot_2425/share/lunabot_2425/package.xml
