[0.031s] Invoking command in '/ros2_ws/build/lunabot_2425': CMAKE_PREFIX_PATH=${CMAKE_PREFIX_PATH}:/ros2_ws/install/twist_stamper:/ros2_ws/install/teleop_twist_keyboard:/opt/ros/jazzy /usr/bin/cmake --build /ros2_ws/build/lunabot_2425 -- -j4 -l4
[0.359s] Invoked command in '/ros2_ws/build/lunabot_2425' returned '0': CMAKE_PREFIX_PATH=${CMAKE_PREFIX_PATH}:/ros2_ws/install/twist_stamper:/ros2_ws/install/teleop_twist_keyboard:/opt/ros/jazzy /usr/bin/cmake --build /ros2_ws/build/lunabot_2425 -- -j4 -l4
[0.374s] Invoking command in '/ros2_ws/build/lunabot_2425': CMAKE_PREFIX_PATH=${CMAKE_PREFIX_PATH}:/ros2_ws/install/twist_stamper:/ros2_ws/install/teleop_twist_keyboard:/opt/ros/jazzy /usr/bin/cmake --install /ros2_ws/build/lunabot_2425
[0.403s] -- Install configuration: ""
[0.403s] -- Execute custom install script
[0.403s] -- Up-to-date symlink: /ros2_ws/install/lunabot_2425/share/lunabot_2425/config/gz_bridge.config.yaml
[0.404s] -- Up-to-date symlink: /ros2_ws/install/lunabot_2425/share/lunabot_2425/config/robot_controllers.yaml
[0.404s] -- Up-to-date symlink: /ros2_ws/install/lunabot_2425/share/lunabot_2425/description/camera.xacro
[0.404s] -- Up-to-date symlink: /ros2_ws/install/lunabot_2425/share/lunabot_2425/description/depth_camera.xacro
[0.404s] -- Up-to-date symlink: /ros2_ws/install/lunabot_2425/share/lunabot_2425/description/gz_control.xacro
[0.405s] -- Up-to-date symlink: /ros2_ws/install/lunabot_2425/share/lunabot_2425/description/robot.urdf.xacro
[0.405s] -- Up-to-date symlink: /ros2_ws/install/lunabot_2425/share/lunabot_2425/description/robot_core.xacro
[0.406s] -- Up-to-date symlink: /ros2_ws/install/lunabot_2425/share/lunabot_2425/description/ros2_control.xacro
[0.407s] -- Up-to-date symlink: /ros2_ws/install/lunabot_2425/share/lunabot_2425/launch/gz_bringup.launch.py
[0.407s] -- Up-to-date symlink: /ros2_ws/install/lunabot_2425/share/lunabot_2425/launch/rsp.launch.py
[0.408s] -- Up-to-date symlink: /ros2_ws/install/lunabot_2425/share/lunabot_2425/launch/rv_gz_bringup.launch.py
[0.409s] -- Up-to-date symlink: /ros2_ws/install/lunabot_2425/share/lunabot_2425/launch/simple.launch.py
[0.409s] -- Up-to-date symlink: /ros2_ws/install/lunabot_2425/share/lunabot_2425/launch/view.launch.py
[0.410s] -- Up-to-date symlink: /ros2_ws/install/lunabot_2425/share/lunabot_2425/stl/Arena_B.stl
[0.410s] -- Up-to-date symlink: /ros2_ws/install/lunabot_2425/share/lunabot_2425/stl/Rock_A.stl
[0.410s] -- Up-to-date symlink: /ros2_ws/install/lunabot_2425/share/lunabot_2425/stl/Rock_B.stl
[0.412s] -- Up-to-date symlink: /ros2_ws/install/lunabot_2425/share/lunabot_2425/stl/Rock_C.stl
[0.412s] -- Up-to-date symlink: /ros2_ws/install/lunabot_2425/share/lunabot_2425/stl/back_left_knuckle_meter.stl
[0.412s] -- Up-to-date symlink: /ros2_ws/install/lunabot_2425/share/lunabot_2425/stl/back_left_wheel_meter.stl
[0.413s] -- Up-to-date symlink: /ros2_ws/install/lunabot_2425/share/lunabot_2425/stl/back_right_knuckle_meter.stl
[0.413s] -- Up-to-date symlink: /ros2_ws/install/lunabot_2425/share/lunabot_2425/stl/back_right_wheel_meter.stl
[0.414s] -- Up-to-date symlink: /ros2_ws/install/lunabot_2425/share/lunabot_2425/stl/bucket.stl
[0.414s] -- Up-to-date symlink: /ros2_ws/install/lunabot_2425/share/lunabot_2425/stl/bucket_meter.stl
[0.415s] -- Up-to-date symlink: /ros2_ws/install/lunabot_2425/share/lunabot_2425/stl/bucket_mo.stl
[0.419s] -- Up-to-date symlink: /ros2_ws/install/lunabot_2425/share/lunabot_2425/stl/chassis.stl
[0.419s] -- Up-to-date symlink: /ros2_ws/install/lunabot_2425/share/lunabot_2425/stl/front_left_knuckle_meter.stl
[0.420s] -- Up-to-date symlink: /ros2_ws/install/lunabot_2425/share/lunabot_2425/stl/front_left_wheel_meter.stl
[0.421s] -- Up-to-date symlink: /ros2_ws/install/lunabot_2425/share/lunabot_2425/stl/front_right_knuckle_meter.stl
[0.421s] -- Up-to-date symlink: /ros2_ws/install/lunabot_2425/share/lunabot_2425/stl/front_right_wheel_meter.stl
[0.421s] -- Up-to-date symlink: /ros2_ws/install/lunabot_2425/share/lunabot_2425/stl/knuckle_mo.stl
[0.421s] -- Up-to-date symlink: /ros2_ws/install/lunabot_2425/share/lunabot_2425/stl/left_rocker_meter.stl
[0.422s] -- Up-to-date symlink: /ros2_ws/install/lunabot_2425/share/lunabot_2425/stl/left_rocker_mo.stl
[0.422s] -- Up-to-date symlink: /ros2_ws/install/lunabot_2425/share/lunabot_2425/stl/right_rocker_meter.stl
[0.422s] -- Up-to-date symlink: /ros2_ws/install/lunabot_2425/share/lunabot_2425/stl/right_rocker_mo.stl
[0.422s] -- Up-to-date symlink: /ros2_ws/install/lunabot_2425/share/lunabot_2425/stl/rocker_left.stl
[0.422s] -- Up-to-date symlink: /ros2_ws/install/lunabot_2425/share/lunabot_2425/stl/rocker_left_meter.stl
[0.422s] -- Up-to-date symlink: /ros2_ws/install/lunabot_2425/share/lunabot_2425/stl/rocker_right.stl
[0.423s] -- Up-to-date symlink: /ros2_ws/install/lunabot_2425/share/lunabot_2425/stl/rocker_right_meter.stl
[0.423s] -- Up-to-date symlink: /ros2_ws/install/lunabot_2425/share/lunabot_2425/stl/rover.stl
[0.423s] -- Up-to-date symlink: /ros2_ws/install/lunabot_2425/share/lunabot_2425/stl/testing.txt
[0.427s] -- Up-to-date symlink: /ros2_ws/install/lunabot_2425/share/lunabot_2425/stl/wheel.stl
[0.427s] -- Up-to-date symlink: /ros2_ws/install/lunabot_2425/share/lunabot_2425/stl/wheel_mo.stl
[0.427s] -- Up-to-date symlink: /ros2_ws/install/lunabot_2425/share/lunabot_2425/stl/wheelpod.stl
[0.428s] -- Up-to-date symlink: /ros2_ws/install/lunabot_2425/share/lunabot_2425/worlds/arena_b.world
[0.428s] -- Up-to-date symlink: /ros2_ws/install/lunabot_2425/share/lunabot_2425/worlds/empty.world
[0.428s] -- Up-to-date symlink: /ros2_ws/install/lunabot_2425/share/ament_index/resource_index/package_run_dependencies/lunabot_2425
[0.428s] -- Up-to-date symlink: /ros2_ws/install/lunabot_2425/share/ament_index/resource_index/parent_prefix_path/lunabot_2425
[0.428s] -- Up-to-date symlink: /ros2_ws/install/lunabot_2425/share/lunabot_2425/environment/ament_prefix_path.sh
[0.428s] -- Up-to-date symlink: /ros2_ws/install/lunabot_2425/share/lunabot_2425/environment/ament_prefix_path.dsv
[0.428s] -- Up-to-date symlink: /ros2_ws/install/lunabot_2425/share/lunabot_2425/environment/path.sh
[0.428s] -- Up-to-date symlink: /ros2_ws/install/lunabot_2425/share/lunabot_2425/environment/path.dsv
[0.429s] -- Up-to-date symlink: /ros2_ws/install/lunabot_2425/share/lunabot_2425/local_setup.bash
[0.429s] -- Up-to-date symlink: /ros2_ws/install/lunabot_2425/share/lunabot_2425/local_setup.sh
[0.429s] -- Up-to-date symlink: /ros2_ws/install/lunabot_2425/share/lunabot_2425/local_setup.zsh
[0.429s] -- Up-to-date symlink: /ros2_ws/install/lunabot_2425/share/lunabot_2425/local_setup.dsv
[0.429s] -- Symlinking: /ros2_ws/install/lunabot_2425/share/lunabot_2425/package.dsv
[0.436s] -- Up-to-date symlink: /ros2_ws/install/lunabot_2425/share/ament_index/resource_index/packages/lunabot_2425
[0.436s] -- Up-to-date symlink: /ros2_ws/install/lunabot_2425/share/lunabot_2425/cmake/lunabot_2425Config.cmake
[0.436s] -- Up-to-date symlink: /ros2_ws/install/lunabot_2425/share/lunabot_2425/cmake/lunabot_2425Config-version.cmake
[0.437s] -- Up-to-date symlink: /ros2_ws/install/lunabot_2425/share/lunabot_2425/package.xml
[0.440s] Invoked command in '/ros2_ws/build/lunabot_2425' returned '0': CMAKE_PREFIX_PATH=${CMAKE_PREFIX_PATH}:/ros2_ws/install/twist_stamper:/ros2_ws/install/teleop_twist_keyboard:/opt/ros/jazzy /usr/bin/cmake --install /ros2_ws/build/lunabot_2425
